[ 25%] [32m[1mLinking CXX executable i2c_manager_node[0m
[ 50%] [32mBuilding CXX object CMakeFiles/mcu_node.dir/src/mcu_node.cpp.o[0m
/usr/bin/ld: CMakeFiles/i2c_manager_node.dir/src/i2c_manager_node.cpp.o: in function `std::enable_if<rosidl_generator_traits::is_message<torsobot_interfaces::msg::Data_<std::allocator<void> > >::value, rosidl_message_type_support_t const&>::type rclcpp::get_message_type_support_handle<torsobot_interfaces::msg::Data_<std::allocator<void> > >()':
i2c_manager_node.cpp:(.text._ZN6rclcpp31get_message_type_support_handleIN19torsobot_interfaces3msg5Data_ISaIvEEEEENSt9enable_ifIXsrN23rosidl_generator_traits10is_messageIT_EE5valueERK29rosidl_message_type_support_tE4typeEv[_ZN6rclcpp31get_message_type_support_handleIN19torsobot_interfaces3msg5Data_ISaIvEEEEENSt9enable_ifIXsrN23rosidl_generator_traits10is_messageIT_EE5valueERK29rosidl_message_type_support_tE4typeEv]+0xc): undefined reference to `rosidl_message_type_support_t const* rosidl_typesupport_cpp::get_message_type_support_handle<torsobot_interfaces::msg::Data_<std::allocator<void> > >()'
collect2: error: ld returned 1 exit status
gmake[2]: *** [CMakeFiles/i2c_manager_node.dir/build.make:180: i2c_manager_node] Error 1
gmake[1]: *** [CMakeFiles/Makefile2:165: CMakeFiles/i2c_manager_node.dir/all] Error 2
gmake[1]: *** Waiting for unfinished jobs....
[01m[K/home/pi/torsobot/Code/Code/ros2_ws/src/torsobot/src/mcu_node.cpp:97:47:[m[K [01;31m[Kerror: [m[Kâ€˜[01m[KTorsobotData[m[Kâ€™ is not a member of â€˜[01m[Ktorsobot_interfaces::msg[m[Kâ€™
   97 |   rclcpp::Publisher<torsobot_interfaces::msg::[01;31m[KTorsobotData[m[K>::SharedPtr state_publisher_;
      |                                               [01;31m[K^~~~~~~~~~~~[m[K
[01m[K/home/pi/torsobot/Code/Code/ros2_ws/src/torsobot/src/mcu_node.cpp:97:59:[m[K [01;31m[Kerror: [m[Ktemplate argument 1 is invalid
   97 |   rclcpp::Publisher<torsobot_interfaces::msg::TorsobotData[01;31m[K>[m[K::SharedPtr state_publisher_;
      |                                                           [01;31m[K^[m[K
[01m[K/home/pi/torsobot/Code/Code/ros2_ws/src/torsobot/src/mcu_node.cpp:97:62:[m[K [01;31m[Kerror: [m[Kexpected â€˜[01m[K;[m[Kâ€™ at end of member declaration
   97 |  rclcpp::Publisher<torsobot_interfaces::msg::TorsobotData>::[01;31m[KSharedPtr[m[K state_publisher_;
      |                                                             [01;31m[K^~~~~~~~~[m[K
      |                                                                      [32m[K;[m[K
[01m[K/home/pi/torsobot/Code/Code/ros2_ws/src/torsobot/src/mcu_node.cpp:97:72:[m[K [01;31m[Kerror: [m[Kâ€˜[01m[Kstate_publisher_[m[Kâ€™ does not name a type
   97 | ublisher<torsobot_interfaces::msg::TorsobotData>::SharedPtr [01;31m[Kstate_publisher_[m[K;
      |                                                             [01;31m[K^~~~~~~~~~~~~~~~[m[K

[01m[K/home/pi/torsobot/Code/Code/ros2_ws/src/torsobot/src/mcu_node.cpp:[m[K In constructor â€˜[01m[KMCUNode::MCUNode()[m[Kâ€™:
[01m[K/home/pi/torsobot/Code/Code/ros2_ws/src/torsobot/src/mcu_node.cpp:62:5:[m[K [01;31m[Kerror: [m[Kâ€˜[01m[Kstate_publisher_[m[Kâ€™ was not declared in this scope; did you mean â€˜[01m[Kcreate_publisher[m[Kâ€™?
   62 |     [01;31m[Kstate_publisher_[m[K = this->create_publisher<torsobot_interfaces::msg::TorsobotData>("torsobot_state", 10);
      |     [01;31m[K^~~~~~~~~~~~~~~~[m[K
      |     [32m[Kcreate_publisher[m[K
[01m[K/home/pi/torsobot/Code/Code/ros2_ws/src/torsobot/src/mcu_node.cpp:62:73:[m[K [01;31m[Kerror: [m[Kâ€˜[01m[KTorsobotData[m[Kâ€™ is not a member of â€˜[01m[Ktorsobot_interfaces::msg[m[Kâ€™
   62 | blisher_ = this->create_publisher<torsobot_interfaces::msg::[01;31m[KTorsobotData[m[K>("torsobot_state", 10);
      |                                                             [01;31m[K^~~~~~~~~~~~[m[K

[01m[K/home/pi/torsobot/Code/Code/ros2_ws/src/torsobot/src/mcu_node.cpp:62:86:[m[K [01;31m[Kerror: [m[Kno matching function for call to â€˜[01m[KMCUNode::create_publisher<<expression error> >(const char [15], int)[m[Kâ€™
   62 | [01;31m[Kis->create_publisher<torsobot_interfaces::msg::TorsobotData>("torsobot_state", 10)[m[K;
      | [01;31m[K~~~~~~~~~~~~~~~~~~~~~~~~~~~~~~~~~~~~~~~~~~~~~~~~~~~~~~~~~~~~^~~~~~~~~~~~~~~~~~~~~~[m[K

In file included from [01m[K/home/pi/ros2_jazzy/install/rclcpp/include/rclcpp/rclcpp/executors/single_threaded_executor.hpp:28[m[K,
                 from [01m[K/home/pi/ros2_jazzy/install/rclcpp/include/rclcpp/rclcpp/executors.hpp:22[m[K,
                 from [01m[K/home/pi/ros2_jazzy/install/rclcpp/include/rclcpp/rclcpp/rclcpp.hpp:172[m[K,
                 from [01m[K/home/pi/torsobot/Code/Code/ros2_ws/src/torsobot/src/mcu_node.cpp:1[m[K:
[01m[K/home/pi/ros2_jazzy/install/rclcpp/include/rclcpp/rclcpp/node.hpp:197:3:[m[K [01;36m[Knote: [m[Kcandidate: â€˜[01m[Ktemplate<class MessageT, class AllocatorT, class PublisherT> std::shared_ptr<PublisherT> rclcpp::Node::create_publisher(const std::string&, const rclcpp::QoS&, const rclcpp::PublisherOptionsWithAllocator<AllocatorT>&)[m[Kâ€™
  197 |   [01;36m[Kcreate_publisher[m[K(
      |   [01;36m[K^~~~~~~~~~~~~~~~[m[K
[01m[K/home/pi/ros2_jazzy/install/rclcpp/include/rclcpp/rclcpp/node.hpp:197:3:[m[K [01;36m[Knote: [m[K  template argument deduction/substitution failed:
[01m[K/home/pi/torsobot/Code/Code/ros2_ws/src/torsobot/src/mcu_node.cpp:62:86:[m[K [01;31m[Kerror: [m[Ktemplate argument 1 is invalid
   62 | [01;31m[Kis->create_publisher<torsobot_interfaces::msg::TorsobotData>("torsobot_state", 10)[m[K;
      | [01;31m[K~~~~~~~~~~~~~~~~~~~~~~~~~~~~~~~~~~~~~~~~~~~~~~~~~~~~~~~~~~~~^~~~~~~~~~~~~~~~~~~~~~[m[K

[01m[K/home/pi/torsobot/Code/Code/ros2_ws/src/torsobot/src/mcu_node.cpp:[m[K In member function â€˜[01m[Kvoid MCUNode::data_callback()[m[Kâ€™:
[01m[K/home/pi/torsobot/Code/Code/ros2_ws/src/torsobot/src/mcu_node.cpp:135:48:[m[K [01;31m[Kerror: [m[Kâ€˜[01m[KTorsobotData[m[Kâ€™ is not a member of â€˜[01m[Ktorsobot_interfaces::msg[m[Kâ€™
  135 |       auto message = torsobot_interfaces::msg::[01;31m[KTorsobotData[m[K();
      |                                                [01;31m[K^~~~~~~~~~~~[m[K
[01m[K/home/pi/torsobot/Code/Code/ros2_ws/src/torsobot/src/mcu_node.cpp:148:13:[m[K [01;31m[Kerror: [m[Kâ€˜[01m[Kclass MCUNode[m[Kâ€™ has no member named â€˜[01m[Kstate_publisher_[m[Kâ€™; did you mean â€˜[01m[Kcreate_publisher[m[Kâ€™?
  148 |       this->[01;31m[Kstate_publisher_[m[K->publish(message);
      |             [01;31m[K^~~~~~~~~~~~~~~~[m[K
      |             [32m[Kcreate_publisher[m[K
gmake[2]: *** [CMakeFiles/mcu_node.dir/build.make:76: CMakeFiles/mcu_node.dir/src/mcu_node.cpp.o] Error 1
gmake[1]: *** [CMakeFiles/Makefile2:139: CMakeFiles/mcu_node.dir/all] Error 2
gmake: *** [Makefile:146: all] Error 2
