[ 50%] Built target mcu_node
[ 75%] [32mBuilding CXX object CMakeFiles/data_logger_node.dir/src/data_logger_node.cpp.o[0m
[01m[K/home/pi/torsobot/Code/Code/ros2_ws/src/torsobot/src/data_logger_node.cpp:43:8:[m[K [01;31m[Kerror: [m[Kextra qualification â€˜[01m[KDataLoggerNode::[m[Kâ€™ on member â€˜[01m[KdataCallback[m[Kâ€™ [[01;31m[K]8;;https://gcc.gnu.org/onlinedocs/gcc/Warning-Options.html#index-fpermissive-fpermissive]8;;[m[K]
   43 |   void [01;31m[KDataLoggerNode[m[K::dataCallback(void)
      |        [01;31m[K^~~~~~~~~~~~~~[m[K
[01m[K/home/pi/torsobot/Code/Code/ros2_ws/src/torsobot/src/data_logger_node.cpp:[m[K In constructor â€˜[01m[KDataLoggerNode::DataLoggerNode()[m[Kâ€™:
[01m[K/home/pi/torsobot/Code/Code/ros2_ws/src/torsobot/src/data_logger_node.cpp:35:9:[m[K [01;31m[Kerror: [m[Kinvalid use of non-static member function â€˜[01m[Kvoid DataLoggerNode::dataCallback()[m[Kâ€™
   35 |         [01;31m[KdataCallback[m[K);
      |         [01;31m[K^~~~~~~~~~~~[m[K
[01m[K/home/pi/torsobot/Code/Code/ros2_ws/src/torsobot/src/data_logger_node.cpp:43:8:[m[K [01;36m[Knote: [m[Kdeclared here
   43 |   void [01;36m[KDataLoggerNode[m[K::dataCallback(void)
      |        [01;36m[K^~~~~~~~~~~~~~[m[K
gmake[2]: *** [CMakeFiles/data_logger_node.dir/build.make:76: CMakeFiles/data_logger_node.dir/src/data_logger_node.cpp.o] Error 1
gmake[1]: *** [CMakeFiles/Makefile2:165: CMakeFiles/data_logger_node.dir/all] Error 2
gmake: *** [Makefile:146: all] Error 2
