[01m[K/home/pi/torsobot/Code/Code/ros2_ws/src/torsobot/src/data_logger_node.cpp:[m[K In member function â€˜[01m[Kvoid DataLoggerNode::handleResponse(rclcpp::Client<torsobot_interfaces::srv::RequestControlParams>::SharedFuture)[m[Kâ€™:
[01m[K/home/pi/torsobot/Code/Code/ros2_ws/src/torsobot/src/data_logger_node.cpp:181:7:[m[K [01;31m[Kerror: [m[Kâ€˜[01m[Kjson[m[Kâ€™ was not declared in this scope; did you mean â€˜[01m[Knlohmann::json_abi_v3_12_0::json[m[Kâ€™?
  181 |       [01;31m[Kjson[m[K metadata;
      |       [01;31m[K^~~~[m[K
      |       [32m[Knlohmann::json_abi_v3_12_0::json[m[K
In file included from [01m[K/home/pi/torsobot/Code/Code/ros2_ws/src/torsobot/src/data_logger_node.cpp:10[m[K:
[01m[K/home/pi/torsobot/Code/Code/ros2_ws/src/torsobot/include/json.hpp:3554:11:[m[K [01;36m[Knote: [m[Kâ€˜[01m[Knlohmann::json_abi_v3_12_0::json[m[Kâ€™ declared here
 3554 |     using [01;36m[Kjson[m[K = basic_json<>;
      |           [01;36m[K^~~~[m[K
[01m[K/home/pi/torsobot/Code/Code/ros2_ws/src/torsobot/src/data_logger_node.cpp:183:7:[m[K [01;31m[Kerror: [m[Kâ€˜[01m[Kmetadata[m[Kâ€™ was not declared in this scope
  183 |       [01;31m[Kmetadata[m[K["desired_torso_pitch"] = response->desired_torso_pitch;
      |       [01;31m[K^~~~~~~~[m[K
gmake[2]: *** [CMakeFiles/data_logger_node.dir/build.make:76: CMakeFiles/data_logger_node.dir/src/data_logger_node.cpp.o] Error 1
gmake[1]: *** [CMakeFiles/Makefile2:165: CMakeFiles/data_logger_node.dir/all] Error 2
gmake: *** [Makefile:146: all] Error 2
