-- Found ament_cmake: 2.5.2 (/home/pi/ros2_jazzy/install/ament_cmake/share/ament_cmake/cmake)
-- Found rclcpp: 28.1.3 (/home/pi/ros2_jazzy/install/rclcpp/share/rclcpp/cmake)
-- Found rosidl_generator_c: 4.6.3 (/home/pi/ros2_jazzy/install/rosidl_generator_c/share/rosidl_generator_c/cmake)
-- Found rosidl_generator_cpp: 4.6.3 (/home/pi/ros2_jazzy/install/rosidl_generator_cpp/share/rosidl_generator_cpp/cmake)
-- Using all available rosidl_typesupport_c: rosidl_typesupport_introspection_c;rosidl_typesupport_fastrtps_c
-- Using all available rosidl_typesupport_cpp: rosidl_typesupport_introspection_cpp;rosidl_typesupport_fastrtps_cpp
-- Found rmw_implementation_cmake: 7.3.1 (/home/pi/ros2_jazzy/install/rmw_implementation_cmake/share/rmw_implementation_cmake/cmake)
-- Found rmw_fastrtps_cpp: 8.4.1 (/home/pi/ros2_jazzy/install/rmw_fastrtps_cpp/share/rmw_fastrtps_cpp/cmake)
-- Using RMW implementation 'rmw_fastrtps_cpp' as default
-- Found std_msgs: 5.3.5 (/home/pi/ros2_jazzy/install/std_msgs/share/std_msgs/cmake)
-- Found torsobot_interfaces: 0.0.0 (/home/pi/torsobot/Code/Code/ros2_ws/install/torsobot_interfaces/share/torsobot_interfaces/cmake)
-- Found ament_lint_auto: 0.17.1 (/home/pi/ros2_jazzy/install/ament_lint_auto/share/ament_lint_auto/cmake)
-- Added test 'cppcheck' to perform static code analysis on C / C++ code
-- Configured cppcheck include dirs: $<BUILD_INTERFACE:/home/pi/torsobot/Code/Code/ros2_ws/src/torsobot/include>
-- Configured cppcheck exclude dirs and/or files: 
-- Added test 'flake8' to check Python code syntax and style conventions
-- Configured 'flake8' exclude dirs and/or files: 
-- Added test 'lint_cmake' to check CMake code style
-- Added test 'pep257' to check Python code against some of the docstring style conventions in PEP 257
-- Added test 'uncrustify' to check C / C++ code style
-- Configured uncrustify additional arguments: 
-- Added test 'xmllint' to check XML markup files
-- Configuring done
-- Generating done
-- Build files have been written to: /home/pi/torsobot/Code/Code/ros2_ws/build/torsobot
[ 50%] Built target mcu_node
[ 75%] [32mBuilding CXX object CMakeFiles/data_logger_node.dir/src/data_logger_node.cpp.o[0m
[01m[K/home/pi/torsobot/Code/Code/ros2_ws/src/torsobot/src/data_logger_node.cpp:[m[K In member function â€˜[01m[Kvoid DataLoggerNode::handleResponse(rclcpp::Client<torsobot_interfaces::srv::RequestControlParams>::SharedFuture)[m[Kâ€™:
[01m[K/home/pi/torsobot/Code/Code/ros2_ws/src/torsobot/src/data_logger_node.cpp:181:7:[m[K [01;31m[Kerror: [m[Kâ€˜[01m[Kjson[m[Kâ€™ was not declared in this scope; did you mean â€˜[01m[Knlohmann::json_abi_v3_12_0::json[m[Kâ€™?
  181 |       [01;31m[Kjson[m[K metadata;
      |       [01;31m[K^~~~[m[K
      |       [32m[Knlohmann::json_abi_v3_12_0::json[m[K
In file included from [01m[K/home/pi/torsobot/Code/Code/ros2_ws/src/torsobot/src/data_logger_node.cpp:10[m[K:
[01m[K/home/pi/torsobot/Code/Code/ros2_ws/src/torsobot/include/json.hpp:3554:11:[m[K [01;36m[Knote: [m[Kâ€˜[01m[Knlohmann::json_abi_v3_12_0::json[m[Kâ€™ declared here
 3554 |     using [01;36m[Kjson[m[K = basic_json<>;
      |           [01;36m[K^~~~[m[K
[01m[K/home/pi/torsobot/Code/Code/ros2_ws/src/torsobot/src/data_logger_node.cpp:183:7:[m[K [01;31m[Kerror: [m[Kâ€˜[01m[Kmetadata[m[Kâ€™ was not declared in this scope
  183 |       [01;31m[Kmetadata[m[K["desired_torso_pitch"] = response->desired_torso_pitch;
      |       [01;31m[K^~~~~~~~[m[K
gmake[2]: *** [CMakeFiles/data_logger_node.dir/build.make:76: CMakeFiles/data_logger_node.dir/src/data_logger_node.cpp.o] Error 1
gmake[1]: *** [CMakeFiles/Makefile2:165: CMakeFiles/data_logger_node.dir/all] Error 2
gmake: *** [Makefile:146: all] Error 2
