[01m[K/home/pi/torsobot/Code/Code/ros2_ws/src/torsobot/src/data_logger_node.cpp:122:39:[m[K [01;31m[Kerror: [m[Kâ€˜[01m[Ksrv[m[Kâ€™ is not a member of â€˜[01m[Ktorsobot_interfaces[m[Kâ€™; did you mean â€˜[01m[Krcl_interfaces::srv[m[Kâ€™?
  122 |   rclcpp::Client<torsobot_interfaces::[01;31m[Ksrv[m[K::RequestControlParams>::SharedPtr service_client_;
      |                                       [01;31m[K^~~[m[K
In file included from [01m[K/home/pi/ros2_jazzy/build/rcl_interfaces/rosidl_generator_cpp/rcl_interfaces/srv/list_parameters.hpp:7[m[K,
                 from [01m[K/home/pi/ros2_jazzy/install/rclcpp/include/rclcpp/rclcpp/copy_all_parameter_values.hpp:21[m[K,
                 from [01m[K/home/pi/ros2_jazzy/install/rclcpp/include/rclcpp/rclcpp/rclcpp.hpp:171[m[K,
                 from [01m[K/home/pi/torsobot/Code/Code/ros2_ws/src/torsobot/src/data_logger_node.cpp:3[m[K:
[01m[K/home/pi/ros2_jazzy/build/rcl_interfaces/rosidl_generator_cpp/rcl_interfaces/srv/detail/list_parameters__struct.hpp:30:11:[m[K [01;36m[Knote: [m[Kâ€˜[01m[Krcl_interfaces::srv[m[Kâ€™ declared here
   30 | namespace [01;36m[Ksrv[m[K
      |           [01;36m[K^~~[m[K
[01m[K/home/pi/torsobot/Code/Code/ros2_ws/src/torsobot/src/data_logger_node.cpp:122:64:[m[K [01;31m[Kerror: [m[Ktemplate argument 1 is invalid
  122 |   rclcpp::Client<torsobot_interfaces::srv::RequestControlParams[01;31m[K>[m[K::SharedPtr service_client_;
      |                                                                [01;31m[K^[m[K
[01m[K/home/pi/torsobot/Code/Code/ros2_ws/src/torsobot/src/data_logger_node.cpp:122:67:[m[K [01;31m[Kerror: [m[Kexpected â€˜[01m[K;[m[Kâ€™ at end of member declaration
  122 |   rclcpp::Client<torsobot_interfaces::srv::RequestControlParams>::[01;31m[KSharedPtr[m[K service_client_;
      |                                                                   [01;31m[K^~~~~~~~~[m[K
      |                                                                            [32m[K;[m[K
[01m[K/home/pi/torsobot/Code/Code/ros2_ws/src/torsobot/src/data_logger_node.cpp:122:77:[m[K [01;31m[Kerror: [m[Kâ€˜[01m[Kservice_client_[m[Kâ€™ does not name a type
  122 |   rclcpp::Client<torsobot_interfaces::srv::RequestControlParams>::SharedPtr [01;31m[Kservice_client_[m[K;
      |                                                                             [01;31m[K^~~~~~~~~~~~~~~[m[K
[01m[K/home/pi/torsobot/Code/Code/ros2_ws/src/torsobot/src/mcu_node.cpp:[m[K In constructor â€˜[01m[KMCUNode::MCUNode()[m[Kâ€™:
[01m[K/home/pi/torsobot/Code/Code/ros2_ws/src/torsobot/src/mcu_node.cpp:116:9:[m[K [01;35m[Kwarning: [m[Kunused variable â€˜[01m[Kget_sensor_val_desired_torso_pitch[m[Kâ€™ [[01;35m[K]8;;https://gcc.gnu.org/onlinedocs/gcc/Warning-Options.html#index-Wunused-variable-Wunused-variable]8;;[m[K]
  116 |     int [01;35m[Kget_sensor_val_desired_torso_pitch[m[K = getSensorValue(DESIRED_TORSO_PITCH_CMD, &desired_torso_pitch);
      |         [01;35m[K^~~~~~~~~~~~~~~~~~~~~~~~~~~~~~~~~~[m[K
[01m[K/home/pi/torsobot/Code/Code/ros2_ws/src/torsobot/src/mcu_node.cpp:119:9:[m[K [01;35m[Kwarning: [m[Kunused variable â€˜[01m[Kget_sensor_val_mot_max_torque[m[Kâ€™ [[01;35m[K]8;;https://gcc.gnu.org/onlinedocs/gcc/Warning-Options.html#index-Wunused-variable-Wunused-variable]8;;[m[K]
  119 |     int [01;35m[Kget_sensor_val_mot_max_torque[m[K = getSensorValue(MOTOR_MAX_TORQUE_CMD, &mot_max_torque);
      |         [01;35m[K^~~~~~~~~~~~~~~~~~~~~~~~~~~~~[m[K
[01m[K/home/pi/torsobot/Code/Code/ros2_ws/src/torsobot/src/mcu_node.cpp:122:9:[m[K [01;35m[Kwarning: [m[Kunused variable â€˜[01m[Kget_sensor_val_kp[m[Kâ€™ [[01;35m[K]8;;https://gcc.gnu.org/onlinedocs/gcc/Warning-Options.html#index-Wunused-variable-Wunused-variable]8;;[m[K]
  122 |     int [01;35m[Kget_sensor_val_kp[m[K = getSensorValue(KP_CMD, &kp);
      |         [01;35m[K^~~~~~~~~~~~~~~~~[m[K
[01m[K/home/pi/torsobot/Code/Code/ros2_ws/src/torsobot/src/mcu_node.cpp:123:9:[m[K [01;35m[Kwarning: [m[Kunused variable â€˜[01m[Kget_sensor_val_ki[m[Kâ€™ [[01;35m[K]8;;https://gcc.gnu.org/onlinedocs/gcc/Warning-Options.html#index-Wunused-variable-Wunused-variable]8;;[m[K]
  123 |     int [01;35m[Kget_sensor_val_ki[m[K = getSensorValue(KI_CMD, &ki);
      |         [01;35m[K^~~~~~~~~~~~~~~~~[m[K
[01m[K/home/pi/torsobot/Code/Code/ros2_ws/src/torsobot/src/mcu_node.cpp:124:9:[m[K [01;35m[Kwarning: [m[Kunused variable â€˜[01m[Kget_sensor_val_kd[m[Kâ€™ [[01;35m[K]8;;https://gcc.gnu.org/onlinedocs/gcc/Warning-Options.html#index-Wunused-variable-Wunused-variable]8;;[m[K]
  124 |     int [01;35m[Kget_sensor_val_kd[m[K = getSensorValue(KD_CMD, &kd);
      |         [01;35m[K^~~~~~~~~~~~~~~~~[m[K
[01m[K/home/pi/torsobot/Code/Code/ros2_ws/src/torsobot/src/data_logger_node.cpp:145:59:[m[K [01;31m[Kerror: [m[Kâ€˜[01m[Ksrv[m[Kâ€™ is not a member of â€˜[01m[Ktorsobot_interfaces[m[Kâ€™; did you mean â€˜[01m[Krcl_interfaces::srv[m[Kâ€™?
  145 |   void handleResponse(rclcpp::Client<torsobot_interfaces::[01;31m[Ksrv[m[K::RequestControlParams>::SharedFuture future)
      |                                                           [01;31m[K^~~[m[K
[01m[K/home/pi/ros2_jazzy/build/rcl_interfaces/rosidl_generator_cpp/rcl_interfaces/srv/detail/list_parameters__struct.hpp:30:11:[m[K [01;36m[Knote: [m[Kâ€˜[01m[Krcl_interfaces::srv[m[Kâ€™ declared here
   30 | namespace [01;36m[Ksrv[m[K
      |           [01;36m[K^~~[m[K
[01m[K/home/pi/torsobot/Code/Code/ros2_ws/src/torsobot/src/data_logger_node.cpp:145:84:[m[K [01;31m[Kerror: [m[Ktemplate argument 1 is invalid
  145 |   void handleResponse(rclcpp::Client<torsobot_interfaces::srv::RequestControlParams[01;31m[K>[m[K::SharedFuture future)
      |                                                                                    [01;31m[K^[m[K
[01m[K/home/pi/torsobot/Code/Code/ros2_ws/src/torsobot/src/data_logger_node.cpp:145:59:[m[K [01;31m[Kerror: [m[Kâ€˜[01m[Ksrv[m[Kâ€™ is not a member of â€˜[01m[Ktorsobot_interfaces[m[Kâ€™; did you mean â€˜[01m[Krcl_interfaces::srv[m[Kâ€™?
  145 |   void handleResponse(rclcpp::Client<torsobot_interfaces::[01;31m[Ksrv[m[K::RequestControlParams>::SharedFuture future)
      |                                                           [01;31m[K^~~[m[K
[01m[K/home/pi/ros2_jazzy/build/rcl_interfaces/rosidl_generator_cpp/rcl_interfaces/srv/detail/list_parameters__struct.hpp:30:11:[m[K [01;36m[Knote: [m[Kâ€˜[01m[Krcl_interfaces::srv[m[Kâ€™ declared here
   30 | namespace [01;36m[Ksrv[m[K
      |           [01;36m[K^~~[m[K
[01m[K/home/pi/torsobot/Code/Code/ros2_ws/src/torsobot/src/data_logger_node.cpp:145:84:[m[K [01;31m[Kerror: [m[Ktemplate argument 1 is invalid
  145 |   void handleResponse(rclcpp::Client<torsobot_interfaces::srv::RequestControlParams[01;31m[K>[m[K::SharedFuture future)
      |                                                                                    [01;31m[K^[m[K
[01m[K/home/pi/torsobot/Code/Code/ros2_ws/src/torsobot/src/data_logger_node.cpp:145:59:[m[K [01;31m[Kerror: [m[Kâ€˜[01m[Ksrv[m[Kâ€™ is not a member of â€˜[01m[Ktorsobot_interfaces[m[Kâ€™; did you mean â€˜[01m[Krcl_interfaces::srv[m[Kâ€™?
  145 |   void handleResponse(rclcpp::Client<torsobot_interfaces::[01;31m[Ksrv[m[K::RequestControlParams>::SharedFuture future)
      |                                                           [01;31m[K^~~[m[K
[01m[K/home/pi/ros2_jazzy/build/rcl_interfaces/rosidl_generator_cpp/rcl_interfaces/srv/detail/list_parameters__struct.hpp:30:11:[m[K [01;36m[Knote: [m[Kâ€˜[01m[Krcl_interfaces::srv[m[Kâ€™ declared here
   30 | namespace [01;36m[Ksrv[m[K
      |           [01;36m[K^~~[m[K
[01m[K/home/pi/torsobot/Code/Code/ros2_ws/src/torsobot/src/data_logger_node.cpp:145:84:[m[K [01;31m[Kerror: [m[Ktemplate argument 1 is invalid
  145 |   void handleResponse(rclcpp::Client<torsobot_interfaces::srv::RequestControlParams[01;31m[K>[m[K::SharedFuture future)
      |                                                                                    [01;31m[K^[m[K
[01m[K/home/pi/torsobot/Code/Code/ros2_ws/src/torsobot/src/data_logger_node.cpp:145:23:[m[K [01;31m[Kerror: [m[Kinvalid template-id
  145 |   void handleResponse([01;31m[Krclcpp[m[K::Client<torsobot_interfaces::srv::RequestControlParams>::SharedFuture future)
      |                       [01;31m[K^~~~~~[m[K
[01m[K/home/pi/torsobot/Code/Code/ros2_ws/src/torsobot/src/data_logger_node.cpp:145:59:[m[K [01;31m[Kerror: [m[Kâ€˜[01m[Ktorsobot_interfaces::srv[m[Kâ€™ has not been declared
  145 |   void handleResponse(rclcpp::Client<torsobot_interfaces::[01;31m[Ksrv[m[K::RequestControlParams>::SharedFuture future)
      |                                                           [01;31m[K^~~[m[K
[01m[K/home/pi/torsobot/Code/Code/ros2_ws/src/torsobot/src/data_logger_node.cpp:145:100:[m[K [01;31m[Kerror: [m[Kexpected unqualified-id before â€˜[01m[Kfuture[m[Kâ€™
  145 |   void handleResponse(rclcpp::Client<torsobot_interfaces::srv::RequestControlParams>::SharedFuture [01;31m[Kfuture[m[K)
      |                                                                                                    [01;31m[K^~~~~~[m[K
[01m[K/home/pi/torsobot/Code/Code/ros2_ws/src/torsobot/src/data_logger_node.cpp:145:99:[m[K [01;31m[Kerror: [m[Kexpected â€˜[01m[K)[m[Kâ€™ before â€˜[01m[Kfuture[m[Kâ€™
  145 |   void handleResponse[34m[K([m[Krclcpp::Client<torsobot_interfaces::srv::RequestControlParams>::SharedFuture[01;31m[K [m[K[32m[Kfuture[m[K)
      |                      [34m[K~[m[K                                                                            [01;31m[K^[m[K[32m[K~~~~~~[m[K
      |                                                                                                   [32m[K)[m[K
[01m[K/home/pi/torsobot/Code/Code/ros2_ws/src/torsobot/src/data_logger_node.cpp:145:87:[m[K [01;31m[Kerror: [m[Kexpected â€˜[01m[K;[m[Kâ€™ at end of member declaration
  145 |   void handleResponse(rclcpp::Client<torsobot_interfaces::srv::RequestControlParams>::[01;31m[KSharedFuture[m[K future)
      |                                                                                       [01;31m[K^~~~~~~~~~~~[m[K
      |                                                                                                   [32m[K;[m[K
[01m[K/home/pi/torsobot/Code/Code/ros2_ws/src/torsobot/src/data_logger_node.cpp:145:100:[m[K [01;31m[Kerror: [m[Kâ€˜[01m[Kfuture[m[Kâ€™ does not name a type
  145 |   void handleResponse(rclcpp::Client<torsobot_interfaces::srv::RequestControlParams>::SharedFuture [01;31m[Kfuture[m[K)
      |                                                                                                    [01;31m[K^~~~~~[m[K
[01m[K/home/pi/torsobot/Code/Code/ros2_ws/src/torsobot/src/data_logger_node.cpp:[m[K In constructor â€˜[01m[KDataLoggerNode::DataLoggerNode()[m[Kâ€™:
[01m[K/home/pi/torsobot/Code/Code/ros2_ws/src/torsobot/src/data_logger_node.cpp:94:5:[m[K [01;31m[Kerror: [m[Kâ€˜[01m[Kservice_client_[m[Kâ€™ was not declared in this scope
   94 |     [01;31m[Kservice_client_[m[K = this->create_client<torsobot_interfaces::srv::RequestControlParams>("control_params");
      |     [01;31m[K^~~~~~~~~~~~~~~[m[K
[01m[K/home/pi/torsobot/Code/Code/ros2_ws/src/torsobot/src/data_logger_node.cpp:94:64:[m[K [01;31m[Kerror: [m[Kâ€˜[01m[Ksrv[m[Kâ€™ is not a member of â€˜[01m[Ktorsobot_interfaces[m[Kâ€™; did you mean â€˜[01m[Krcl_interfaces::srv[m[Kâ€™?
   94 |     service_client_ = this->create_client<torsobot_interfaces::[01;31m[Ksrv[m[K::RequestControlParams>("control_params");
      |                                                                [01;31m[K^~~[m[K
[01m[K/home/pi/ros2_jazzy/build/rcl_interfaces/rosidl_generator_cpp/rcl_interfaces/srv/detail/list_parameters__struct.hpp:30:11:[m[K [01;36m[Knote: [m[Kâ€˜[01m[Krcl_interfaces::srv[m[Kâ€™ declared here
   30 | namespace [01;36m[Ksrv[m[K
      |           [01;36m[K^~~[m[K
[01m[K/home/pi/torsobot/Code/Code/ros2_ws/src/torsobot/src/data_logger_node.cpp:94:29:[m[K [01;31m[Kerror: [m[Kparse error in template argument list
   94 |     service_client_ = this->[01;31m[Kcreate_client<torsobot_interfaces::srv::RequestControlParams>[m[K("control_params");
      |                             [01;31m[K^~~~~~~~~~~~~~~~~~~~~~~~~~~~~~~~~~~~~~~~~~~~~~~~~~~~~~~~~~~~~[m[K
[01m[K/home/pi/torsobot/Code/Code/ros2_ws/src/torsobot/src/data_logger_node.cpp:94:90:[m[K [01;31m[Kerror: [m[Kno matching function for call to â€˜[01m[KDataLoggerNode::create_client<<expression error> >(const char [15])[m[Kâ€™
   94 |     service_client_ = [01;31m[Kthis->create_client<torsobot_interfaces::srv::RequestControlParams>("control_params")[m[K;
      |                       [01;31m[K~~~~~~~~~~~~~~~~~~~~~~~~~~~~~~~~~~~~~~~~~~~~~~~~~~~~~~~~~~~~~~~~~~~^~~~~~~~~~~~~~~~~~[m[K
In file included from [01m[K/home/pi/ros2_jazzy/install/rclcpp/include/rclcpp/rclcpp/executors/single_threaded_executor.hpp:28[m[K,
                 from [01m[K/home/pi/ros2_jazzy/install/rclcpp/include/rclcpp/rclcpp/executors.hpp:22[m[K,
                 from [01m[K/home/pi/ros2_jazzy/install/rclcpp/include/rclcpp/rclcpp/rclcpp.hpp:172[m[K:
[01m[K/home/pi/ros2_jazzy/install/rclcpp/include/rclcpp/rclcpp/node.hpp:271:3:[m[K [01;36m[Knote: [m[Kcandidate: â€˜[01m[Ktemplate<class ServiceT> typename rclcpp::Client<ServiceT>::SharedPtr rclcpp::Node::create_client(const std::string&, const rmw_qos_profile_t&, rclcpp::CallbackGroup::SharedPtr)[m[Kâ€™
  271 |   [01;36m[Kcreate_client[m[K(
      |   [01;36m[K^~~~~~~~~~~~~[m[K
[01m[K/home/pi/ros2_jazzy/install/rclcpp/include/rclcpp/rclcpp/node.hpp:271:3:[m[K [01;36m[Knote: [m[K  candidate expects 2 arguments, 1 provided
[01m[K/home/pi/ros2_jazzy/install/rclcpp/include/rclcpp/rclcpp/node.hpp:285:3:[m[K [01;36m[Knote: [m[Kcandidate: â€˜[01m[Ktemplate<class ServiceT> typename rclcpp::Client<ServiceT>::SharedPtr rclcpp::Node::create_client(const std::string&, const rclcpp::QoS&, rclcpp::CallbackGroup::SharedPtr)[m[Kâ€™
  285 |   [01;36m[Kcreate_client[m[K(
      |   [01;36m[K^~~~~~~~~~~~~[m[K
[01m[K/home/pi/ros2_jazzy/install/rclcpp/include/rclcpp/rclcpp/node.hpp:285:3:[m[K [01;36m[Knote: [m[K  template argument deduction/substitution failed:
[01m[K/home/pi/torsobot/Code/Code/ros2_ws/src/torsobot/src/data_logger_node.cpp:94:90:[m[K [01;31m[Kerror: [m[Ktemplate argument 1 is invalid
   94 |     service_client_ = [01;31m[Kthis->create_client<torsobot_interfaces::srv::RequestControlParams>("control_params")[m[K;
      |                       [01;31m[K~~~~~~~~~~~~~~~~~~~~~~~~~~~~~~~~~~~~~~~~~~~~~~~~~~~~~~~~~~~~~~~~~~~^~~~~~~~~~~~~~~~~~[m[K
[01m[K/home/pi/torsobot/Code/Code/ros2_ws/src/torsobot/src/data_logger_node.cpp:100:44:[m[K [01;31m[Kerror: [m[Kunable to find numeric literal operator â€˜[01m[Koperator""s[m[Kâ€™
  100 |     if (!service_client_->wait_for_service([01;31m[K1s[m[K))
      |                                            [01;31m[K^~[m[K
[01m[K/home/pi/torsobot/Code/Code/ros2_ws/src/torsobot/src/data_logger_node.cpp:113:58:[m[K [01;31m[Kerror: [m[Kâ€˜[01m[Ksrv[m[Kâ€™ is not a member of â€˜[01m[Ktorsobot_interfaces[m[Kâ€™; did you mean â€˜[01m[Krcl_interfaces::srv[m[Kâ€™?
  113 |     auto request = std::make_shared<torsobot_interfaces::[01;31m[Ksrv[m[K::RequestControlParams::Request>();
      |                                                          [01;31m[K^~~[m[K
[01m[K/home/pi/ros2_jazzy/build/rcl_interfaces/rosidl_generator_cpp/rcl_interfaces/srv/detail/list_parameters__struct.hpp:30:11:[m[K [01;36m[Knote: [m[Kâ€˜[01m[Krcl_interfaces::srv[m[Kâ€™ declared here
   30 | namespace [01;36m[Ksrv[m[K
      |           [01;36m[K^~~[m[K
[01m[K/home/pi/torsobot/Code/Code/ros2_ws/src/torsobot/src/data_logger_node.cpp:113:25:[m[K [01;31m[Kerror: [m[Kparse error in template argument list
  113 |     auto request = std::[01;31m[Kmake_shared<torsobot_interfaces::srv::RequestControlParams::Request>[m[K();
      |                         [01;31m[K^~~~~~~~~~~~~~~~~~~~~~~~~~~~~~~~~~~~~~~~~~~~~~~~~~~~~~~~~~~~~~~~~~~~[m[K
[01m[K/home/pi/torsobot/Code/Code/ros2_ws/src/torsobot/src/data_logger_node.cpp:113:93:[m[K [01;31m[Kerror: [m[Kno matching function for call to â€˜[01m[Kmake_shared<<expression error> >()[m[Kâ€™
  113 |     auto request = [01;31m[Kstd::make_shared<torsobot_interfaces::srv::RequestControlParams::Request>()[m[K;
      |                    [01;31m[K~~~~~~~~~~~~~~~~~~~~~~~~~~~~~~~~~~~~~~~~~~~~~~~~~~~~~~~~~~~~~~~~~~~~~~~~~^~[m[K
In file included from [01m[K/usr/include/c++/12/memory:77[m[K,
                 from [01m[K/home/pi/ros2_jazzy/install/rclcpp/include/rclcpp/rclcpp/rclcpp.hpp:169[m[K:
[01m[K/usr/include/c++/12/bits/shared_ptr.h:1005:5:[m[K [01;36m[Knote: [m[Kcandidate: â€˜[01m[Ktemplate<class _Tp, class ... _Args> std::shared_ptr<typename std::enable_if<(! std::is_array< <template-parameter-1-1> >::value), _Tp>::type> std::make_shared(_Args&& ...)[m[Kâ€™
 1005 |     [01;36m[Kmake_shared[m[K(_Args&&... __args)
      |     [01;36m[K^~~~~~~~~~~[m[K
[01m[K/usr/include/c++/12/bits/shared_ptr.h:1005:5:[m[K [01;36m[Knote: [m[K  template argument deduction/substitution failed:
[01m[K/home/pi/torsobot/Code/Code/ros2_ws/src/torsobot/src/data_logger_node.cpp:113:93:[m[K [01;31m[Kerror: [m[Ktemplate argument 1 is invalid
  113 |     auto request = [01;31m[Kstd::make_shared<torsobot_interfaces::srv::RequestControlParams::Request>()[m[K;
      |                    [01;31m[K~~~~~~~~~~~~~~~~~~~~~~~~~~~~~~~~~~~~~~~~~~~~~~~~~~~~~~~~~~~~~~~~~~~~~~~~~^~[m[K
gmake[2]: *** [CMakeFiles/data_logger_node.dir/build.make:76: CMakeFiles/data_logger_node.dir/src/data_logger_node.cpp.o] Error 1
gmake[1]: *** [CMakeFiles/Makefile2:165: CMakeFiles/data_logger_node.dir/all] Error 2
gmake[1]: *** Waiting for unfinished jobs....
gmake: *** [Makefile:146: all] Error 2
