[0.054s] Invoking command in '/home/pi/torsobot/Code/Code/ros2_ws/build/torsobot': CMAKE_PREFIX_PATH=/home/pi/torsobot/Code/Code/ros2_ws/install/torsobot_interfaces:/home/pi/torsobot/Code/Code/ros2_ws/install/torsobot:/home/pi/ros2_jazzy/install/rosbag2:/home/pi/ros2_jazzy/install/rosbag2_storage_default_plugins:/home/pi/ros2_jazzy/install/rosbag2_storage_mcap:/home/pi/ros2_jazzy/install/rosbag2_compression_zstd:/home/pi/ros2_jazzy/install/mcap_vendor:/home/pi/ros2_jazzy/install/zstd_vendor:/home/pi/ros2_jazzy/install/rviz_visual_testing_framework:/home/pi/ros2_jazzy/install/rviz2:/home/pi/ros2_jazzy/install/rviz_default_plugins:/home/pi/ros2_jazzy/install/rviz_common:/home/pi/ros2_jazzy/install/rosbag2_py:/home/pi/ros2_jazzy/install/rosbag2_transport:/home/pi/ros2_jazzy/install/rosbag2_storage_sqlite3:/home/pi/ros2_jazzy/install/rosbag2_examples_cpp:/home/pi/ros2_jazzy/install/rosbag2_compression:/home/pi/ros2_jazzy/install/rosbag2_cpp:/home/pi/ros2_jazzy/install/rosbag2_storage:/home/pi/ros2_jazzy/install/image_common:/home/pi/ros2_jazzy/install/camera_info_manager:/home/pi/ros2_jazzy/install/camera_calibration_parsers:/home/pi/ros2_jazzy/install/yaml_cpp_vendor/opt/yaml_cpp_vendor:/home/pi/ros2_jazzy/install/yaml_cpp_vendor:/home/pi/ros2_jazzy/install/interactive_markers:/home/pi/ros2_jazzy/install/common_interfaces:/home/pi/ros2_jazzy/install/visualization_msgs:/home/pi/ros2_jazzy/install/dummy_robot_bringup:/home/pi/ros2_jazzy/install/robot_state_publisher:/home/pi/ros2_jazzy/install/kdl_parser:/home/pi/ros2_jazzy/install/urdf:/home/pi/ros2_jazzy/install/urdfdom:/home/pi/ros2_jazzy/install/urdf_parser_plugin:/home/pi/ros2_jazzy/install/urdfdom_headers:/home/pi/ros2_jazzy/install/turtlesim:/home/pi/ros2_jazzy/install/trajectory_msgs:/home/pi/ros2_jazzy/install/topic_statistics_demo:/home/pi/ros2_jazzy/install/pendulum_control:/home/pi/ros2_jazzy/install/tlsf_cpp:/home/pi/ros2_jazzy/install/geometry2:/home/pi/ros2_jazzy/install/tf2_sensor_msgs:/home/pi/ros2_jazzy/install/test_tf2:/home/pi/ros2_jazzy/install/tf2_kdl:/home/pi/ros2_jazzy/install/tf2_geometry_msgs:/home/pi/ros2_jazzy/install/tf2_eigen:/home/pi/ros2_jazzy/install/tf2_bullet:/home/pi/ros2_jazzy/install/tf2_ros:/home/pi/ros2_jazzy/install/tf2_py:/home/pi/ros2_jazzy/install/tf2_msgs:/home/pi/ros2_jazzy/install/tf2_eigen_kdl:/home/pi/ros2_jazzy/install/laser_geometry:/home/pi/ros2_jazzy/install/tf2:/home/pi/ros2_jazzy/install/test_tracetools:/home/pi/ros2_jazzy/install/test_msgs:/home/pi/ros2_jazzy/install/test_communication:/home/pi/ros2_jazzy/install/stereo_msgs:/home/pi/ros2_jazzy/install/std_srvs:/home/pi/ros2_jazzy/install/shape_msgs:/home/pi/ros2_jazzy/install/quality_of_service_demo_cpp:/home/pi/ros2_jazzy/install/point_cloud_transport_py:/home/pi/ros2_jazzy/install/point_cloud_transport:/home/pi/ros2_jazzy/install/map_msgs:/home/pi/ros2_jazzy/install/intra_process_demo:/home/pi/ros2_jazzy/install/image_transport:/home/pi/ros2_jazzy/install/image_tools:/home/pi/ros2_jazzy/install/dummy_sensors:/home/pi/ros2_jazzy/install/sensor_msgs:/home/pi/ros2_jazzy/install/ros2cli_common_extensions:/home/pi/ros2_jazzy/install/dummy_map_server:/home/pi/ros2_jazzy/install/nav_msgs:/home/pi/ros2_jazzy/install/message_filters:/home/pi/ros2_jazzy/install/logging_demo:/home/pi/ros2_jazzy/install/lifecycle:/home/pi/ros2_jazzy/install/diagnostic_msgs:/home/pi/ros2_jazzy/install/geometry_msgs:/home/pi/ros2_jazzy/install/examples_rclcpp_wait_set:/home/pi/ros2_jazzy/install/examples_rclcpp_multithreaded_executor:/home/pi/ros2_jazzy/install/examples_rclcpp_minimal_subscriber:/home/pi/ros2_jazzy/install/examples_rclcpp_minimal_publisher:/home/pi/ros2_jazzy/install/examples_rclcpp_minimal_composition:/home/pi/ros2_jazzy/install/examples_rclcpp_cbg_executor:/home/pi/ros2_jazzy/install/demo_nodes_cpp_native:/home/pi/ros2_jazzy/install/demo_nodes_cpp:/home/pi/ros2_jazzy/install/composition:/home/pi/ros2_jazzy/install/actionlib_msgs:/home/pi/ros2_jazzy/install/std_msgs:/home/pi/ros2_jazzy/install/rqt_gui_cpp:/home/pi/ros2_jazzy/install/rosbag2_test_common:/home/pi/ros2_jazzy/install/ros2lifecycle_test_fixtures:/home/pi/ros2_jazzy/install/rclcpp_lifecycle:/home/pi/ros2_jazzy/install/action_tutorials_cpp:/home/pi/ros2_jazzy/install/rclcpp_components:/home/pi/ros2_jazzy/install/examples_rclcpp_minimal_action_server:/home/pi/ros2_jazzy/install/examples_rclcpp_minimal_action_client:/home/pi/ros2_jazzy/install/rclcpp_action:/home/pi/ros2_jazzy/install/examples_rclcpp_minimal_timer:/home/pi/ros2_jazzy/install/examples_rclcpp_minimal_service:/home/pi/ros2_jazzy/install/examples_rclcpp_minimal_client:/home/pi/ros2_jazzy/install/examples_rclcpp_async_client:/home/pi/ros2_jazzy/install/rclcpp:/home/pi/ros2_jazzy/install/libstatistics_collector:/home/pi/ros2_jazzy/install/statistics_msgs:/home/pi/ros2_jazzy/install/sros2_cmake:/home/pi/ros2_jazzy/install/rqt_py_common:/home/pi/ros2_jazzy/install/ros_testing:/home/pi/ros2_jazzy/install/rclpy:/home/pi/ros2_jazzy/install/rosgraph_msgs:/home/pi/ros2_jazzy/install/rosbag2_interfaces:/home/pi/ros2_jazzy/install/ros2cli_test_interfaces:/home/pi/ros2_jazzy/install/rcl_lifecycle:/home/pi/ros2_jazzy/install/rcl_action:/home/pi/ros2_jazzy/install/rcl:/home/pi/ros2_jazzy/install/rmw_implementation:/home/pi/ros2_jazzy/install/rmw_fastrtps_dynamic_cpp:/home/pi/ros2_jazzy/install/rmw_fastrtps_cpp:/home/pi/ros2_jazzy/install/rmw_fastrtps_shared_cpp:/home/pi/ros2_jazzy/install/rmw_cyclonedds_cpp:/home/pi/ros2_jazzy/install/rmw_connextddsmicro:/home/pi/ros2_jazzy/install/rmw_connextdds:/home/pi/ros2_jazzy/install/rmw_connextdds_common:/home/pi/ros2_jazzy/install/rmw_dds_common:/home/pi/ros2_jazzy/install/composition_interfaces:/home/pi/ros2_jazzy/install/rcl_interfaces:/home/pi/ros2_jazzy/install/pendulum_msgs:/home/pi/ros2_jazzy/install/lifecycle_msgs:/home/pi/ros2_jazzy/install/example_interfaces:/home/pi/ros2_jazzy/install/action_tutorials_interfaces:/home/pi/ros2_jazzy/install/rosidl_default_runtime:/home/pi/ros2_jazzy/install/rosidl_default_generators:/home/pi/ros2_jazzy/install/action_msgs:/home/pi/ros2_jazzy/install/unique_identifier_msgs:/home/pi/ros2_jazzy/install/type_description_interfaces:/home/pi/ros2_jazzy/install/service_msgs:/home/pi/ros2_jazzy/install/builtin_interfaces:/home/pi/ros2_jazzy/install/rosidl_core_runtime:/home/pi/ros2_jazzy/install/rosidl_core_generators:/home/pi/ros2_jazzy/install/rosidl_generator_py:/home/pi/ros2_jazzy/install/ament_lint_common:/home/pi/ros2_jazzy/install/ament_cmake_uncrustify:/home/pi/ros2_jazzy/install/uncrustify_vendor:/home/pi/ros2_jazzy/install/tracetools:/home/pi/ros2_jazzy/install/tlsf:/home/pi/ros2_jazzy/install/qt_gui_core:/home/pi/ros2_jazzy/install/qt_gui_cpp:/home/pi/ros2_jazzy/install/pluginlib:/home/pi/ros2_jazzy/install/tinyxml2_vendor:/home/pi/ros2_jazzy/install/test_security:/home/pi/ros2_jazzy/install/test_rmw_implementation:/home/pi/ros2_jazzy/install/test_rclcpp:/home/pi/ros2_jazzy/install/test_quality_of_service:/home/pi/ros2_jazzy/install/test_launch_testing:/home/pi/ros2_jazzy/install/test_interface_files:/home/pi/ros2_jazzy/install/test_cli_remapping:/home/pi/ros2_jazzy/install/test_cli:/home/pi/ros2_jazzy/install/qt_gui_app:/home/pi/ros2_jazzy/install/qt_gui:/home/pi/ros2_jazzy/install/tango_icons_vendor:/home/pi/ros2_jazzy/install/sqlite3_vendor:/home/pi/ros2_jazzy/install/rcl_logging_spdlog:/home/pi/ros2_jazzy/install/spdlog_vendor:/home/pi/ros2_jazzy/install/shared_queues_vendor:/home/pi/ros2_jazzy/install/rviz_rendering_tests:/home/pi/ros2_jazzy/install/rviz_rendering:/home/pi/ros2_jazzy/install/rviz_ogre_vendor:/home/pi/ros2_jazzy/install/rviz_assimp_vendor:/home/pi/ros2_jazzy/install/rttest:/home/pi/ros2_jazzy/install/rti_connext_dds_cmake_module:/home/pi/ros2_jazzy/install/lttngpy:/home/pi/ros2_jazzy/install/rosidl_typesupport_tests:/home/pi/ros2_jazzy/install/rosidl_typesupport_introspection_tests:/home/pi/ros2_jazzy/install/rosidl_typesupport_cpp:/home/pi/ros2_jazzy/install/rosidl_typesupport_introspection_cpp:/home/pi/ros2_jazzy/install/rosidl_typesupport_c:/home/pi/ros2_jazzy/install/rosidl_typesupport_introspection_c:/home/pi/ros2_jazzy/install/rosidl_typesupport_fastrtps_c:/home/pi/ros2_jazzy/install/rosidl_typesupport_fastrtps_cpp:/home/pi/ros2_jazzy/install/rosidl_generator_cpp:/home/pi/ros2_jazzy/install/rosidl_runtime_cpp:/home/pi/ros2_jazzy/install/rosidl_dynamic_typesupport_fastrtps:/home/pi/ros2_jazzy/install/rcl_yaml_param_parser:/home/pi/ros2_jazzy/install/rmw:/home/pi/ros2_jazzy/install/rosidl_dynamic_typesupport:/home/pi/ros2_jazzy/install/rosidl_runtime_c:/home/pi/ros2_jazzy/install/rosidl_generator_c:/home/pi/ros2_jazzy/install/rosidl_typesupport_interface:/home/pi/ros2_jazzy/install/rosidl_generator_dds_idl:/home/pi/ros2_jazzy/install/rosidl_cmake:/home/pi/ros2_jazzy/install/rosidl_generator_type_description:/home/pi/ros2_jazzy/install/rosidl_parser:/home/pi/ros2_jazzy/install/rosidl_generator_tests:/home/pi/ros2_jazzy/install/rosidl_adapter:/home/pi/ros2_jazzy/install/rosbag2_tests:/home/pi/ros2_jazzy/install/rosbag2_test_msgdefs:/home/pi/ros2_jazzy/install/ros_environment:/home/pi/ros2_jazzy/install/rmw_implementation_cmake:/home/pi/ros2_jazzy/install/resource_retriever:/home/pi/ros2_jazzy/install/class_loader:/home/pi/ros2_jazzy/install/rcpputils:/home/pi/ros2_jazzy/install/rcl_logging_noop:/home/pi/ros2_jazzy/install/rcl_logging_interface:/home/pi/ros2_jazzy/install/rcutils:/home/pi/ros2_jazzy/install/qt_gui_py_common:/home/pi/ros2_jazzy/install/qt_dotgraph:/home/pi/ros2_jazzy/install/python_qt_binding:/home/pi/ros2_jazzy/install/python_orocos_kdl_vendor:/home/pi/ros2_jazzy/install/launch_testing_ament_cmake:/home/pi/ros2_jazzy/install/python_cmake_module:/home/pi/ros2_jazzy/install/pybind11_vendor:/home/pi/ros2_jazzy/install/performance_test_fixture:/home/pi/ros2_jazzy/install/osrf_testing_tools_cpp:/home/pi/ros2_jazzy/install/orocos_kdl_vendor:/home/pi/ros2_jazzy/install/mimick_vendor:/home/pi/ros2_jazzy/install/libyaml_vendor:/home/pi/ros2_jazzy/install/liblz4_vendor:/home/pi/ros2_jazzy/install/libcurl_vendor:/home/pi/ros2_jazzy/install/keyboard_handler:/home/pi/ros2_jazzy/install/iceoryx_introspection:/home/pi/ros2_jazzy/install/cyclonedds:/home/pi/ros2_jazzy/install/iceoryx_posh:/home/pi/ros2_jazzy/install/iceoryx_hoofs:/home/pi/ros2_jazzy/install/iceoryx_binding_c:/home/pi/ros2_jazzy/install/gz_math_vendor/opt/gz_math_vendor:/home/pi/ros2_jazzy/install/gz_math_vendor:/home/pi/ros2_jazzy/install/gz_utils_vendor/opt/gz_utils_vendor:/home/pi/ros2_jazzy/install/gz_utils_vendor:/home/pi/ros2_jazzy/install/gz_cmake_vendor/opt/gz_cmake_vendor:/home/pi/ros2_jazzy/install/gz_cmake_vendor:/home/pi/ros2_jazzy/install/ament_cmake_ros:/home/pi/ros2_jazzy/install/ament_cmake_auto:/home/pi/ros2_jazzy/install/ament_cmake_gmock:/home/pi/ros2_jazzy/install/gmock_vendor:/home/pi/ros2_jazzy/install/fastrtps:/home/pi/ros2_jazzy/install/fastcdr:/home/pi/ros2_jazzy/install/ament_cmake_gtest:/home/pi/ros2_jazzy/install/gtest_vendor:/home/pi/ros2_jazzy/install/ament_cmake_google_benchmark:/home/pi/ros2_jazzy/install/google_benchmark_vendor:/home/pi/ros2_jazzy/install/foonathan_memory_vendor:/home/pi/ros2_jazzy/install/fastrtps_cmake_module:/home/pi/ros2_jazzy/install/eigen3_cmake_module:/home/pi/ros2_jazzy/install/console_bridge_vendor:/home/pi/ros2_jazzy/install/ament_cmake_xmllint:/home/pi/ros2_jazzy/install/ament_cmake_pyflakes:/home/pi/ros2_jazzy/install/ament_cmake_pycodestyle:/home/pi/ros2_jazzy/install/ament_cmake_pep257:/home/pi/ros2_jazzy/install/ament_cmake_pclint:/home/pi/ros2_jazzy/install/ament_lint_auto:/home/pi/ros2_jazzy/install/ament_cmake:/home/pi/ros2_jazzy/install/ament_cmake_version:/home/pi/ros2_jazzy/install/ament_cmake_vendor_package:/home/pi/ros2_jazzy/install/ament_cmake_pytest:/home/pi/ros2_jazzy/install/ament_cmake_mypy:/home/pi/ros2_jazzy/install/ament_cmake_lint_cmake:/home/pi/ros2_jazzy/install/ament_cmake_flake8:/home/pi/ros2_jazzy/install/ament_cmake_cpplint:/home/pi/ros2_jazzy/install/ament_cmake_cppcheck:/home/pi/ros2_jazzy/install/ament_cmake_copyright:/home/pi/ros2_jazzy/install/ament_cmake_clang_tidy:/home/pi/ros2_jazzy/install/ament_cmake_clang_format:/home/pi/ros2_jazzy/install/ament_cmake_test:/home/pi/ros2_jazzy/install/ament_cmake_target_dependencies:/home/pi/ros2_jazzy/install/ament_cmake_python:/home/pi/ros2_jazzy/install/ament_cmake_export_dependencies:/home/pi/ros2_jazzy/install/ament_cmake_libraries:/home/pi/ros2_jazzy/install/ament_cmake_include_directories:/home/pi/ros2_jazzy/install/ament_cmake_gen_version_h:/home/pi/ros2_jazzy/install/ament_cmake_export_targets:/home/pi/ros2_jazzy/install/ament_cmake_export_link_flags:/home/pi/ros2_jazzy/install/ament_cmake_export_interfaces:/home/pi/ros2_jazzy/install/ament_cmake_export_libraries:/home/pi/ros2_jazzy/install/ament_cmake_export_include_directories:/home/pi/ros2_jazzy/install/ament_cmake_export_definitions:/home/pi/ros2_jazzy/install/ament_cmake_core:/home/pi/ros2_jazzy/install/ament_index_cpp:/home/pi/ros2_jazzy/install/rqt_bag_plugins:/home/pi/ros2_jazzy/install/rqt_bag:/home/pi/ros2_jazzy/install/rosbag2_examples_py:/home/pi/ros2_jazzy/install/launch_testing_examples:/home/pi/ros2_jazzy/install/ros2bag:/home/pi/ros2_jazzy/install/tracetools_test:/home/pi/ros2_jazzy/install/tracetools_launch:/home/pi/ros2_jazzy/install/topic_monitor:/home/pi/ros2_jazzy/install/tf2_tools:/home/pi/ros2_jazzy/install/examples_tf2_py:/home/pi/ros2_jazzy/install/tf2_ros_py:/home/pi/ros2_jazzy/install/examples_rclpy_pointcloud_publisher:/home/pi/ros2_jazzy/install/sensor_msgs_py:/home/pi/ros2_jazzy/install/quality_of_service_demo_py:/home/pi/ros2_jazzy/install/rqt_plot:/home/pi/ros2_jazzy/install/ros2doctor:/home/pi/ros2_jazzy/install/lifecycle_py:/home/pi/ros2_jazzy/install/examples_rclpy_minimal_subscriber:/home/pi/ros2_jazzy/install/examples_rclpy_minimal_service:/home/pi/ros2_jazzy/install/examples_rclpy_minimal_publisher:/home/pi/ros2_jazzy/install/examples_rclpy_minimal_client:/home/pi/ros2_jazzy/install/examples_rclpy_executors:/home/pi/ros2_jazzy/install/demo_nodes_py:/home/pi/ros2_jazzy/install/rqt:/home/pi/ros2_jazzy/install/ros2component:/home/pi/ros2_jazzy/install/sros2:/home/pi/ros2_jazzy/install/rqt_topic:/home/pi/ros2_jazzy/install/rqt_srv:/home/pi/ros2_jazzy/install/rqt_shell:/home/pi/ros2_jazzy/install/rqt_service_caller:/home/pi/ros2_jazzy/install/rqt_reconfigure:/home/pi/ros2_jazzy/install/rqt_py_console:/home/pi/ros2_jazzy/install/rqt_publisher:/home/pi/ros2_jazzy/install/rqt_action:/home/pi/ros2_jazzy/install/rqt_msg:/home/pi/ros2_jazzy/install/rqt_console:/home/pi/ros2_jazzy/install/rqt_graph:/home/pi/ros2_jazzy/install/rqt_gui_py:/home/pi/ros2_jazzy/install/rqt_gui:/home/pi/ros2_jazzy/install/ros2trace:/home/pi/ros2_jazzy/install/ros2topic:/home/pi/ros2_jazzy/install/ros2test:/home/pi/ros2_jazzy/install/ros2param:/home/pi/ros2_jazzy/install/ros2lifecycle:/home/pi/ros2_jazzy/install/ros2service:/home/pi/ros2_jazzy/install/ros2run:/home/pi/ros2_jazzy/install/ros2launch:/home/pi/ros2_jazzy/install/ros2pkg:/home/pi/ros2_jazzy/install/ros2node:/home/pi/ros2_jazzy/install/ros2multicast:/home/pi/ros2_jazzy/install/ros2interface:/home/pi/ros2_jazzy/install/ros2action:/home/pi/ros2_jazzy/install/ros2cli:/home/pi/ros2_jazzy/install/launch_testing_ros:/home/pi/ros2_jazzy/install/launch_ros:/home/pi/ros2_jazzy/install/examples_rclpy_minimal_action_server:/home/pi/ros2_jazzy/install/examples_rclpy_minimal_action_client:/home/pi/ros2_jazzy/install/examples_rclpy_guard_conditions:/home/pi/ros2_jazzy/install/action_tutorials_py:/home/pi/ros2_jazzy/install/ament_uncrustify:/home/pi/ros2_jazzy/install/tracetools_trace:/home/pi/ros2_jazzy/install/tracetools_read:/home/pi/ros2_jazzy/install/test_tracetools_launch:/home/pi/ros2_jazzy/install/test_ros2trace:/home/pi/ros2_jazzy/install/test_launch_ros:/home/pi/ros2_jazzy/install/rpyutils:/home/pi/ros2_jazzy/install/rosidl_runtime_py:/home/pi/ros2_jazzy/install/rosidl_pycommon:/home/pi/ros2_jazzy/install/rosidl_cli:/home/pi/ros2_jazzy/install/launch_pytest:/home/pi/ros2_jazzy/install/launch_testing:/home/pi/ros2_jazzy/install/launch_yaml:/home/pi/ros2_jazzy/install/launch_xml:/home/pi/ros2_jazzy/install/launch:/home/pi/ros2_jazzy/install/osrf_pycommon:/home/pi/ros2_jazzy/install/domain_coordinator:/home/pi/ros2_jazzy/install/ament_xmllint:/home/pi/ros2_jazzy/install/ament_pyflakes:/home/pi/ros2_jazzy/install/ament_pycodestyle:/home/pi/ros2_jazzy/install/ament_pep257:/home/pi/ros2_jazzy/install/ament_pclint:/home/pi/ros2_jazzy/install/ament_package:/home/pi/ros2_jazzy/install/ament_mypy:/home/pi/ros2_jazzy/install/ament_lint_cmake:/home/pi/ros2_jazzy/install/ament_flake8:/home/pi/ros2_jazzy/install/ament_copyright:/home/pi/ros2_jazzy/install/ament_lint:/home/pi/ros2_jazzy/install/ament_index_python:/home/pi/ros2_jazzy/install/ament_cpplint:/home/pi/ros2_jazzy/install/ament_cppcheck:/home/pi/ros2_jazzy/install/ament_clang_tidy:/home/pi/ros2_jazzy/install/ament_clang_format /usr/bin/cmake /home/pi/torsobot/Code/Code/ros2_ws/src/torsobot -DCMAKE_INSTALL_PREFIX=/home/pi/torsobot/Code/Code/ros2_ws/install/torsobot
[0.171s] -- The C compiler identification is GNU 12.2.0
[0.251s] -- The CXX compiler identification is GNU 12.2.0
[0.267s] -- Detecting C compiler ABI info
[0.395s] -- Detecting C compiler ABI info - done
[0.408s] -- Check for working C compiler: /usr/bin/cc - skipped
[0.408s] -- Detecting C compile features
[0.409s] -- Detecting C compile features - done
[0.412s] -- Detecting CXX compiler ABI info
[0.558s] -- Detecting CXX compiler ABI info - done
[0.571s] -- Check for working CXX compiler: /usr/bin/c++ - skipped
[0.572s] -- Detecting CXX compile features
[0.572s] -- Detecting CXX compile features - done
[0.594s] -- Found ament_cmake: 2.5.2 (/home/pi/ros2_jazzy/install/ament_cmake/share/ament_cmake/cmake)
[1.912s] -- Found Python3: /usr/bin/python3 (found version "3.11.2") found components: Interpreter 
[2.382s] -- Found rclcpp: 28.1.3 (/home/pi/ros2_jazzy/install/rclcpp/share/rclcpp/cmake)
[2.538s] -- Found rosidl_generator_c: 4.6.3 (/home/pi/ros2_jazzy/install/rosidl_generator_c/share/rosidl_generator_c/cmake)
[2.589s] -- Found rosidl_generator_cpp: 4.6.3 (/home/pi/ros2_jazzy/install/rosidl_generator_cpp/share/rosidl_generator_cpp/cmake)
[2.681s] -- Using all available rosidl_typesupport_c: rosidl_typesupport_introspection_c;rosidl_typesupport_fastrtps_c
[2.773s] -- Using all available rosidl_typesupport_cpp: rosidl_typesupport_introspection_cpp;rosidl_typesupport_fastrtps_cpp
[2.993s] -- Found rmw_implementation_cmake: 7.3.1 (/home/pi/ros2_jazzy/install/rmw_implementation_cmake/share/rmw_implementation_cmake/cmake)
[3.049s] -- Found rmw_fastrtps_cpp: 8.4.1 (/home/pi/ros2_jazzy/install/rmw_fastrtps_cpp/share/rmw_fastrtps_cpp/cmake)
[3.384s] -- Found OpenSSL: /usr/lib/aarch64-linux-gnu/libcrypto.so (found version "3.0.16")  
[3.437s] -- Found FastRTPS: /home/pi/ros2_jazzy/install/fastrtps/include (Required is at least version "2.13") 
[3.520s] -- Using RMW implementation 'rmw_fastrtps_cpp' as default
[3.684s] -- Found std_msgs: 5.3.5 (/home/pi/ros2_jazzy/install/std_msgs/share/std_msgs/cmake)
[3.702s] -- Found torsobot_interfaces: 0.0.0 (/home/pi/torsobot/Code/Code/ros2_ws/install/torsobot_interfaces/share/torsobot_interfaces/cmake)
[3.805s] -- Found ament_lint_auto: 0.17.1 (/home/pi/ros2_jazzy/install/ament_lint_auto/share/ament_lint_auto/cmake)
[4.259s] -- Added test 'cppcheck' to perform static code analysis on C / C++ code
[4.259s] -- Configured cppcheck include dirs: 
[4.259s] -- Configured cppcheck exclude dirs and/or files: 
[4.267s] -- Added test 'flake8' to check Python code syntax and style conventions
[4.267s] -- Configured 'flake8' exclude dirs and/or files: 
[4.274s] -- Added test 'lint_cmake' to check CMake code style
[4.282s] -- Added test 'pep257' to check Python code against some of the docstring style conventions in PEP 257
[4.290s] -- Added test 'uncrustify' to check C / C++ code style
[4.291s] -- Configured uncrustify additional arguments: 
[4.298s] -- Added test 'xmllint' to check XML markup files
[4.313s] -- Configuring done
[4.342s] -- Generating done
[4.348s] -- Build files have been written to: /home/pi/torsobot/Code/Code/ros2_ws/build/torsobot
[4.363s] Invoked command in '/home/pi/torsobot/Code/Code/ros2_ws/build/torsobot' returned '0': CMAKE_PREFIX_PATH=/home/pi/torsobot/Code/Code/ros2_ws/install/torsobot_interfaces:/home/pi/torsobot/Code/Code/ros2_ws/install/torsobot:/home/pi/ros2_jazzy/install/rosbag2:/home/pi/ros2_jazzy/install/rosbag2_storage_default_plugins:/home/pi/ros2_jazzy/install/rosbag2_storage_mcap:/home/pi/ros2_jazzy/install/rosbag2_compression_zstd:/home/pi/ros2_jazzy/install/mcap_vendor:/home/pi/ros2_jazzy/install/zstd_vendor:/home/pi/ros2_jazzy/install/rviz_visual_testing_framework:/home/pi/ros2_jazzy/install/rviz2:/home/pi/ros2_jazzy/install/rviz_default_plugins:/home/pi/ros2_jazzy/install/rviz_common:/home/pi/ros2_jazzy/install/rosbag2_py:/home/pi/ros2_jazzy/install/rosbag2_transport:/home/pi/ros2_jazzy/install/rosbag2_storage_sqlite3:/home/pi/ros2_jazzy/install/rosbag2_examples_cpp:/home/pi/ros2_jazzy/install/rosbag2_compression:/home/pi/ros2_jazzy/install/rosbag2_cpp:/home/pi/ros2_jazzy/install/rosbag2_storage:/home/pi/ros2_jazzy/install/image_common:/home/pi/ros2_jazzy/install/camera_info_manager:/home/pi/ros2_jazzy/install/camera_calibration_parsers:/home/pi/ros2_jazzy/install/yaml_cpp_vendor/opt/yaml_cpp_vendor:/home/pi/ros2_jazzy/install/yaml_cpp_vendor:/home/pi/ros2_jazzy/install/interactive_markers:/home/pi/ros2_jazzy/install/common_interfaces:/home/pi/ros2_jazzy/install/visualization_msgs:/home/pi/ros2_jazzy/install/dummy_robot_bringup:/home/pi/ros2_jazzy/install/robot_state_publisher:/home/pi/ros2_jazzy/install/kdl_parser:/home/pi/ros2_jazzy/install/urdf:/home/pi/ros2_jazzy/install/urdfdom:/home/pi/ros2_jazzy/install/urdf_parser_plugin:/home/pi/ros2_jazzy/install/urdfdom_headers:/home/pi/ros2_jazzy/install/turtlesim:/home/pi/ros2_jazzy/install/trajectory_msgs:/home/pi/ros2_jazzy/install/topic_statistics_demo:/home/pi/ros2_jazzy/install/pendulum_control:/home/pi/ros2_jazzy/install/tlsf_cpp:/home/pi/ros2_jazzy/install/geometry2:/home/pi/ros2_jazzy/install/tf2_sensor_msgs:/home/pi/ros2_jazzy/install/test_tf2:/home/pi/ros2_jazzy/install/tf2_kdl:/home/pi/ros2_jazzy/install/tf2_geometry_msgs:/home/pi/ros2_jazzy/install/tf2_eigen:/home/pi/ros2_jazzy/install/tf2_bullet:/home/pi/ros2_jazzy/install/tf2_ros:/home/pi/ros2_jazzy/install/tf2_py:/home/pi/ros2_jazzy/install/tf2_msgs:/home/pi/ros2_jazzy/install/tf2_eigen_kdl:/home/pi/ros2_jazzy/install/laser_geometry:/home/pi/ros2_jazzy/install/tf2:/home/pi/ros2_jazzy/install/test_tracetools:/home/pi/ros2_jazzy/install/test_msgs:/home/pi/ros2_jazzy/install/test_communication:/home/pi/ros2_jazzy/install/stereo_msgs:/home/pi/ros2_jazzy/install/std_srvs:/home/pi/ros2_jazzy/install/shape_msgs:/home/pi/ros2_jazzy/install/quality_of_service_demo_cpp:/home/pi/ros2_jazzy/install/point_cloud_transport_py:/home/pi/ros2_jazzy/install/point_cloud_transport:/home/pi/ros2_jazzy/install/map_msgs:/home/pi/ros2_jazzy/install/intra_process_demo:/home/pi/ros2_jazzy/install/image_transport:/home/pi/ros2_jazzy/install/image_tools:/home/pi/ros2_jazzy/install/dummy_sensors:/home/pi/ros2_jazzy/install/sensor_msgs:/home/pi/ros2_jazzy/install/ros2cli_common_extensions:/home/pi/ros2_jazzy/install/dummy_map_server:/home/pi/ros2_jazzy/install/nav_msgs:/home/pi/ros2_jazzy/install/message_filters:/home/pi/ros2_jazzy/install/logging_demo:/home/pi/ros2_jazzy/install/lifecycle:/home/pi/ros2_jazzy/install/diagnostic_msgs:/home/pi/ros2_jazzy/install/geometry_msgs:/home/pi/ros2_jazzy/install/examples_rclcpp_wait_set:/home/pi/ros2_jazzy/install/examples_rclcpp_multithreaded_executor:/home/pi/ros2_jazzy/install/examples_rclcpp_minimal_subscriber:/home/pi/ros2_jazzy/install/examples_rclcpp_minimal_publisher:/home/pi/ros2_jazzy/install/examples_rclcpp_minimal_composition:/home/pi/ros2_jazzy/install/examples_rclcpp_cbg_executor:/home/pi/ros2_jazzy/install/demo_nodes_cpp_native:/home/pi/ros2_jazzy/install/demo_nodes_cpp:/home/pi/ros2_jazzy/install/composition:/home/pi/ros2_jazzy/install/actionlib_msgs:/home/pi/ros2_jazzy/install/std_msgs:/home/pi/ros2_jazzy/install/rqt_gui_cpp:/home/pi/ros2_jazzy/install/rosbag2_test_common:/home/pi/ros2_jazzy/install/ros2lifecycle_test_fixtures:/home/pi/ros2_jazzy/install/rclcpp_lifecycle:/home/pi/ros2_jazzy/install/action_tutorials_cpp:/home/pi/ros2_jazzy/install/rclcpp_components:/home/pi/ros2_jazzy/install/examples_rclcpp_minimal_action_server:/home/pi/ros2_jazzy/install/examples_rclcpp_minimal_action_client:/home/pi/ros2_jazzy/install/rclcpp_action:/home/pi/ros2_jazzy/install/examples_rclcpp_minimal_timer:/home/pi/ros2_jazzy/install/examples_rclcpp_minimal_service:/home/pi/ros2_jazzy/install/examples_rclcpp_minimal_client:/home/pi/ros2_jazzy/install/examples_rclcpp_async_client:/home/pi/ros2_jazzy/install/rclcpp:/home/pi/ros2_jazzy/install/libstatistics_collector:/home/pi/ros2_jazzy/install/statistics_msgs:/home/pi/ros2_jazzy/install/sros2_cmake:/home/pi/ros2_jazzy/install/rqt_py_common:/home/pi/ros2_jazzy/install/ros_testing:/home/pi/ros2_jazzy/install/rclpy:/home/pi/ros2_jazzy/install/rosgraph_msgs:/home/pi/ros2_jazzy/install/rosbag2_interfaces:/home/pi/ros2_jazzy/install/ros2cli_test_interfaces:/home/pi/ros2_jazzy/install/rcl_lifecycle:/home/pi/ros2_jazzy/install/rcl_action:/home/pi/ros2_jazzy/install/rcl:/home/pi/ros2_jazzy/install/rmw_implementation:/home/pi/ros2_jazzy/install/rmw_fastrtps_dynamic_cpp:/home/pi/ros2_jazzy/install/rmw_fastrtps_cpp:/home/pi/ros2_jazzy/install/rmw_fastrtps_shared_cpp:/home/pi/ros2_jazzy/install/rmw_cyclonedds_cpp:/home/pi/ros2_jazzy/install/rmw_connextddsmicro:/home/pi/ros2_jazzy/install/rmw_connextdds:/home/pi/ros2_jazzy/install/rmw_connextdds_common:/home/pi/ros2_jazzy/install/rmw_dds_common:/home/pi/ros2_jazzy/install/composition_interfaces:/home/pi/ros2_jazzy/install/rcl_interfaces:/home/pi/ros2_jazzy/install/pendulum_msgs:/home/pi/ros2_jazzy/install/lifecycle_msgs:/home/pi/ros2_jazzy/install/example_interfaces:/home/pi/ros2_jazzy/install/action_tutorials_interfaces:/home/pi/ros2_jazzy/install/rosidl_default_runtime:/home/pi/ros2_jazzy/install/rosidl_default_generators:/home/pi/ros2_jazzy/install/action_msgs:/home/pi/ros2_jazzy/install/unique_identifier_msgs:/home/pi/ros2_jazzy/install/type_description_interfaces:/home/pi/ros2_jazzy/install/service_msgs:/home/pi/ros2_jazzy/install/builtin_interfaces:/home/pi/ros2_jazzy/install/rosidl_core_runtime:/home/pi/ros2_jazzy/install/rosidl_core_generators:/home/pi/ros2_jazzy/install/rosidl_generator_py:/home/pi/ros2_jazzy/install/ament_lint_common:/home/pi/ros2_jazzy/install/ament_cmake_uncrustify:/home/pi/ros2_jazzy/install/uncrustify_vendor:/home/pi/ros2_jazzy/install/tracetools:/home/pi/ros2_jazzy/install/tlsf:/home/pi/ros2_jazzy/install/qt_gui_core:/home/pi/ros2_jazzy/install/qt_gui_cpp:/home/pi/ros2_jazzy/install/pluginlib:/home/pi/ros2_jazzy/install/tinyxml2_vendor:/home/pi/ros2_jazzy/install/test_security:/home/pi/ros2_jazzy/install/test_rmw_implementation:/home/pi/ros2_jazzy/install/test_rclcpp:/home/pi/ros2_jazzy/install/test_quality_of_service:/home/pi/ros2_jazzy/install/test_launch_testing:/home/pi/ros2_jazzy/install/test_interface_files:/home/pi/ros2_jazzy/install/test_cli_remapping:/home/pi/ros2_jazzy/install/test_cli:/home/pi/ros2_jazzy/install/qt_gui_app:/home/pi/ros2_jazzy/install/qt_gui:/home/pi/ros2_jazzy/install/tango_icons_vendor:/home/pi/ros2_jazzy/install/sqlite3_vendor:/home/pi/ros2_jazzy/install/rcl_logging_spdlog:/home/pi/ros2_jazzy/install/spdlog_vendor:/home/pi/ros2_jazzy/install/shared_queues_vendor:/home/pi/ros2_jazzy/install/rviz_rendering_tests:/home/pi/ros2_jazzy/install/rviz_rendering:/home/pi/ros2_jazzy/install/rviz_ogre_vendor:/home/pi/ros2_jazzy/install/rviz_assimp_vendor:/home/pi/ros2_jazzy/install/rttest:/home/pi/ros2_jazzy/install/rti_connext_dds_cmake_module:/home/pi/ros2_jazzy/install/lttngpy:/home/pi/ros2_jazzy/install/rosidl_typesupport_tests:/home/pi/ros2_jazzy/install/rosidl_typesupport_introspection_tests:/home/pi/ros2_jazzy/install/rosidl_typesupport_cpp:/home/pi/ros2_jazzy/install/rosidl_typesupport_introspection_cpp:/home/pi/ros2_jazzy/install/rosidl_typesupport_c:/home/pi/ros2_jazzy/install/rosidl_typesupport_introspection_c:/home/pi/ros2_jazzy/install/rosidl_typesupport_fastrtps_c:/home/pi/ros2_jazzy/install/rosidl_typesupport_fastrtps_cpp:/home/pi/ros2_jazzy/install/rosidl_generator_cpp:/home/pi/ros2_jazzy/install/rosidl_runtime_cpp:/home/pi/ros2_jazzy/install/rosidl_dynamic_typesupport_fastrtps:/home/pi/ros2_jazzy/install/rcl_yaml_param_parser:/home/pi/ros2_jazzy/install/rmw:/home/pi/ros2_jazzy/install/rosidl_dynamic_typesupport:/home/pi/ros2_jazzy/install/rosidl_runtime_c:/home/pi/ros2_jazzy/install/rosidl_generator_c:/home/pi/ros2_jazzy/install/rosidl_typesupport_interface:/home/pi/ros2_jazzy/install/rosidl_generator_dds_idl:/home/pi/ros2_jazzy/install/rosidl_cmake:/home/pi/ros2_jazzy/install/rosidl_generator_type_description:/home/pi/ros2_jazzy/install/rosidl_parser:/home/pi/ros2_jazzy/install/rosidl_generator_tests:/home/pi/ros2_jazzy/install/rosidl_adapter:/home/pi/ros2_jazzy/install/rosbag2_tests:/home/pi/ros2_jazzy/install/rosbag2_test_msgdefs:/home/pi/ros2_jazzy/install/ros_environment:/home/pi/ros2_jazzy/install/rmw_implementation_cmake:/home/pi/ros2_jazzy/install/resource_retriever:/home/pi/ros2_jazzy/install/class_loader:/home/pi/ros2_jazzy/install/rcpputils:/home/pi/ros2_jazzy/install/rcl_logging_noop:/home/pi/ros2_jazzy/install/rcl_logging_interface:/home/pi/ros2_jazzy/install/rcutils:/home/pi/ros2_jazzy/install/qt_gui_py_common:/home/pi/ros2_jazzy/install/qt_dotgraph:/home/pi/ros2_jazzy/install/python_qt_binding:/home/pi/ros2_jazzy/install/python_orocos_kdl_vendor:/home/pi/ros2_jazzy/install/launch_testing_ament_cmake:/home/pi/ros2_jazzy/install/python_cmake_module:/home/pi/ros2_jazzy/install/pybind11_vendor:/home/pi/ros2_jazzy/install/performance_test_fixture:/home/pi/ros2_jazzy/install/osrf_testing_tools_cpp:/home/pi/ros2_jazzy/install/orocos_kdl_vendor:/home/pi/ros2_jazzy/install/mimick_vendor:/home/pi/ros2_jazzy/install/libyaml_vendor:/home/pi/ros2_jazzy/install/liblz4_vendor:/home/pi/ros2_jazzy/install/libcurl_vendor:/home/pi/ros2_jazzy/install/keyboard_handler:/home/pi/ros2_jazzy/install/iceoryx_introspection:/home/pi/ros2_jazzy/install/cyclonedds:/home/pi/ros2_jazzy/install/iceoryx_posh:/home/pi/ros2_jazzy/install/iceoryx_hoofs:/home/pi/ros2_jazzy/install/iceoryx_binding_c:/home/pi/ros2_jazzy/install/gz_math_vendor/opt/gz_math_vendor:/home/pi/ros2_jazzy/install/gz_math_vendor:/home/pi/ros2_jazzy/install/gz_utils_vendor/opt/gz_utils_vendor:/home/pi/ros2_jazzy/install/gz_utils_vendor:/home/pi/ros2_jazzy/install/gz_cmake_vendor/opt/gz_cmake_vendor:/home/pi/ros2_jazzy/install/gz_cmake_vendor:/home/pi/ros2_jazzy/install/ament_cmake_ros:/home/pi/ros2_jazzy/install/ament_cmake_auto:/home/pi/ros2_jazzy/install/ament_cmake_gmock:/home/pi/ros2_jazzy/install/gmock_vendor:/home/pi/ros2_jazzy/install/fastrtps:/home/pi/ros2_jazzy/install/fastcdr:/home/pi/ros2_jazzy/install/ament_cmake_gtest:/home/pi/ros2_jazzy/install/gtest_vendor:/home/pi/ros2_jazzy/install/ament_cmake_google_benchmark:/home/pi/ros2_jazzy/install/google_benchmark_vendor:/home/pi/ros2_jazzy/install/foonathan_memory_vendor:/home/pi/ros2_jazzy/install/fastrtps_cmake_module:/home/pi/ros2_jazzy/install/eigen3_cmake_module:/home/pi/ros2_jazzy/install/console_bridge_vendor:/home/pi/ros2_jazzy/install/ament_cmake_xmllint:/home/pi/ros2_jazzy/install/ament_cmake_pyflakes:/home/pi/ros2_jazzy/install/ament_cmake_pycodestyle:/home/pi/ros2_jazzy/install/ament_cmake_pep257:/home/pi/ros2_jazzy/install/ament_cmake_pclint:/home/pi/ros2_jazzy/install/ament_lint_auto:/home/pi/ros2_jazzy/install/ament_cmake:/home/pi/ros2_jazzy/install/ament_cmake_version:/home/pi/ros2_jazzy/install/ament_cmake_vendor_package:/home/pi/ros2_jazzy/install/ament_cmake_pytest:/home/pi/ros2_jazzy/install/ament_cmake_mypy:/home/pi/ros2_jazzy/install/ament_cmake_lint_cmake:/home/pi/ros2_jazzy/install/ament_cmake_flake8:/home/pi/ros2_jazzy/install/ament_cmake_cpplint:/home/pi/ros2_jazzy/install/ament_cmake_cppcheck:/home/pi/ros2_jazzy/install/ament_cmake_copyright:/home/pi/ros2_jazzy/install/ament_cmake_clang_tidy:/home/pi/ros2_jazzy/install/ament_cmake_clang_format:/home/pi/ros2_jazzy/install/ament_cmake_test:/home/pi/ros2_jazzy/install/ament_cmake_target_dependencies:/home/pi/ros2_jazzy/install/ament_cmake_python:/home/pi/ros2_jazzy/install/ament_cmake_export_dependencies:/home/pi/ros2_jazzy/install/ament_cmake_libraries:/home/pi/ros2_jazzy/install/ament_cmake_include_directories:/home/pi/ros2_jazzy/install/ament_cmake_gen_version_h:/home/pi/ros2_jazzy/install/ament_cmake_export_targets:/home/pi/ros2_jazzy/install/ament_cmake_export_link_flags:/home/pi/ros2_jazzy/install/ament_cmake_export_interfaces:/home/pi/ros2_jazzy/install/ament_cmake_export_libraries:/home/pi/ros2_jazzy/install/ament_cmake_export_include_directories:/home/pi/ros2_jazzy/install/ament_cmake_export_definitions:/home/pi/ros2_jazzy/install/ament_cmake_core:/home/pi/ros2_jazzy/install/ament_index_cpp:/home/pi/ros2_jazzy/install/rqt_bag_plugins:/home/pi/ros2_jazzy/install/rqt_bag:/home/pi/ros2_jazzy/install/rosbag2_examples_py:/home/pi/ros2_jazzy/install/launch_testing_examples:/home/pi/ros2_jazzy/install/ros2bag:/home/pi/ros2_jazzy/install/tracetools_test:/home/pi/ros2_jazzy/install/tracetools_launch:/home/pi/ros2_jazzy/install/topic_monitor:/home/pi/ros2_jazzy/install/tf2_tools:/home/pi/ros2_jazzy/install/examples_tf2_py:/home/pi/ros2_jazzy/install/tf2_ros_py:/home/pi/ros2_jazzy/install/examples_rclpy_pointcloud_publisher:/home/pi/ros2_jazzy/install/sensor_msgs_py:/home/pi/ros2_jazzy/install/quality_of_service_demo_py:/home/pi/ros2_jazzy/install/rqt_plot:/home/pi/ros2_jazzy/install/ros2doctor:/home/pi/ros2_jazzy/install/lifecycle_py:/home/pi/ros2_jazzy/install/examples_rclpy_minimal_subscriber:/home/pi/ros2_jazzy/install/examples_rclpy_minimal_service:/home/pi/ros2_jazzy/install/examples_rclpy_minimal_publisher:/home/pi/ros2_jazzy/install/examples_rclpy_minimal_client:/home/pi/ros2_jazzy/install/examples_rclpy_executors:/home/pi/ros2_jazzy/install/demo_nodes_py:/home/pi/ros2_jazzy/install/rqt:/home/pi/ros2_jazzy/install/ros2component:/home/pi/ros2_jazzy/install/sros2:/home/pi/ros2_jazzy/install/rqt_topic:/home/pi/ros2_jazzy/install/rqt_srv:/home/pi/ros2_jazzy/install/rqt_shell:/home/pi/ros2_jazzy/install/rqt_service_caller:/home/pi/ros2_jazzy/install/rqt_reconfigure:/home/pi/ros2_jazzy/install/rqt_py_console:/home/pi/ros2_jazzy/install/rqt_publisher:/home/pi/ros2_jazzy/install/rqt_action:/home/pi/ros2_jazzy/install/rqt_msg:/home/pi/ros2_jazzy/install/rqt_console:/home/pi/ros2_jazzy/install/rqt_graph:/home/pi/ros2_jazzy/install/rqt_gui_py:/home/pi/ros2_jazzy/install/rqt_gui:/home/pi/ros2_jazzy/install/ros2trace:/home/pi/ros2_jazzy/install/ros2topic:/home/pi/ros2_jazzy/install/ros2test:/home/pi/ros2_jazzy/install/ros2param:/home/pi/ros2_jazzy/install/ros2lifecycle:/home/pi/ros2_jazzy/install/ros2service:/home/pi/ros2_jazzy/install/ros2run:/home/pi/ros2_jazzy/install/ros2launch:/home/pi/ros2_jazzy/install/ros2pkg:/home/pi/ros2_jazzy/install/ros2node:/home/pi/ros2_jazzy/install/ros2multicast:/home/pi/ros2_jazzy/install/ros2interface:/home/pi/ros2_jazzy/install/ros2action:/home/pi/ros2_jazzy/install/ros2cli:/home/pi/ros2_jazzy/install/launch_testing_ros:/home/pi/ros2_jazzy/install/launch_ros:/home/pi/ros2_jazzy/install/examples_rclpy_minimal_action_server:/home/pi/ros2_jazzy/install/examples_rclpy_minimal_action_client:/home/pi/ros2_jazzy/install/examples_rclpy_guard_conditions:/home/pi/ros2_jazzy/install/action_tutorials_py:/home/pi/ros2_jazzy/install/ament_uncrustify:/home/pi/ros2_jazzy/install/tracetools_trace:/home/pi/ros2_jazzy/install/tracetools_read:/home/pi/ros2_jazzy/install/test_tracetools_launch:/home/pi/ros2_jazzy/install/test_ros2trace:/home/pi/ros2_jazzy/install/test_launch_ros:/home/pi/ros2_jazzy/install/rpyutils:/home/pi/ros2_jazzy/install/rosidl_runtime_py:/home/pi/ros2_jazzy/install/rosidl_pycommon:/home/pi/ros2_jazzy/install/rosidl_cli:/home/pi/ros2_jazzy/install/launch_pytest:/home/pi/ros2_jazzy/install/launch_testing:/home/pi/ros2_jazzy/install/launch_yaml:/home/pi/ros2_jazzy/install/launch_xml:/home/pi/ros2_jazzy/install/launch:/home/pi/ros2_jazzy/install/osrf_pycommon:/home/pi/ros2_jazzy/install/domain_coordinator:/home/pi/ros2_jazzy/install/ament_xmllint:/home/pi/ros2_jazzy/install/ament_pyflakes:/home/pi/ros2_jazzy/install/ament_pycodestyle:/home/pi/ros2_jazzy/install/ament_pep257:/home/pi/ros2_jazzy/install/ament_pclint:/home/pi/ros2_jazzy/install/ament_package:/home/pi/ros2_jazzy/install/ament_mypy:/home/pi/ros2_jazzy/install/ament_lint_cmake:/home/pi/ros2_jazzy/install/ament_flake8:/home/pi/ros2_jazzy/install/ament_copyright:/home/pi/ros2_jazzy/install/ament_lint:/home/pi/ros2_jazzy/install/ament_index_python:/home/pi/ros2_jazzy/install/ament_cpplint:/home/pi/ros2_jazzy/install/ament_cppcheck:/home/pi/ros2_jazzy/install/ament_clang_tidy:/home/pi/ros2_jazzy/install/ament_clang_format /usr/bin/cmake /home/pi/torsobot/Code/Code/ros2_ws/src/torsobot -DCMAKE_INSTALL_PREFIX=/home/pi/torsobot/Code/Code/ros2_ws/install/torsobot
[4.365s] Invoking command in '/home/pi/torsobot/Code/Code/ros2_ws/build/torsobot': CMAKE_PREFIX_PATH=/home/pi/torsobot/Code/Code/ros2_ws/install/torsobot_interfaces:/home/pi/torsobot/Code/Code/ros2_ws/install/torsobot:/home/pi/ros2_jazzy/install/rosbag2:/home/pi/ros2_jazzy/install/rosbag2_storage_default_plugins:/home/pi/ros2_jazzy/install/rosbag2_storage_mcap:/home/pi/ros2_jazzy/install/rosbag2_compression_zstd:/home/pi/ros2_jazzy/install/mcap_vendor:/home/pi/ros2_jazzy/install/zstd_vendor:/home/pi/ros2_jazzy/install/rviz_visual_testing_framework:/home/pi/ros2_jazzy/install/rviz2:/home/pi/ros2_jazzy/install/rviz_default_plugins:/home/pi/ros2_jazzy/install/rviz_common:/home/pi/ros2_jazzy/install/rosbag2_py:/home/pi/ros2_jazzy/install/rosbag2_transport:/home/pi/ros2_jazzy/install/rosbag2_storage_sqlite3:/home/pi/ros2_jazzy/install/rosbag2_examples_cpp:/home/pi/ros2_jazzy/install/rosbag2_compression:/home/pi/ros2_jazzy/install/rosbag2_cpp:/home/pi/ros2_jazzy/install/rosbag2_storage:/home/pi/ros2_jazzy/install/image_common:/home/pi/ros2_jazzy/install/camera_info_manager:/home/pi/ros2_jazzy/install/camera_calibration_parsers:/home/pi/ros2_jazzy/install/yaml_cpp_vendor/opt/yaml_cpp_vendor:/home/pi/ros2_jazzy/install/yaml_cpp_vendor:/home/pi/ros2_jazzy/install/interactive_markers:/home/pi/ros2_jazzy/install/common_interfaces:/home/pi/ros2_jazzy/install/visualization_msgs:/home/pi/ros2_jazzy/install/dummy_robot_bringup:/home/pi/ros2_jazzy/install/robot_state_publisher:/home/pi/ros2_jazzy/install/kdl_parser:/home/pi/ros2_jazzy/install/urdf:/home/pi/ros2_jazzy/install/urdfdom:/home/pi/ros2_jazzy/install/urdf_parser_plugin:/home/pi/ros2_jazzy/install/urdfdom_headers:/home/pi/ros2_jazzy/install/turtlesim:/home/pi/ros2_jazzy/install/trajectory_msgs:/home/pi/ros2_jazzy/install/topic_statistics_demo:/home/pi/ros2_jazzy/install/pendulum_control:/home/pi/ros2_jazzy/install/tlsf_cpp:/home/pi/ros2_jazzy/install/geometry2:/home/pi/ros2_jazzy/install/tf2_sensor_msgs:/home/pi/ros2_jazzy/install/test_tf2:/home/pi/ros2_jazzy/install/tf2_kdl:/home/pi/ros2_jazzy/install/tf2_geometry_msgs:/home/pi/ros2_jazzy/install/tf2_eigen:/home/pi/ros2_jazzy/install/tf2_bullet:/home/pi/ros2_jazzy/install/tf2_ros:/home/pi/ros2_jazzy/install/tf2_py:/home/pi/ros2_jazzy/install/tf2_msgs:/home/pi/ros2_jazzy/install/tf2_eigen_kdl:/home/pi/ros2_jazzy/install/laser_geometry:/home/pi/ros2_jazzy/install/tf2:/home/pi/ros2_jazzy/install/test_tracetools:/home/pi/ros2_jazzy/install/test_msgs:/home/pi/ros2_jazzy/install/test_communication:/home/pi/ros2_jazzy/install/stereo_msgs:/home/pi/ros2_jazzy/install/std_srvs:/home/pi/ros2_jazzy/install/shape_msgs:/home/pi/ros2_jazzy/install/quality_of_service_demo_cpp:/home/pi/ros2_jazzy/install/point_cloud_transport_py:/home/pi/ros2_jazzy/install/point_cloud_transport:/home/pi/ros2_jazzy/install/map_msgs:/home/pi/ros2_jazzy/install/intra_process_demo:/home/pi/ros2_jazzy/install/image_transport:/home/pi/ros2_jazzy/install/image_tools:/home/pi/ros2_jazzy/install/dummy_sensors:/home/pi/ros2_jazzy/install/sensor_msgs:/home/pi/ros2_jazzy/install/ros2cli_common_extensions:/home/pi/ros2_jazzy/install/dummy_map_server:/home/pi/ros2_jazzy/install/nav_msgs:/home/pi/ros2_jazzy/install/message_filters:/home/pi/ros2_jazzy/install/logging_demo:/home/pi/ros2_jazzy/install/lifecycle:/home/pi/ros2_jazzy/install/diagnostic_msgs:/home/pi/ros2_jazzy/install/geometry_msgs:/home/pi/ros2_jazzy/install/examples_rclcpp_wait_set:/home/pi/ros2_jazzy/install/examples_rclcpp_multithreaded_executor:/home/pi/ros2_jazzy/install/examples_rclcpp_minimal_subscriber:/home/pi/ros2_jazzy/install/examples_rclcpp_minimal_publisher:/home/pi/ros2_jazzy/install/examples_rclcpp_minimal_composition:/home/pi/ros2_jazzy/install/examples_rclcpp_cbg_executor:/home/pi/ros2_jazzy/install/demo_nodes_cpp_native:/home/pi/ros2_jazzy/install/demo_nodes_cpp:/home/pi/ros2_jazzy/install/composition:/home/pi/ros2_jazzy/install/actionlib_msgs:/home/pi/ros2_jazzy/install/std_msgs:/home/pi/ros2_jazzy/install/rqt_gui_cpp:/home/pi/ros2_jazzy/install/rosbag2_test_common:/home/pi/ros2_jazzy/install/ros2lifecycle_test_fixtures:/home/pi/ros2_jazzy/install/rclcpp_lifecycle:/home/pi/ros2_jazzy/install/action_tutorials_cpp:/home/pi/ros2_jazzy/install/rclcpp_components:/home/pi/ros2_jazzy/install/examples_rclcpp_minimal_action_server:/home/pi/ros2_jazzy/install/examples_rclcpp_minimal_action_client:/home/pi/ros2_jazzy/install/rclcpp_action:/home/pi/ros2_jazzy/install/examples_rclcpp_minimal_timer:/home/pi/ros2_jazzy/install/examples_rclcpp_minimal_service:/home/pi/ros2_jazzy/install/examples_rclcpp_minimal_client:/home/pi/ros2_jazzy/install/examples_rclcpp_async_client:/home/pi/ros2_jazzy/install/rclcpp:/home/pi/ros2_jazzy/install/libstatistics_collector:/home/pi/ros2_jazzy/install/statistics_msgs:/home/pi/ros2_jazzy/install/sros2_cmake:/home/pi/ros2_jazzy/install/rqt_py_common:/home/pi/ros2_jazzy/install/ros_testing:/home/pi/ros2_jazzy/install/rclpy:/home/pi/ros2_jazzy/install/rosgraph_msgs:/home/pi/ros2_jazzy/install/rosbag2_interfaces:/home/pi/ros2_jazzy/install/ros2cli_test_interfaces:/home/pi/ros2_jazzy/install/rcl_lifecycle:/home/pi/ros2_jazzy/install/rcl_action:/home/pi/ros2_jazzy/install/rcl:/home/pi/ros2_jazzy/install/rmw_implementation:/home/pi/ros2_jazzy/install/rmw_fastrtps_dynamic_cpp:/home/pi/ros2_jazzy/install/rmw_fastrtps_cpp:/home/pi/ros2_jazzy/install/rmw_fastrtps_shared_cpp:/home/pi/ros2_jazzy/install/rmw_cyclonedds_cpp:/home/pi/ros2_jazzy/install/rmw_connextddsmicro:/home/pi/ros2_jazzy/install/rmw_connextdds:/home/pi/ros2_jazzy/install/rmw_connextdds_common:/home/pi/ros2_jazzy/install/rmw_dds_common:/home/pi/ros2_jazzy/install/composition_interfaces:/home/pi/ros2_jazzy/install/rcl_interfaces:/home/pi/ros2_jazzy/install/pendulum_msgs:/home/pi/ros2_jazzy/install/lifecycle_msgs:/home/pi/ros2_jazzy/install/example_interfaces:/home/pi/ros2_jazzy/install/action_tutorials_interfaces:/home/pi/ros2_jazzy/install/rosidl_default_runtime:/home/pi/ros2_jazzy/install/rosidl_default_generators:/home/pi/ros2_jazzy/install/action_msgs:/home/pi/ros2_jazzy/install/unique_identifier_msgs:/home/pi/ros2_jazzy/install/type_description_interfaces:/home/pi/ros2_jazzy/install/service_msgs:/home/pi/ros2_jazzy/install/builtin_interfaces:/home/pi/ros2_jazzy/install/rosidl_core_runtime:/home/pi/ros2_jazzy/install/rosidl_core_generators:/home/pi/ros2_jazzy/install/rosidl_generator_py:/home/pi/ros2_jazzy/install/ament_lint_common:/home/pi/ros2_jazzy/install/ament_cmake_uncrustify:/home/pi/ros2_jazzy/install/uncrustify_vendor:/home/pi/ros2_jazzy/install/tracetools:/home/pi/ros2_jazzy/install/tlsf:/home/pi/ros2_jazzy/install/qt_gui_core:/home/pi/ros2_jazzy/install/qt_gui_cpp:/home/pi/ros2_jazzy/install/pluginlib:/home/pi/ros2_jazzy/install/tinyxml2_vendor:/home/pi/ros2_jazzy/install/test_security:/home/pi/ros2_jazzy/install/test_rmw_implementation:/home/pi/ros2_jazzy/install/test_rclcpp:/home/pi/ros2_jazzy/install/test_quality_of_service:/home/pi/ros2_jazzy/install/test_launch_testing:/home/pi/ros2_jazzy/install/test_interface_files:/home/pi/ros2_jazzy/install/test_cli_remapping:/home/pi/ros2_jazzy/install/test_cli:/home/pi/ros2_jazzy/install/qt_gui_app:/home/pi/ros2_jazzy/install/qt_gui:/home/pi/ros2_jazzy/install/tango_icons_vendor:/home/pi/ros2_jazzy/install/sqlite3_vendor:/home/pi/ros2_jazzy/install/rcl_logging_spdlog:/home/pi/ros2_jazzy/install/spdlog_vendor:/home/pi/ros2_jazzy/install/shared_queues_vendor:/home/pi/ros2_jazzy/install/rviz_rendering_tests:/home/pi/ros2_jazzy/install/rviz_rendering:/home/pi/ros2_jazzy/install/rviz_ogre_vendor:/home/pi/ros2_jazzy/install/rviz_assimp_vendor:/home/pi/ros2_jazzy/install/rttest:/home/pi/ros2_jazzy/install/rti_connext_dds_cmake_module:/home/pi/ros2_jazzy/install/lttngpy:/home/pi/ros2_jazzy/install/rosidl_typesupport_tests:/home/pi/ros2_jazzy/install/rosidl_typesupport_introspection_tests:/home/pi/ros2_jazzy/install/rosidl_typesupport_cpp:/home/pi/ros2_jazzy/install/rosidl_typesupport_introspection_cpp:/home/pi/ros2_jazzy/install/rosidl_typesupport_c:/home/pi/ros2_jazzy/install/rosidl_typesupport_introspection_c:/home/pi/ros2_jazzy/install/rosidl_typesupport_fastrtps_c:/home/pi/ros2_jazzy/install/rosidl_typesupport_fastrtps_cpp:/home/pi/ros2_jazzy/install/rosidl_generator_cpp:/home/pi/ros2_jazzy/install/rosidl_runtime_cpp:/home/pi/ros2_jazzy/install/rosidl_dynamic_typesupport_fastrtps:/home/pi/ros2_jazzy/install/rcl_yaml_param_parser:/home/pi/ros2_jazzy/install/rmw:/home/pi/ros2_jazzy/install/rosidl_dynamic_typesupport:/home/pi/ros2_jazzy/install/rosidl_runtime_c:/home/pi/ros2_jazzy/install/rosidl_generator_c:/home/pi/ros2_jazzy/install/rosidl_typesupport_interface:/home/pi/ros2_jazzy/install/rosidl_generator_dds_idl:/home/pi/ros2_jazzy/install/rosidl_cmake:/home/pi/ros2_jazzy/install/rosidl_generator_type_description:/home/pi/ros2_jazzy/install/rosidl_parser:/home/pi/ros2_jazzy/install/rosidl_generator_tests:/home/pi/ros2_jazzy/install/rosidl_adapter:/home/pi/ros2_jazzy/install/rosbag2_tests:/home/pi/ros2_jazzy/install/rosbag2_test_msgdefs:/home/pi/ros2_jazzy/install/ros_environment:/home/pi/ros2_jazzy/install/rmw_implementation_cmake:/home/pi/ros2_jazzy/install/resource_retriever:/home/pi/ros2_jazzy/install/class_loader:/home/pi/ros2_jazzy/install/rcpputils:/home/pi/ros2_jazzy/install/rcl_logging_noop:/home/pi/ros2_jazzy/install/rcl_logging_interface:/home/pi/ros2_jazzy/install/rcutils:/home/pi/ros2_jazzy/install/qt_gui_py_common:/home/pi/ros2_jazzy/install/qt_dotgraph:/home/pi/ros2_jazzy/install/python_qt_binding:/home/pi/ros2_jazzy/install/python_orocos_kdl_vendor:/home/pi/ros2_jazzy/install/launch_testing_ament_cmake:/home/pi/ros2_jazzy/install/python_cmake_module:/home/pi/ros2_jazzy/install/pybind11_vendor:/home/pi/ros2_jazzy/install/performance_test_fixture:/home/pi/ros2_jazzy/install/osrf_testing_tools_cpp:/home/pi/ros2_jazzy/install/orocos_kdl_vendor:/home/pi/ros2_jazzy/install/mimick_vendor:/home/pi/ros2_jazzy/install/libyaml_vendor:/home/pi/ros2_jazzy/install/liblz4_vendor:/home/pi/ros2_jazzy/install/libcurl_vendor:/home/pi/ros2_jazzy/install/keyboard_handler:/home/pi/ros2_jazzy/install/iceoryx_introspection:/home/pi/ros2_jazzy/install/cyclonedds:/home/pi/ros2_jazzy/install/iceoryx_posh:/home/pi/ros2_jazzy/install/iceoryx_hoofs:/home/pi/ros2_jazzy/install/iceoryx_binding_c:/home/pi/ros2_jazzy/install/gz_math_vendor/opt/gz_math_vendor:/home/pi/ros2_jazzy/install/gz_math_vendor:/home/pi/ros2_jazzy/install/gz_utils_vendor/opt/gz_utils_vendor:/home/pi/ros2_jazzy/install/gz_utils_vendor:/home/pi/ros2_jazzy/install/gz_cmake_vendor/opt/gz_cmake_vendor:/home/pi/ros2_jazzy/install/gz_cmake_vendor:/home/pi/ros2_jazzy/install/ament_cmake_ros:/home/pi/ros2_jazzy/install/ament_cmake_auto:/home/pi/ros2_jazzy/install/ament_cmake_gmock:/home/pi/ros2_jazzy/install/gmock_vendor:/home/pi/ros2_jazzy/install/fastrtps:/home/pi/ros2_jazzy/install/fastcdr:/home/pi/ros2_jazzy/install/ament_cmake_gtest:/home/pi/ros2_jazzy/install/gtest_vendor:/home/pi/ros2_jazzy/install/ament_cmake_google_benchmark:/home/pi/ros2_jazzy/install/google_benchmark_vendor:/home/pi/ros2_jazzy/install/foonathan_memory_vendor:/home/pi/ros2_jazzy/install/fastrtps_cmake_module:/home/pi/ros2_jazzy/install/eigen3_cmake_module:/home/pi/ros2_jazzy/install/console_bridge_vendor:/home/pi/ros2_jazzy/install/ament_cmake_xmllint:/home/pi/ros2_jazzy/install/ament_cmake_pyflakes:/home/pi/ros2_jazzy/install/ament_cmake_pycodestyle:/home/pi/ros2_jazzy/install/ament_cmake_pep257:/home/pi/ros2_jazzy/install/ament_cmake_pclint:/home/pi/ros2_jazzy/install/ament_lint_auto:/home/pi/ros2_jazzy/install/ament_cmake:/home/pi/ros2_jazzy/install/ament_cmake_version:/home/pi/ros2_jazzy/install/ament_cmake_vendor_package:/home/pi/ros2_jazzy/install/ament_cmake_pytest:/home/pi/ros2_jazzy/install/ament_cmake_mypy:/home/pi/ros2_jazzy/install/ament_cmake_lint_cmake:/home/pi/ros2_jazzy/install/ament_cmake_flake8:/home/pi/ros2_jazzy/install/ament_cmake_cpplint:/home/pi/ros2_jazzy/install/ament_cmake_cppcheck:/home/pi/ros2_jazzy/install/ament_cmake_copyright:/home/pi/ros2_jazzy/install/ament_cmake_clang_tidy:/home/pi/ros2_jazzy/install/ament_cmake_clang_format:/home/pi/ros2_jazzy/install/ament_cmake_test:/home/pi/ros2_jazzy/install/ament_cmake_target_dependencies:/home/pi/ros2_jazzy/install/ament_cmake_python:/home/pi/ros2_jazzy/install/ament_cmake_export_dependencies:/home/pi/ros2_jazzy/install/ament_cmake_libraries:/home/pi/ros2_jazzy/install/ament_cmake_include_directories:/home/pi/ros2_jazzy/install/ament_cmake_gen_version_h:/home/pi/ros2_jazzy/install/ament_cmake_export_targets:/home/pi/ros2_jazzy/install/ament_cmake_export_link_flags:/home/pi/ros2_jazzy/install/ament_cmake_export_interfaces:/home/pi/ros2_jazzy/install/ament_cmake_export_libraries:/home/pi/ros2_jazzy/install/ament_cmake_export_include_directories:/home/pi/ros2_jazzy/install/ament_cmake_export_definitions:/home/pi/ros2_jazzy/install/ament_cmake_core:/home/pi/ros2_jazzy/install/ament_index_cpp:/home/pi/ros2_jazzy/install/rqt_bag_plugins:/home/pi/ros2_jazzy/install/rqt_bag:/home/pi/ros2_jazzy/install/rosbag2_examples_py:/home/pi/ros2_jazzy/install/launch_testing_examples:/home/pi/ros2_jazzy/install/ros2bag:/home/pi/ros2_jazzy/install/tracetools_test:/home/pi/ros2_jazzy/install/tracetools_launch:/home/pi/ros2_jazzy/install/topic_monitor:/home/pi/ros2_jazzy/install/tf2_tools:/home/pi/ros2_jazzy/install/examples_tf2_py:/home/pi/ros2_jazzy/install/tf2_ros_py:/home/pi/ros2_jazzy/install/examples_rclpy_pointcloud_publisher:/home/pi/ros2_jazzy/install/sensor_msgs_py:/home/pi/ros2_jazzy/install/quality_of_service_demo_py:/home/pi/ros2_jazzy/install/rqt_plot:/home/pi/ros2_jazzy/install/ros2doctor:/home/pi/ros2_jazzy/install/lifecycle_py:/home/pi/ros2_jazzy/install/examples_rclpy_minimal_subscriber:/home/pi/ros2_jazzy/install/examples_rclpy_minimal_service:/home/pi/ros2_jazzy/install/examples_rclpy_minimal_publisher:/home/pi/ros2_jazzy/install/examples_rclpy_minimal_client:/home/pi/ros2_jazzy/install/examples_rclpy_executors:/home/pi/ros2_jazzy/install/demo_nodes_py:/home/pi/ros2_jazzy/install/rqt:/home/pi/ros2_jazzy/install/ros2component:/home/pi/ros2_jazzy/install/sros2:/home/pi/ros2_jazzy/install/rqt_topic:/home/pi/ros2_jazzy/install/rqt_srv:/home/pi/ros2_jazzy/install/rqt_shell:/home/pi/ros2_jazzy/install/rqt_service_caller:/home/pi/ros2_jazzy/install/rqt_reconfigure:/home/pi/ros2_jazzy/install/rqt_py_console:/home/pi/ros2_jazzy/install/rqt_publisher:/home/pi/ros2_jazzy/install/rqt_action:/home/pi/ros2_jazzy/install/rqt_msg:/home/pi/ros2_jazzy/install/rqt_console:/home/pi/ros2_jazzy/install/rqt_graph:/home/pi/ros2_jazzy/install/rqt_gui_py:/home/pi/ros2_jazzy/install/rqt_gui:/home/pi/ros2_jazzy/install/ros2trace:/home/pi/ros2_jazzy/install/ros2topic:/home/pi/ros2_jazzy/install/ros2test:/home/pi/ros2_jazzy/install/ros2param:/home/pi/ros2_jazzy/install/ros2lifecycle:/home/pi/ros2_jazzy/install/ros2service:/home/pi/ros2_jazzy/install/ros2run:/home/pi/ros2_jazzy/install/ros2launch:/home/pi/ros2_jazzy/install/ros2pkg:/home/pi/ros2_jazzy/install/ros2node:/home/pi/ros2_jazzy/install/ros2multicast:/home/pi/ros2_jazzy/install/ros2interface:/home/pi/ros2_jazzy/install/ros2action:/home/pi/ros2_jazzy/install/ros2cli:/home/pi/ros2_jazzy/install/launch_testing_ros:/home/pi/ros2_jazzy/install/launch_ros:/home/pi/ros2_jazzy/install/examples_rclpy_minimal_action_server:/home/pi/ros2_jazzy/install/examples_rclpy_minimal_action_client:/home/pi/ros2_jazzy/install/examples_rclpy_guard_conditions:/home/pi/ros2_jazzy/install/action_tutorials_py:/home/pi/ros2_jazzy/install/ament_uncrustify:/home/pi/ros2_jazzy/install/tracetools_trace:/home/pi/ros2_jazzy/install/tracetools_read:/home/pi/ros2_jazzy/install/test_tracetools_launch:/home/pi/ros2_jazzy/install/test_ros2trace:/home/pi/ros2_jazzy/install/test_launch_ros:/home/pi/ros2_jazzy/install/rpyutils:/home/pi/ros2_jazzy/install/rosidl_runtime_py:/home/pi/ros2_jazzy/install/rosidl_pycommon:/home/pi/ros2_jazzy/install/rosidl_cli:/home/pi/ros2_jazzy/install/launch_pytest:/home/pi/ros2_jazzy/install/launch_testing:/home/pi/ros2_jazzy/install/launch_yaml:/home/pi/ros2_jazzy/install/launch_xml:/home/pi/ros2_jazzy/install/launch:/home/pi/ros2_jazzy/install/osrf_pycommon:/home/pi/ros2_jazzy/install/domain_coordinator:/home/pi/ros2_jazzy/install/ament_xmllint:/home/pi/ros2_jazzy/install/ament_pyflakes:/home/pi/ros2_jazzy/install/ament_pycodestyle:/home/pi/ros2_jazzy/install/ament_pep257:/home/pi/ros2_jazzy/install/ament_pclint:/home/pi/ros2_jazzy/install/ament_package:/home/pi/ros2_jazzy/install/ament_mypy:/home/pi/ros2_jazzy/install/ament_lint_cmake:/home/pi/ros2_jazzy/install/ament_flake8:/home/pi/ros2_jazzy/install/ament_copyright:/home/pi/ros2_jazzy/install/ament_lint:/home/pi/ros2_jazzy/install/ament_index_python:/home/pi/ros2_jazzy/install/ament_cpplint:/home/pi/ros2_jazzy/install/ament_cppcheck:/home/pi/ros2_jazzy/install/ament_clang_tidy:/home/pi/ros2_jazzy/install/ament_clang_format /usr/bin/cmake --build /home/pi/torsobot/Code/Code/ros2_ws/build/torsobot -- -j4 -l4
[4.478s] [ 50%] [32mBuilding CXX object CMakeFiles/mcu_node.dir/src/mcu_node.cpp.o[0m
[4.479s] [ 50%] [32mBuilding CXX object CMakeFiles/data_logger_node.dir/src/data_logger_node.cpp.o[0m
[8.164s] [01m[K/home/pi/torsobot/Code/Code/ros2_ws/src/torsobot/src/data_logger_node.cpp:122:39:[m[K [01;31m[Kerror: [m[K[01m[Ksrv[m[K is not a member of [01m[Ktorsobot_interfaces[m[K; did you mean [01m[Krcl_interfaces::srv[m[K?
[8.164s]   122 |   rclcpp::Client<torsobot_interfaces::[01;31m[Ksrv[m[K::RequestControlParams>::SharedPtr service_client_;
[8.164s]       |                                       [01;31m[K^~~[m[K
[8.165s] In file included from [01m[K/home/pi/ros2_jazzy/build/rcl_interfaces/rosidl_generator_cpp/rcl_interfaces/srv/list_parameters.hpp:7[m[K,
[8.165s]                  from [01m[K/home/pi/ros2_jazzy/install/rclcpp/include/rclcpp/rclcpp/copy_all_parameter_values.hpp:21[m[K,
[8.165s]                  from [01m[K/home/pi/ros2_jazzy/install/rclcpp/include/rclcpp/rclcpp/rclcpp.hpp:171[m[K,
[8.165s]                  from [01m[K/home/pi/torsobot/Code/Code/ros2_ws/src/torsobot/src/data_logger_node.cpp:3[m[K:
[8.165s] [01m[K/home/pi/ros2_jazzy/build/rcl_interfaces/rosidl_generator_cpp/rcl_interfaces/srv/detail/list_parameters__struct.hpp:30:11:[m[K [01;36m[Knote: [m[K[01m[Krcl_interfaces::srv[m[K declared here
[8.166s]    30 | namespace [01;36m[Ksrv[m[K
[8.166s]       |           [01;36m[K^~~[m[K
[8.166s] [01m[K/home/pi/torsobot/Code/Code/ros2_ws/src/torsobot/src/data_logger_node.cpp:122:64:[m[K [01;31m[Kerror: [m[Ktemplate argument 1 is invalid
[8.166s]   122 |   rclcpp::Client<torsobot_interfaces::srv::RequestControlParams[01;31m[K>[m[K::SharedPtr service_client_;
[8.166s]       |                                                                [01;31m[K^[m[K
[8.166s] [01m[K/home/pi/torsobot/Code/Code/ros2_ws/src/torsobot/src/data_logger_node.cpp:122:67:[m[K [01;31m[Kerror: [m[Kexpected [01m[K;[m[K at end of member declaration
[8.166s]   122 |   rclcpp::Client<torsobot_interfaces::srv::RequestControlParams>::[01;31m[KSharedPtr[m[K service_client_;
[8.166s]       |                                                                   [01;31m[K^~~~~~~~~[m[K
[8.166s]       |                                                                            [32m[K;[m[K
[8.169s] [01m[K/home/pi/torsobot/Code/Code/ros2_ws/src/torsobot/src/data_logger_node.cpp:122:77:[m[K [01;31m[Kerror: [m[K[01m[Kservice_client_[m[K does not name a type
[8.169s]   122 |   rclcpp::Client<torsobot_interfaces::srv::RequestControlParams>::SharedPtr [01;31m[Kservice_client_[m[K;
[8.169s]       |                                                                             [01;31m[K^~~~~~~~~~~~~~~[m[K
[8.178s] [01m[K/home/pi/torsobot/Code/Code/ros2_ws/src/torsobot/src/mcu_node.cpp:[m[K In constructor [01m[KMCUNode::MCUNode()[m[K:
[8.178s] [01m[K/home/pi/torsobot/Code/Code/ros2_ws/src/torsobot/src/mcu_node.cpp:116:9:[m[K [01;35m[Kwarning: [m[Kunused variable [01m[Kget_sensor_val_desired_torso_pitch[m[K [[01;35m[K]8;;https://gcc.gnu.org/onlinedocs/gcc/Warning-Options.html#index-Wunused-variable-Wunused-variable]8;;[m[K]
[8.178s]   116 |     int [01;35m[Kget_sensor_val_desired_torso_pitch[m[K = getSensorValue(DESIRED_TORSO_PITCH_CMD, &desired_torso_pitch);
[8.178s]       |         [01;35m[K^~~~~~~~~~~~~~~~~~~~~~~~~~~~~~~~~~[m[K
[8.178s] [01m[K/home/pi/torsobot/Code/Code/ros2_ws/src/torsobot/src/mcu_node.cpp:119:9:[m[K [01;35m[Kwarning: [m[Kunused variable [01m[Kget_sensor_val_mot_max_torque[m[K [[01;35m[K]8;;https://gcc.gnu.org/onlinedocs/gcc/Warning-Options.html#index-Wunused-variable-Wunused-variable]8;;[m[K]
[8.178s]   119 |     int [01;35m[Kget_sensor_val_mot_max_torque[m[K = getSensorValue(MOTOR_MAX_TORQUE_CMD, &mot_max_torque);
[8.178s]       |         [01;35m[K^~~~~~~~~~~~~~~~~~~~~~~~~~~~~[m[K
[8.178s] [01m[K/home/pi/torsobot/Code/Code/ros2_ws/src/torsobot/src/mcu_node.cpp:122:9:[m[K [01;35m[Kwarning: [m[Kunused variable [01m[Kget_sensor_val_kp[m[K [[01;35m[K]8;;https://gcc.gnu.org/onlinedocs/gcc/Warning-Options.html#index-Wunused-variable-Wunused-variable]8;;[m[K]
[8.178s]   122 |     int [01;35m[Kget_sensor_val_kp[m[K = getSensorValue(KP_CMD, &kp);
[8.178s]       |         [01;35m[K^~~~~~~~~~~~~~~~~[m[K
[8.179s] [01m[K/home/pi/torsobot/Code/Code/ros2_ws/src/torsobot/src/mcu_node.cpp:123:9:[m[K [01;35m[Kwarning: [m[Kunused variable [01m[Kget_sensor_val_ki[m[K [[01;35m[K]8;;https://gcc.gnu.org/onlinedocs/gcc/Warning-Options.html#index-Wunused-variable-Wunused-variable]8;;[m[K]
[8.179s]   123 |     int [01;35m[Kget_sensor_val_ki[m[K = getSensorValue(KI_CMD, &ki);
[8.179s]       |         [01;35m[K^~~~~~~~~~~~~~~~~[m[K
[8.179s] [01m[K/home/pi/torsobot/Code/Code/ros2_ws/src/torsobot/src/mcu_node.cpp:124:9:[m[K [01;35m[Kwarning: [m[Kunused variable [01m[Kget_sensor_val_kd[m[K [[01;35m[K]8;;https://gcc.gnu.org/onlinedocs/gcc/Warning-Options.html#index-Wunused-variable-Wunused-variable]8;;[m[K]
[8.179s]   124 |     int [01;35m[Kget_sensor_val_kd[m[K = getSensorValue(KD_CMD, &kd);
[8.179s]       |         [01;35m[K^~~~~~~~~~~~~~~~~[m[K
[8.230s] [01m[K/home/pi/torsobot/Code/Code/ros2_ws/src/torsobot/src/data_logger_node.cpp:145:59:[m[K [01;31m[Kerror: [m[K[01m[Ksrv[m[K is not a member of [01m[Ktorsobot_interfaces[m[K; did you mean [01m[Krcl_interfaces::srv[m[K?
[8.230s]   145 |   void handleResponse(rclcpp::Client<torsobot_interfaces::[01;31m[Ksrv[m[K::RequestControlParams>::SharedFuture future)
[8.230s]       |                                                           [01;31m[K^~~[m[K
[8.230s] [01m[K/home/pi/ros2_jazzy/build/rcl_interfaces/rosidl_generator_cpp/rcl_interfaces/srv/detail/list_parameters__struct.hpp:30:11:[m[K [01;36m[Knote: [m[K[01m[Krcl_interfaces::srv[m[K declared here
[8.231s]    30 | namespace [01;36m[Ksrv[m[K
[8.231s]       |           [01;36m[K^~~[m[K
[8.231s] [01m[K/home/pi/torsobot/Code/Code/ros2_ws/src/torsobot/src/data_logger_node.cpp:145:84:[m[K [01;31m[Kerror: [m[Ktemplate argument 1 is invalid
[8.231s]   145 |   void handleResponse(rclcpp::Client<torsobot_interfaces::srv::RequestControlParams[01;31m[K>[m[K::SharedFuture future)
[8.231s]       |                                                                                    [01;31m[K^[m[K
[8.231s] [01m[K/home/pi/torsobot/Code/Code/ros2_ws/src/torsobot/src/data_logger_node.cpp:145:59:[m[K [01;31m[Kerror: [m[K[01m[Ksrv[m[K is not a member of [01m[Ktorsobot_interfaces[m[K; did you mean [01m[Krcl_interfaces::srv[m[K?
[8.231s]   145 |   void handleResponse(rclcpp::Client<torsobot_interfaces::[01;31m[Ksrv[m[K::RequestControlParams>::SharedFuture future)
[8.231s]       |                                                           [01;31m[K^~~[m[K
[8.231s] [01m[K/home/pi/ros2_jazzy/build/rcl_interfaces/rosidl_generator_cpp/rcl_interfaces/srv/detail/list_parameters__struct.hpp:30:11:[m[K [01;36m[Knote: [m[K[01m[Krcl_interfaces::srv[m[K declared here
[8.231s]    30 | namespace [01;36m[Ksrv[m[K
[8.231s]       |           [01;36m[K^~~[m[K
[8.231s] [01m[K/home/pi/torsobot/Code/Code/ros2_ws/src/torsobot/src/data_logger_node.cpp:145:84:[m[K [01;31m[Kerror: [m[Ktemplate argument 1 is invalid
[8.231s]   145 |   void handleResponse(rclcpp::Client<torsobot_interfaces::srv::RequestControlParams[01;31m[K>[m[K::SharedFuture future)
[8.231s]       |                                                                                    [01;31m[K^[m[K
[8.231s] [01m[K/home/pi/torsobot/Code/Code/ros2_ws/src/torsobot/src/data_logger_node.cpp:145:59:[m[K [01;31m[Kerror: [m[K[01m[Ksrv[m[K is not a member of [01m[Ktorsobot_interfaces[m[K; did you mean [01m[Krcl_interfaces::srv[m[K?
[8.231s]   145 |   void handleResponse(rclcpp::Client<torsobot_interfaces::[01;31m[Ksrv[m[K::RequestControlParams>::SharedFuture future)
[8.231s]       |                                                           [01;31m[K^~~[m[K
[8.231s] [01m[K/home/pi/ros2_jazzy/build/rcl_interfaces/rosidl_generator_cpp/rcl_interfaces/srv/detail/list_parameters__struct.hpp:30:11:[m[K [01;36m[Knote: [m[K[01m[Krcl_interfaces::srv[m[K declared here
[8.231s]    30 | namespace [01;36m[Ksrv[m[K
[8.232s]       |           [01;36m[K^~~[m[K
[8.232s] [01m[K/home/pi/torsobot/Code/Code/ros2_ws/src/torsobot/src/data_logger_node.cpp:145:84:[m[K [01;31m[Kerror: [m[Ktemplate argument 1 is invalid
[8.232s]   145 |   void handleResponse(rclcpp::Client<torsobot_interfaces::srv::RequestControlParams[01;31m[K>[m[K::SharedFuture future)
[8.232s]       |                                                                                    [01;31m[K^[m[K
[8.232s] [01m[K/home/pi/torsobot/Code/Code/ros2_ws/src/torsobot/src/data_logger_node.cpp:145:23:[m[K [01;31m[Kerror: [m[Kinvalid template-id
[8.238s]   145 |   void handleResponse([01;31m[Krclcpp[m[K::Client<torsobot_interfaces::srv::RequestControlParams>::SharedFuture future)
[8.238s]       |                       [01;31m[K^~~~~~[m[K
[8.238s] [01m[K/home/pi/torsobot/Code/Code/ros2_ws/src/torsobot/src/data_logger_node.cpp:145:59:[m[K [01;31m[Kerror: [m[K[01m[Ktorsobot_interfaces::srv[m[K has not been declared
[8.238s]   145 |   void handleResponse(rclcpp::Client<torsobot_interfaces::[01;31m[Ksrv[m[K::RequestControlParams>::SharedFuture future)
[8.238s]       |                                                           [01;31m[K^~~[m[K
[8.238s] [01m[K/home/pi/torsobot/Code/Code/ros2_ws/src/torsobot/src/data_logger_node.cpp:145:100:[m[K [01;31m[Kerror: [m[Kexpected unqualified-id before [01m[Kfuture[m[K
[8.238s]   145 |   void handleResponse(rclcpp::Client<torsobot_interfaces::srv::RequestControlParams>::SharedFuture [01;31m[Kfuture[m[K)
[8.238s]       |                                                                                                    [01;31m[K^~~~~~[m[K
[8.238s] [01m[K/home/pi/torsobot/Code/Code/ros2_ws/src/torsobot/src/data_logger_node.cpp:145:99:[m[K [01;31m[Kerror: [m[Kexpected [01m[K)[m[K before [01m[Kfuture[m[K
[8.238s]   145 |   void handleResponse[34m[K([m[Krclcpp::Client<torsobot_interfaces::srv::RequestControlParams>::SharedFuture[01;31m[K [m[K[32m[Kfuture[m[K)
[8.238s]       |                      [34m[K~[m[K                                                                            [01;31m[K^[m[K[32m[K~~~~~~[m[K
[8.238s]       |                                                                                                   [32m[K)[m[K
[8.238s] [01m[K/home/pi/torsobot/Code/Code/ros2_ws/src/torsobot/src/data_logger_node.cpp:145:87:[m[K [01;31m[Kerror: [m[Kexpected [01m[K;[m[K at end of member declaration
[8.239s]   145 |   void handleResponse(rclcpp::Client<torsobot_interfaces::srv::RequestControlParams>::[01;31m[KSharedFuture[m[K future)
[8.239s]       |                                                                                       [01;31m[K^~~~~~~~~~~~[m[K
[8.239s]       |                                                                                                   [32m[K;[m[K
[8.239s] [01m[K/home/pi/torsobot/Code/Code/ros2_ws/src/torsobot/src/data_logger_node.cpp:145:100:[m[K [01;31m[Kerror: [m[K[01m[Kfuture[m[K does not name a type
[8.239s]   145 |   void handleResponse(rclcpp::Client<torsobot_interfaces::srv::RequestControlParams>::SharedFuture [01;31m[Kfuture[m[K)
[8.239s]       |                                                                                                    [01;31m[K^~~~~~[m[K
[8.264s] [01m[K/home/pi/torsobot/Code/Code/ros2_ws/src/torsobot/src/data_logger_node.cpp:[m[K In constructor [01m[KDataLoggerNode::DataLoggerNode()[m[K:
[8.264s] [01m[K/home/pi/torsobot/Code/Code/ros2_ws/src/torsobot/src/data_logger_node.cpp:94:5:[m[K [01;31m[Kerror: [m[K[01m[Kservice_client_[m[K was not declared in this scope
[8.264s]    94 |     [01;31m[Kservice_client_[m[K = this->create_client<torsobot_interfaces::srv::RequestControlParams>("control_params");
[8.264s]       |     [01;31m[K^~~~~~~~~~~~~~~[m[K
[8.266s] [01m[K/home/pi/torsobot/Code/Code/ros2_ws/src/torsobot/src/data_logger_node.cpp:94:64:[m[K [01;31m[Kerror: [m[K[01m[Ksrv[m[K is not a member of [01m[Ktorsobot_interfaces[m[K; did you mean [01m[Krcl_interfaces::srv[m[K?
[8.266s]    94 |     service_client_ = this->create_client<torsobot_interfaces::[01;31m[Ksrv[m[K::RequestControlParams>("control_params");
[8.266s]       |                                                                [01;31m[K^~~[m[K
[8.266s] [01m[K/home/pi/ros2_jazzy/build/rcl_interfaces/rosidl_generator_cpp/rcl_interfaces/srv/detail/list_parameters__struct.hpp:30:11:[m[K [01;36m[Knote: [m[K[01m[Krcl_interfaces::srv[m[K declared here
[8.266s]    30 | namespace [01;36m[Ksrv[m[K
[8.266s]       |           [01;36m[K^~~[m[K
[8.266s] [01m[K/home/pi/torsobot/Code/Code/ros2_ws/src/torsobot/src/data_logger_node.cpp:94:29:[m[K [01;31m[Kerror: [m[Kparse error in template argument list
[8.266s]    94 |     service_client_ = this->[01;31m[Kcreate_client<torsobot_interfaces::srv::RequestControlParams>[m[K("control_params");
[8.266s]       |                             [01;31m[K^~~~~~~~~~~~~~~~~~~~~~~~~~~~~~~~~~~~~~~~~~~~~~~~~~~~~~~~~~~~~[m[K
[8.267s] [01m[K/home/pi/torsobot/Code/Code/ros2_ws/src/torsobot/src/data_logger_node.cpp:94:90:[m[K [01;31m[Kerror: [m[Kno matching function for call to [01m[KDataLoggerNode::create_client<<expression error> >(const char [15])[m[K
[8.267s]    94 |     service_client_ = [01;31m[Kthis->create_client<torsobot_interfaces::srv::RequestControlParams>("control_params")[m[K;
[8.267s]       |                       [01;31m[K~~~~~~~~~~~~~~~~~~~~~~~~~~~~~~~~~~~~~~~~~~~~~~~~~~~~~~~~~~~~~~~~~~~^~~~~~~~~~~~~~~~~~[m[K
[8.267s] In file included from [01m[K/home/pi/ros2_jazzy/install/rclcpp/include/rclcpp/rclcpp/executors/single_threaded_executor.hpp:28[m[K,
[8.269s]                  from [01m[K/home/pi/ros2_jazzy/install/rclcpp/include/rclcpp/rclcpp/executors.hpp:22[m[K,
[8.269s]                  from [01m[K/home/pi/ros2_jazzy/install/rclcpp/include/rclcpp/rclcpp/rclcpp.hpp:172[m[K:
[8.269s] [01m[K/home/pi/ros2_jazzy/install/rclcpp/include/rclcpp/rclcpp/node.hpp:271:3:[m[K [01;36m[Knote: [m[Kcandidate: [01m[Ktemplate<class ServiceT> typename rclcpp::Client<ServiceT>::SharedPtr rclcpp::Node::create_client(const std::string&, const rmw_qos_profile_t&, rclcpp::CallbackGroup::SharedPtr)[m[K
[8.269s]   271 |   [01;36m[Kcreate_client[m[K(
[8.269s]       |   [01;36m[K^~~~~~~~~~~~~[m[K
[8.270s] [01m[K/home/pi/ros2_jazzy/install/rclcpp/include/rclcpp/rclcpp/node.hpp:271:3:[m[K [01;36m[Knote: [m[K  candidate expects 2 arguments, 1 provided
[8.270s] [01m[K/home/pi/ros2_jazzy/install/rclcpp/include/rclcpp/rclcpp/node.hpp:285:3:[m[K [01;36m[Knote: [m[Kcandidate: [01m[Ktemplate<class ServiceT> typename rclcpp::Client<ServiceT>::SharedPtr rclcpp::Node::create_client(const std::string&, const rclcpp::QoS&, rclcpp::CallbackGroup::SharedPtr)[m[K
[8.270s]   285 |   [01;36m[Kcreate_client[m[K(
[8.270s]       |   [01;36m[K^~~~~~~~~~~~~[m[K
[8.270s] [01m[K/home/pi/ros2_jazzy/install/rclcpp/include/rclcpp/rclcpp/node.hpp:285:3:[m[K [01;36m[Knote: [m[K  template argument deduction/substitution failed:
[8.270s] [01m[K/home/pi/torsobot/Code/Code/ros2_ws/src/torsobot/src/data_logger_node.cpp:94:90:[m[K [01;31m[Kerror: [m[Ktemplate argument 1 is invalid
[8.270s]    94 |     service_client_ = [01;31m[Kthis->create_client<torsobot_interfaces::srv::RequestControlParams>("control_params")[m[K;
[8.270s]       |                       [01;31m[K~~~~~~~~~~~~~~~~~~~~~~~~~~~~~~~~~~~~~~~~~~~~~~~~~~~~~~~~~~~~~~~~~~~^~~~~~~~~~~~~~~~~~[m[K
[8.270s] [01m[K/home/pi/torsobot/Code/Code/ros2_ws/src/torsobot/src/data_logger_node.cpp:100:44:[m[K [01;31m[Kerror: [m[Kunable to find numeric literal operator [01m[Koperator""s[m[K
[8.270s]   100 |     if (!service_client_->wait_for_service([01;31m[K1s[m[K))
[8.270s]       |                                            [01;31m[K^~[m[K
[8.270s] [01m[K/home/pi/torsobot/Code/Code/ros2_ws/src/torsobot/src/data_logger_node.cpp:113:58:[m[K [01;31m[Kerror: [m[K[01m[Ksrv[m[K is not a member of [01m[Ktorsobot_interfaces[m[K; did you mean [01m[Krcl_interfaces::srv[m[K?
[8.270s]   113 |     auto request = std::make_shared<torsobot_interfaces::[01;31m[Ksrv[m[K::RequestControlParams::Request>();
[8.270s]       |                                                          [01;31m[K^~~[m[K
[8.270s] [01m[K/home/pi/ros2_jazzy/build/rcl_interfaces/rosidl_generator_cpp/rcl_interfaces/srv/detail/list_parameters__struct.hpp:30:11:[m[K [01;36m[Knote: [m[K[01m[Krcl_interfaces::srv[m[K declared here
[8.270s]    30 | namespace [01;36m[Ksrv[m[K
[8.270s]       |           [01;36m[K^~~[m[K
[8.271s] [01m[K/home/pi/torsobot/Code/Code/ros2_ws/src/torsobot/src/data_logger_node.cpp:113:25:[m[K [01;31m[Kerror: [m[Kparse error in template argument list
[8.271s]   113 |     auto request = std::[01;31m[Kmake_shared<torsobot_interfaces::srv::RequestControlParams::Request>[m[K();
[8.271s]       |                         [01;31m[K^~~~~~~~~~~~~~~~~~~~~~~~~~~~~~~~~~~~~~~~~~~~~~~~~~~~~~~~~~~~~~~~~~~~[m[K
[8.271s] [01m[K/home/pi/torsobot/Code/Code/ros2_ws/src/torsobot/src/data_logger_node.cpp:113:93:[m[K [01;31m[Kerror: [m[Kno matching function for call to [01m[Kmake_shared<<expression error> >()[m[K
[8.271s]   113 |     auto request = [01;31m[Kstd::make_shared<torsobot_interfaces::srv::RequestControlParams::Request>()[m[K;
[8.271s]       |                    [01;31m[K~~~~~~~~~~~~~~~~~~~~~~~~~~~~~~~~~~~~~~~~~~~~~~~~~~~~~~~~~~~~~~~~~~~~~~~~~^~[m[K
[8.271s] In file included from [01m[K/usr/include/c++/12/memory:77[m[K,
[8.271s]                  from [01m[K/home/pi/ros2_jazzy/install/rclcpp/include/rclcpp/rclcpp/rclcpp.hpp:169[m[K:
[8.271s] [01m[K/usr/include/c++/12/bits/shared_ptr.h:1005:5:[m[K [01;36m[Knote: [m[Kcandidate: [01m[Ktemplate<class _Tp, class ... _Args> std::shared_ptr<typename std::enable_if<(! std::is_array< <template-parameter-1-1> >::value), _Tp>::type> std::make_shared(_Args&& ...)[m[K
[8.271s]  1005 |     [01;36m[Kmake_shared[m[K(_Args&&... __args)
[8.271s]       |     [01;36m[K^~~~~~~~~~~[m[K
[8.271s] [01m[K/usr/include/c++/12/bits/shared_ptr.h:1005:5:[m[K [01;36m[Knote: [m[K  template argument deduction/substitution failed:
[8.271s] [01m[K/home/pi/torsobot/Code/Code/ros2_ws/src/torsobot/src/data_logger_node.cpp:113:93:[m[K [01;31m[Kerror: [m[Ktemplate argument 1 is invalid
[8.271s]   113 |     auto request = [01;31m[Kstd::make_shared<torsobot_interfaces::srv::RequestControlParams::Request>()[m[K;
[8.271s]       |                    [01;31m[K~~~~~~~~~~~~~~~~~~~~~~~~~~~~~~~~~~~~~~~~~~~~~~~~~~~~~~~~~~~~~~~~~~~~~~~~~^~[m[K
[11.642s] gmake[2]: *** [CMakeFiles/data_logger_node.dir/build.make:76: CMakeFiles/data_logger_node.dir/src/data_logger_node.cpp.o] Error 1
[11.643s] gmake[1]: *** [CMakeFiles/Makefile2:165: CMakeFiles/data_logger_node.dir/all] Error 2
[11.643s] gmake[1]: *** Waiting for unfinished jobs....
[13.662s] [ 75%] [32m[1mLinking CXX executable mcu_node[0m
[15.268s] [ 75%] Built target mcu_node
[15.269s] gmake: *** [Makefile:146: all] Error 2
[15.272s] Invoked command in '/home/pi/torsobot/Code/Code/ros2_ws/build/torsobot' returned '2': CMAKE_PREFIX_PATH=/home/pi/torsobot/Code/Code/ros2_ws/install/torsobot_interfaces:/home/pi/torsobot/Code/Code/ros2_ws/install/torsobot:/home/pi/ros2_jazzy/install/rosbag2:/home/pi/ros2_jazzy/install/rosbag2_storage_default_plugins:/home/pi/ros2_jazzy/install/rosbag2_storage_mcap:/home/pi/ros2_jazzy/install/rosbag2_compression_zstd:/home/pi/ros2_jazzy/install/mcap_vendor:/home/pi/ros2_jazzy/install/zstd_vendor:/home/pi/ros2_jazzy/install/rviz_visual_testing_framework:/home/pi/ros2_jazzy/install/rviz2:/home/pi/ros2_jazzy/install/rviz_default_plugins:/home/pi/ros2_jazzy/install/rviz_common:/home/pi/ros2_jazzy/install/rosbag2_py:/home/pi/ros2_jazzy/install/rosbag2_transport:/home/pi/ros2_jazzy/install/rosbag2_storage_sqlite3:/home/pi/ros2_jazzy/install/rosbag2_examples_cpp:/home/pi/ros2_jazzy/install/rosbag2_compression:/home/pi/ros2_jazzy/install/rosbag2_cpp:/home/pi/ros2_jazzy/install/rosbag2_storage:/home/pi/ros2_jazzy/install/image_common:/home/pi/ros2_jazzy/install/camera_info_manager:/home/pi/ros2_jazzy/install/camera_calibration_parsers:/home/pi/ros2_jazzy/install/yaml_cpp_vendor/opt/yaml_cpp_vendor:/home/pi/ros2_jazzy/install/yaml_cpp_vendor:/home/pi/ros2_jazzy/install/interactive_markers:/home/pi/ros2_jazzy/install/common_interfaces:/home/pi/ros2_jazzy/install/visualization_msgs:/home/pi/ros2_jazzy/install/dummy_robot_bringup:/home/pi/ros2_jazzy/install/robot_state_publisher:/home/pi/ros2_jazzy/install/kdl_parser:/home/pi/ros2_jazzy/install/urdf:/home/pi/ros2_jazzy/install/urdfdom:/home/pi/ros2_jazzy/install/urdf_parser_plugin:/home/pi/ros2_jazzy/install/urdfdom_headers:/home/pi/ros2_jazzy/install/turtlesim:/home/pi/ros2_jazzy/install/trajectory_msgs:/home/pi/ros2_jazzy/install/topic_statistics_demo:/home/pi/ros2_jazzy/install/pendulum_control:/home/pi/ros2_jazzy/install/tlsf_cpp:/home/pi/ros2_jazzy/install/geometry2:/home/pi/ros2_jazzy/install/tf2_sensor_msgs:/home/pi/ros2_jazzy/install/test_tf2:/home/pi/ros2_jazzy/install/tf2_kdl:/home/pi/ros2_jazzy/install/tf2_geometry_msgs:/home/pi/ros2_jazzy/install/tf2_eigen:/home/pi/ros2_jazzy/install/tf2_bullet:/home/pi/ros2_jazzy/install/tf2_ros:/home/pi/ros2_jazzy/install/tf2_py:/home/pi/ros2_jazzy/install/tf2_msgs:/home/pi/ros2_jazzy/install/tf2_eigen_kdl:/home/pi/ros2_jazzy/install/laser_geometry:/home/pi/ros2_jazzy/install/tf2:/home/pi/ros2_jazzy/install/test_tracetools:/home/pi/ros2_jazzy/install/test_msgs:/home/pi/ros2_jazzy/install/test_communication:/home/pi/ros2_jazzy/install/stereo_msgs:/home/pi/ros2_jazzy/install/std_srvs:/home/pi/ros2_jazzy/install/shape_msgs:/home/pi/ros2_jazzy/install/quality_of_service_demo_cpp:/home/pi/ros2_jazzy/install/point_cloud_transport_py:/home/pi/ros2_jazzy/install/point_cloud_transport:/home/pi/ros2_jazzy/install/map_msgs:/home/pi/ros2_jazzy/install/intra_process_demo:/home/pi/ros2_jazzy/install/image_transport:/home/pi/ros2_jazzy/install/image_tools:/home/pi/ros2_jazzy/install/dummy_sensors:/home/pi/ros2_jazzy/install/sensor_msgs:/home/pi/ros2_jazzy/install/ros2cli_common_extensions:/home/pi/ros2_jazzy/install/dummy_map_server:/home/pi/ros2_jazzy/install/nav_msgs:/home/pi/ros2_jazzy/install/message_filters:/home/pi/ros2_jazzy/install/logging_demo:/home/pi/ros2_jazzy/install/lifecycle:/home/pi/ros2_jazzy/install/diagnostic_msgs:/home/pi/ros2_jazzy/install/geometry_msgs:/home/pi/ros2_jazzy/install/examples_rclcpp_wait_set:/home/pi/ros2_jazzy/install/examples_rclcpp_multithreaded_executor:/home/pi/ros2_jazzy/install/examples_rclcpp_minimal_subscriber:/home/pi/ros2_jazzy/install/examples_rclcpp_minimal_publisher:/home/pi/ros2_jazzy/install/examples_rclcpp_minimal_composition:/home/pi/ros2_jazzy/install/examples_rclcpp_cbg_executor:/home/pi/ros2_jazzy/install/demo_nodes_cpp_native:/home/pi/ros2_jazzy/install/demo_nodes_cpp:/home/pi/ros2_jazzy/install/composition:/home/pi/ros2_jazzy/install/actionlib_msgs:/home/pi/ros2_jazzy/install/std_msgs:/home/pi/ros2_jazzy/install/rqt_gui_cpp:/home/pi/ros2_jazzy/install/rosbag2_test_common:/home/pi/ros2_jazzy/install/ros2lifecycle_test_fixtures:/home/pi/ros2_jazzy/install/rclcpp_lifecycle:/home/pi/ros2_jazzy/install/action_tutorials_cpp:/home/pi/ros2_jazzy/install/rclcpp_components:/home/pi/ros2_jazzy/install/examples_rclcpp_minimal_action_server:/home/pi/ros2_jazzy/install/examples_rclcpp_minimal_action_client:/home/pi/ros2_jazzy/install/rclcpp_action:/home/pi/ros2_jazzy/install/examples_rclcpp_minimal_timer:/home/pi/ros2_jazzy/install/examples_rclcpp_minimal_service:/home/pi/ros2_jazzy/install/examples_rclcpp_minimal_client:/home/pi/ros2_jazzy/install/examples_rclcpp_async_client:/home/pi/ros2_jazzy/install/rclcpp:/home/pi/ros2_jazzy/install/libstatistics_collector:/home/pi/ros2_jazzy/install/statistics_msgs:/home/pi/ros2_jazzy/install/sros2_cmake:/home/pi/ros2_jazzy/install/rqt_py_common:/home/pi/ros2_jazzy/install/ros_testing:/home/pi/ros2_jazzy/install/rclpy:/home/pi/ros2_jazzy/install/rosgraph_msgs:/home/pi/ros2_jazzy/install/rosbag2_interfaces:/home/pi/ros2_jazzy/install/ros2cli_test_interfaces:/home/pi/ros2_jazzy/install/rcl_lifecycle:/home/pi/ros2_jazzy/install/rcl_action:/home/pi/ros2_jazzy/install/rcl:/home/pi/ros2_jazzy/install/rmw_implementation:/home/pi/ros2_jazzy/install/rmw_fastrtps_dynamic_cpp:/home/pi/ros2_jazzy/install/rmw_fastrtps_cpp:/home/pi/ros2_jazzy/install/rmw_fastrtps_shared_cpp:/home/pi/ros2_jazzy/install/rmw_cyclonedds_cpp:/home/pi/ros2_jazzy/install/rmw_connextddsmicro:/home/pi/ros2_jazzy/install/rmw_connextdds:/home/pi/ros2_jazzy/install/rmw_connextdds_common:/home/pi/ros2_jazzy/install/rmw_dds_common:/home/pi/ros2_jazzy/install/composition_interfaces:/home/pi/ros2_jazzy/install/rcl_interfaces:/home/pi/ros2_jazzy/install/pendulum_msgs:/home/pi/ros2_jazzy/install/lifecycle_msgs:/home/pi/ros2_jazzy/install/example_interfaces:/home/pi/ros2_jazzy/install/action_tutorials_interfaces:/home/pi/ros2_jazzy/install/rosidl_default_runtime:/home/pi/ros2_jazzy/install/rosidl_default_generators:/home/pi/ros2_jazzy/install/action_msgs:/home/pi/ros2_jazzy/install/unique_identifier_msgs:/home/pi/ros2_jazzy/install/type_description_interfaces:/home/pi/ros2_jazzy/install/service_msgs:/home/pi/ros2_jazzy/install/builtin_interfaces:/home/pi/ros2_jazzy/install/rosidl_core_runtime:/home/pi/ros2_jazzy/install/rosidl_core_generators:/home/pi/ros2_jazzy/install/rosidl_generator_py:/home/pi/ros2_jazzy/install/ament_lint_common:/home/pi/ros2_jazzy/install/ament_cmake_uncrustify:/home/pi/ros2_jazzy/install/uncrustify_vendor:/home/pi/ros2_jazzy/install/tracetools:/home/pi/ros2_jazzy/install/tlsf:/home/pi/ros2_jazzy/install/qt_gui_core:/home/pi/ros2_jazzy/install/qt_gui_cpp:/home/pi/ros2_jazzy/install/pluginlib:/home/pi/ros2_jazzy/install/tinyxml2_vendor:/home/pi/ros2_jazzy/install/test_security:/home/pi/ros2_jazzy/install/test_rmw_implementation:/home/pi/ros2_jazzy/install/test_rclcpp:/home/pi/ros2_jazzy/install/test_quality_of_service:/home/pi/ros2_jazzy/install/test_launch_testing:/home/pi/ros2_jazzy/install/test_interface_files:/home/pi/ros2_jazzy/install/test_cli_remapping:/home/pi/ros2_jazzy/install/test_cli:/home/pi/ros2_jazzy/install/qt_gui_app:/home/pi/ros2_jazzy/install/qt_gui:/home/pi/ros2_jazzy/install/tango_icons_vendor:/home/pi/ros2_jazzy/install/sqlite3_vendor:/home/pi/ros2_jazzy/install/rcl_logging_spdlog:/home/pi/ros2_jazzy/install/spdlog_vendor:/home/pi/ros2_jazzy/install/shared_queues_vendor:/home/pi/ros2_jazzy/install/rviz_rendering_tests:/home/pi/ros2_jazzy/install/rviz_rendering:/home/pi/ros2_jazzy/install/rviz_ogre_vendor:/home/pi/ros2_jazzy/install/rviz_assimp_vendor:/home/pi/ros2_jazzy/install/rttest:/home/pi/ros2_jazzy/install/rti_connext_dds_cmake_module:/home/pi/ros2_jazzy/install/lttngpy:/home/pi/ros2_jazzy/install/rosidl_typesupport_tests:/home/pi/ros2_jazzy/install/rosidl_typesupport_introspection_tests:/home/pi/ros2_jazzy/install/rosidl_typesupport_cpp:/home/pi/ros2_jazzy/install/rosidl_typesupport_introspection_cpp:/home/pi/ros2_jazzy/install/rosidl_typesupport_c:/home/pi/ros2_jazzy/install/rosidl_typesupport_introspection_c:/home/pi/ros2_jazzy/install/rosidl_typesupport_fastrtps_c:/home/pi/ros2_jazzy/install/rosidl_typesupport_fastrtps_cpp:/home/pi/ros2_jazzy/install/rosidl_generator_cpp:/home/pi/ros2_jazzy/install/rosidl_runtime_cpp:/home/pi/ros2_jazzy/install/rosidl_dynamic_typesupport_fastrtps:/home/pi/ros2_jazzy/install/rcl_yaml_param_parser:/home/pi/ros2_jazzy/install/rmw:/home/pi/ros2_jazzy/install/rosidl_dynamic_typesupport:/home/pi/ros2_jazzy/install/rosidl_runtime_c:/home/pi/ros2_jazzy/install/rosidl_generator_c:/home/pi/ros2_jazzy/install/rosidl_typesupport_interface:/home/pi/ros2_jazzy/install/rosidl_generator_dds_idl:/home/pi/ros2_jazzy/install/rosidl_cmake:/home/pi/ros2_jazzy/install/rosidl_generator_type_description:/home/pi/ros2_jazzy/install/rosidl_parser:/home/pi/ros2_jazzy/install/rosidl_generator_tests:/home/pi/ros2_jazzy/install/rosidl_adapter:/home/pi/ros2_jazzy/install/rosbag2_tests:/home/pi/ros2_jazzy/install/rosbag2_test_msgdefs:/home/pi/ros2_jazzy/install/ros_environment:/home/pi/ros2_jazzy/install/rmw_implementation_cmake:/home/pi/ros2_jazzy/install/resource_retriever:/home/pi/ros2_jazzy/install/class_loader:/home/pi/ros2_jazzy/install/rcpputils:/home/pi/ros2_jazzy/install/rcl_logging_noop:/home/pi/ros2_jazzy/install/rcl_logging_interface:/home/pi/ros2_jazzy/install/rcutils:/home/pi/ros2_jazzy/install/qt_gui_py_common:/home/pi/ros2_jazzy/install/qt_dotgraph:/home/pi/ros2_jazzy/install/python_qt_binding:/home/pi/ros2_jazzy/install/python_orocos_kdl_vendor:/home/pi/ros2_jazzy/install/launch_testing_ament_cmake:/home/pi/ros2_jazzy/install/python_cmake_module:/home/pi/ros2_jazzy/install/pybind11_vendor:/home/pi/ros2_jazzy/install/performance_test_fixture:/home/pi/ros2_jazzy/install/osrf_testing_tools_cpp:/home/pi/ros2_jazzy/install/orocos_kdl_vendor:/home/pi/ros2_jazzy/install/mimick_vendor:/home/pi/ros2_jazzy/install/libyaml_vendor:/home/pi/ros2_jazzy/install/liblz4_vendor:/home/pi/ros2_jazzy/install/libcurl_vendor:/home/pi/ros2_jazzy/install/keyboard_handler:/home/pi/ros2_jazzy/install/iceoryx_introspection:/home/pi/ros2_jazzy/install/cyclonedds:/home/pi/ros2_jazzy/install/iceoryx_posh:/home/pi/ros2_jazzy/install/iceoryx_hoofs:/home/pi/ros2_jazzy/install/iceoryx_binding_c:/home/pi/ros2_jazzy/install/gz_math_vendor/opt/gz_math_vendor:/home/pi/ros2_jazzy/install/gz_math_vendor:/home/pi/ros2_jazzy/install/gz_utils_vendor/opt/gz_utils_vendor:/home/pi/ros2_jazzy/install/gz_utils_vendor:/home/pi/ros2_jazzy/install/gz_cmake_vendor/opt/gz_cmake_vendor:/home/pi/ros2_jazzy/install/gz_cmake_vendor:/home/pi/ros2_jazzy/install/ament_cmake_ros:/home/pi/ros2_jazzy/install/ament_cmake_auto:/home/pi/ros2_jazzy/install/ament_cmake_gmock:/home/pi/ros2_jazzy/install/gmock_vendor:/home/pi/ros2_jazzy/install/fastrtps:/home/pi/ros2_jazzy/install/fastcdr:/home/pi/ros2_jazzy/install/ament_cmake_gtest:/home/pi/ros2_jazzy/install/gtest_vendor:/home/pi/ros2_jazzy/install/ament_cmake_google_benchmark:/home/pi/ros2_jazzy/install/google_benchmark_vendor:/home/pi/ros2_jazzy/install/foonathan_memory_vendor:/home/pi/ros2_jazzy/install/fastrtps_cmake_module:/home/pi/ros2_jazzy/install/eigen3_cmake_module:/home/pi/ros2_jazzy/install/console_bridge_vendor:/home/pi/ros2_jazzy/install/ament_cmake_xmllint:/home/pi/ros2_jazzy/install/ament_cmake_pyflakes:/home/pi/ros2_jazzy/install/ament_cmake_pycodestyle:/home/pi/ros2_jazzy/install/ament_cmake_pep257:/home/pi/ros2_jazzy/install/ament_cmake_pclint:/home/pi/ros2_jazzy/install/ament_lint_auto:/home/pi/ros2_jazzy/install/ament_cmake:/home/pi/ros2_jazzy/install/ament_cmake_version:/home/pi/ros2_jazzy/install/ament_cmake_vendor_package:/home/pi/ros2_jazzy/install/ament_cmake_pytest:/home/pi/ros2_jazzy/install/ament_cmake_mypy:/home/pi/ros2_jazzy/install/ament_cmake_lint_cmake:/home/pi/ros2_jazzy/install/ament_cmake_flake8:/home/pi/ros2_jazzy/install/ament_cmake_cpplint:/home/pi/ros2_jazzy/install/ament_cmake_cppcheck:/home/pi/ros2_jazzy/install/ament_cmake_copyright:/home/pi/ros2_jazzy/install/ament_cmake_clang_tidy:/home/pi/ros2_jazzy/install/ament_cmake_clang_format:/home/pi/ros2_jazzy/install/ament_cmake_test:/home/pi/ros2_jazzy/install/ament_cmake_target_dependencies:/home/pi/ros2_jazzy/install/ament_cmake_python:/home/pi/ros2_jazzy/install/ament_cmake_export_dependencies:/home/pi/ros2_jazzy/install/ament_cmake_libraries:/home/pi/ros2_jazzy/install/ament_cmake_include_directories:/home/pi/ros2_jazzy/install/ament_cmake_gen_version_h:/home/pi/ros2_jazzy/install/ament_cmake_export_targets:/home/pi/ros2_jazzy/install/ament_cmake_export_link_flags:/home/pi/ros2_jazzy/install/ament_cmake_export_interfaces:/home/pi/ros2_jazzy/install/ament_cmake_export_libraries:/home/pi/ros2_jazzy/install/ament_cmake_export_include_directories:/home/pi/ros2_jazzy/install/ament_cmake_export_definitions:/home/pi/ros2_jazzy/install/ament_cmake_core:/home/pi/ros2_jazzy/install/ament_index_cpp:/home/pi/ros2_jazzy/install/rqt_bag_plugins:/home/pi/ros2_jazzy/install/rqt_bag:/home/pi/ros2_jazzy/install/rosbag2_examples_py:/home/pi/ros2_jazzy/install/launch_testing_examples:/home/pi/ros2_jazzy/install/ros2bag:/home/pi/ros2_jazzy/install/tracetools_test:/home/pi/ros2_jazzy/install/tracetools_launch:/home/pi/ros2_jazzy/install/topic_monitor:/home/pi/ros2_jazzy/install/tf2_tools:/home/pi/ros2_jazzy/install/examples_tf2_py:/home/pi/ros2_jazzy/install/tf2_ros_py:/home/pi/ros2_jazzy/install/examples_rclpy_pointcloud_publisher:/home/pi/ros2_jazzy/install/sensor_msgs_py:/home/pi/ros2_jazzy/install/quality_of_service_demo_py:/home/pi/ros2_jazzy/install/rqt_plot:/home/pi/ros2_jazzy/install/ros2doctor:/home/pi/ros2_jazzy/install/lifecycle_py:/home/pi/ros2_jazzy/install/examples_rclpy_minimal_subscriber:/home/pi/ros2_jazzy/install/examples_rclpy_minimal_service:/home/pi/ros2_jazzy/install/examples_rclpy_minimal_publisher:/home/pi/ros2_jazzy/install/examples_rclpy_minimal_client:/home/pi/ros2_jazzy/install/examples_rclpy_executors:/home/pi/ros2_jazzy/install/demo_nodes_py:/home/pi/ros2_jazzy/install/rqt:/home/pi/ros2_jazzy/install/ros2component:/home/pi/ros2_jazzy/install/sros2:/home/pi/ros2_jazzy/install/rqt_topic:/home/pi/ros2_jazzy/install/rqt_srv:/home/pi/ros2_jazzy/install/rqt_shell:/home/pi/ros2_jazzy/install/rqt_service_caller:/home/pi/ros2_jazzy/install/rqt_reconfigure:/home/pi/ros2_jazzy/install/rqt_py_console:/home/pi/ros2_jazzy/install/rqt_publisher:/home/pi/ros2_jazzy/install/rqt_action:/home/pi/ros2_jazzy/install/rqt_msg:/home/pi/ros2_jazzy/install/rqt_console:/home/pi/ros2_jazzy/install/rqt_graph:/home/pi/ros2_jazzy/install/rqt_gui_py:/home/pi/ros2_jazzy/install/rqt_gui:/home/pi/ros2_jazzy/install/ros2trace:/home/pi/ros2_jazzy/install/ros2topic:/home/pi/ros2_jazzy/install/ros2test:/home/pi/ros2_jazzy/install/ros2param:/home/pi/ros2_jazzy/install/ros2lifecycle:/home/pi/ros2_jazzy/install/ros2service:/home/pi/ros2_jazzy/install/ros2run:/home/pi/ros2_jazzy/install/ros2launch:/home/pi/ros2_jazzy/install/ros2pkg:/home/pi/ros2_jazzy/install/ros2node:/home/pi/ros2_jazzy/install/ros2multicast:/home/pi/ros2_jazzy/install/ros2interface:/home/pi/ros2_jazzy/install/ros2action:/home/pi/ros2_jazzy/install/ros2cli:/home/pi/ros2_jazzy/install/launch_testing_ros:/home/pi/ros2_jazzy/install/launch_ros:/home/pi/ros2_jazzy/install/examples_rclpy_minimal_action_server:/home/pi/ros2_jazzy/install/examples_rclpy_minimal_action_client:/home/pi/ros2_jazzy/install/examples_rclpy_guard_conditions:/home/pi/ros2_jazzy/install/action_tutorials_py:/home/pi/ros2_jazzy/install/ament_uncrustify:/home/pi/ros2_jazzy/install/tracetools_trace:/home/pi/ros2_jazzy/install/tracetools_read:/home/pi/ros2_jazzy/install/test_tracetools_launch:/home/pi/ros2_jazzy/install/test_ros2trace:/home/pi/ros2_jazzy/install/test_launch_ros:/home/pi/ros2_jazzy/install/rpyutils:/home/pi/ros2_jazzy/install/rosidl_runtime_py:/home/pi/ros2_jazzy/install/rosidl_pycommon:/home/pi/ros2_jazzy/install/rosidl_cli:/home/pi/ros2_jazzy/install/launch_pytest:/home/pi/ros2_jazzy/install/launch_testing:/home/pi/ros2_jazzy/install/launch_yaml:/home/pi/ros2_jazzy/install/launch_xml:/home/pi/ros2_jazzy/install/launch:/home/pi/ros2_jazzy/install/osrf_pycommon:/home/pi/ros2_jazzy/install/domain_coordinator:/home/pi/ros2_jazzy/install/ament_xmllint:/home/pi/ros2_jazzy/install/ament_pyflakes:/home/pi/ros2_jazzy/install/ament_pycodestyle:/home/pi/ros2_jazzy/install/ament_pep257:/home/pi/ros2_jazzy/install/ament_pclint:/home/pi/ros2_jazzy/install/ament_package:/home/pi/ros2_jazzy/install/ament_mypy:/home/pi/ros2_jazzy/install/ament_lint_cmake:/home/pi/ros2_jazzy/install/ament_flake8:/home/pi/ros2_jazzy/install/ament_copyright:/home/pi/ros2_jazzy/install/ament_lint:/home/pi/ros2_jazzy/install/ament_index_python:/home/pi/ros2_jazzy/install/ament_cpplint:/home/pi/ros2_jazzy/install/ament_cppcheck:/home/pi/ros2_jazzy/install/ament_clang_tidy:/home/pi/ros2_jazzy/install/ament_clang_format /usr/bin/cmake --build /home/pi/torsobot/Code/Code/ros2_ws/build/torsobot -- -j4 -l4
