[ 50%] [32mBuilding CXX object CMakeFiles/mcu_node.dir/src/mcu_node.cpp.o[0m
[01m[K/home/pi/torsobot/Code/Code/ros2_ws/src/torsobot/src/mcu_node.cpp:[m[K In constructor â€˜[01m[KmcuNode::mcuNode()[m[Kâ€™:
[01m[K/home/pi/torsobot/Code/Code/ros2_ws/src/torsobot/src/mcu_node.cpp:52:7:[m[K [01;31m[Kerror: [m[Kâ€˜[01m[Kcerr[m[Kâ€™ was not declared in this scope; did you mean â€˜[01m[Kstd::cerr[m[Kâ€™?
   52 |       [01;31m[Kcerr[m[K << "Error initializing pigpio" << endl;
      |       [01;31m[K^~~~[m[K
      |       [32m[Kstd::cerr[m[K
In file included from [01m[K/home/pi/torsobot/Code/Code/ros2_ws/src/torsobot/src/mcu_node.cpp:4[m[K:
[01m[K/usr/include/c++/12/iostream:62:18:[m[K [01;36m[Knote: [m[Kâ€˜[01m[Kstd::cerr[m[Kâ€™ declared here
   62 |   extern ostream [01;36m[Kcerr[m[K;          /// Linked to standard error (unbuffered)
      |                  [01;36m[K^~~~[m[K
[01m[K/home/pi/torsobot/Code/Code/ros2_ws/src/torsobot/src/mcu_node.cpp:52:46:[m[K [01;31m[Kerror: [m[Kâ€˜[01m[Kendl[m[Kâ€™ was not declared in this scope; did you mean â€˜[01m[Kstd::endl[m[Kâ€™?
   52 |       cerr << "Error initializing pigpio" << [01;31m[Kendl[m[K;
      |                                              [01;31m[K^~~~[m[K
      |                                              [32m[Kstd::endl[m[K
In file included from [01m[K/usr/include/c++/12/iostream:39[m[K:
[01m[K/usr/include/c++/12/ostream:688:5:[m[K [01;36m[Knote: [m[Kâ€˜[01m[Kstd::endl[m[Kâ€™ declared here
  688 |     [01;36m[Kendl[m[K(basic_ostream<_CharT, _Traits>& __os)
      |     [01;36m[K^~~~[m[K
[01m[K/home/pi/torsobot/Code/Code/ros2_ws/src/torsobot/src/mcu_node.cpp:54:14:[m[K [01;31m[Kerror: [m[Kreturning a value from a constructor
   54 |       return [01;31m[K-1[m[K;
      |              [01;31m[K^~[m[K
[01m[K/home/pi/torsobot/Code/Code/ros2_ws/src/torsobot/src/mcu_node.cpp:56:5:[m[K [01;31m[Kerror: [m[Kâ€˜[01m[Kcout[m[Kâ€™ was not declared in this scope; did you mean â€˜[01m[Kstd::cout[m[Kâ€™?
   56 |     [01;31m[Kcout[m[K << "Initialized pigpio" << endl;
      |     [01;31m[K^~~~[m[K
      |     [32m[Kstd::cout[m[K
[01m[K/usr/include/c++/12/iostream:61:18:[m[K [01;36m[Knote: [m[Kâ€˜[01m[Kstd::cout[m[Kâ€™ declared here
   61 |   extern ostream [01;36m[Kcout[m[K;          /// Linked to standard output
      |                  [01;36m[K^~~~[m[K
[01m[K/home/pi/torsobot/Code/Code/ros2_ws/src/torsobot/src/mcu_node.cpp:56:37:[m[K [01;31m[Kerror: [m[Kâ€˜[01m[Kendl[m[Kâ€™ was not declared in this scope; did you mean â€˜[01m[Kstd::endl[m[Kâ€™?
   56 |     cout << "Initialized pigpio" << [01;31m[Kendl[m[K;
      |                                     [01;31m[K^~~~[m[K
      |                                     [32m[Kstd::endl[m[K
[01m[K/usr/include/c++/12/ostream:688:5:[m[K [01;36m[Knote: [m[Kâ€˜[01m[Kstd::endl[m[Kâ€™ declared here
  688 |     [01;36m[Kendl[m[K(basic_ostream<_CharT, _Traits>& __os)
      |     [01;36m[K^~~~[m[K
[01m[K/home/pi/torsobot/Code/Code/ros2_ws/src/torsobot/src/mcu_node.cpp:62:7:[m[K [01;31m[Kerror: [m[Kâ€˜[01m[Kcerr[m[Kâ€™ was not declared in this scope; did you mean â€˜[01m[Kstd::cerr[m[Kâ€™?
   62 |       [01;31m[Kcerr[m[K << "Failed to open I2C device: " << i2c_handle << endl;
      |       [01;31m[K^~~~[m[K
      |       [32m[Kstd::cerr[m[K
[01m[K/usr/include/c++/12/iostream:62:18:[m[K [01;36m[Knote: [m[Kâ€˜[01m[Kstd::cerr[m[Kâ€™ declared here
   62 |   extern ostream [01;36m[Kcerr[m[K;          /// Linked to standard error (unbuffered)
      |                  [01;36m[K^~~~[m[K
[01m[K/home/pi/torsobot/Code/Code/ros2_ws/src/torsobot/src/mcu_node.cpp:63:14:[m[K [01;31m[Kerror: [m[Kreturning a value from a constructor
   63 |       return [01;31m[K1[m[K;
      |              [01;31m[K^[m[K
[01m[K/home/pi/torsobot/Code/Code/ros2_ws/src/torsobot/src/mcu_node.cpp:[m[K In lambda function:
[01m[K/home/pi/torsobot/Code/Code/ros2_ws/src/torsobot/src/mcu_node.cpp:74:16:[m[K [01;31m[Kerror: [m[Kreturn-statement with a value, in function returning â€˜[01m[Kvoid[m[Kâ€™ [[01;31m[K]8;;https://gcc.gnu.org/onlinedocs/gcc/Warning-Options.html#index-fpermissive-fpermissive]8;;[m[K]
   74 |         return [01;31m[K0[m[K;
      |                [01;31m[K^[m[K
gmake[2]: *** [CMakeFiles/mcu_node.dir/build.make:76: CMakeFiles/mcu_node.dir/src/mcu_node.cpp.o] Error 1
gmake[1]: *** [CMakeFiles/Makefile2:137: CMakeFiles/mcu_node.dir/all] Error 2
gmake: *** [Makefile:146: all] Error 2
