[0.051s] Invoking command in '/home/pi/torsobot/Code/Code/ros2_ws/build/torsobot': CMAKE_PREFIX_PATH=/home/pi/torsobot/Code/Code/ros2_ws/install/torsobot_interfaces:/home/pi/torsobot/Code/Code/ros2_ws/install/torsobot:/home/pi/ros2_jazzy/install/rosbag2:/home/pi/ros2_jazzy/install/rosbag2_storage_default_plugins:/home/pi/ros2_jazzy/install/rosbag2_storage_mcap:/home/pi/ros2_jazzy/install/rosbag2_compression_zstd:/home/pi/ros2_jazzy/install/mcap_vendor:/home/pi/ros2_jazzy/install/zstd_vendor:/home/pi/ros2_jazzy/install/rviz_visual_testing_framework:/home/pi/ros2_jazzy/install/rviz2:/home/pi/ros2_jazzy/install/rviz_default_plugins:/home/pi/ros2_jazzy/install/rviz_common:/home/pi/ros2_jazzy/install/rosbag2_py:/home/pi/ros2_jazzy/install/rosbag2_transport:/home/pi/ros2_jazzy/install/rosbag2_storage_sqlite3:/home/pi/ros2_jazzy/install/rosbag2_examples_cpp:/home/pi/ros2_jazzy/install/rosbag2_compression:/home/pi/ros2_jazzy/install/rosbag2_cpp:/home/pi/ros2_jazzy/install/rosbag2_storage:/home/pi/ros2_jazzy/install/image_common:/home/pi/ros2_jazzy/install/camera_info_manager:/home/pi/ros2_jazzy/install/camera_calibration_parsers:/home/pi/ros2_jazzy/install/yaml_cpp_vendor/opt/yaml_cpp_vendor:/home/pi/ros2_jazzy/install/yaml_cpp_vendor:/home/pi/ros2_jazzy/install/interactive_markers:/home/pi/ros2_jazzy/install/common_interfaces:/home/pi/ros2_jazzy/install/visualization_msgs:/home/pi/ros2_jazzy/install/dummy_robot_bringup:/home/pi/ros2_jazzy/install/robot_state_publisher:/home/pi/ros2_jazzy/install/kdl_parser:/home/pi/ros2_jazzy/install/urdf:/home/pi/ros2_jazzy/install/urdfdom:/home/pi/ros2_jazzy/install/urdf_parser_plugin:/home/pi/ros2_jazzy/install/urdfdom_headers:/home/pi/ros2_jazzy/install/turtlesim:/home/pi/ros2_jazzy/install/trajectory_msgs:/home/pi/ros2_jazzy/install/topic_statistics_demo:/home/pi/ros2_jazzy/install/pendulum_control:/home/pi/ros2_jazzy/install/tlsf_cpp:/home/pi/ros2_jazzy/install/geometry2:/home/pi/ros2_jazzy/install/tf2_sensor_msgs:/home/pi/ros2_jazzy/install/test_tf2:/home/pi/ros2_jazzy/install/tf2_kdl:/home/pi/ros2_jazzy/install/tf2_geometry_msgs:/home/pi/ros2_jazzy/install/tf2_eigen:/home/pi/ros2_jazzy/install/tf2_bullet:/home/pi/ros2_jazzy/install/tf2_ros:/home/pi/ros2_jazzy/install/tf2_py:/home/pi/ros2_jazzy/install/tf2_msgs:/home/pi/ros2_jazzy/install/tf2_eigen_kdl:/home/pi/ros2_jazzy/install/laser_geometry:/home/pi/ros2_jazzy/install/tf2:/home/pi/ros2_jazzy/install/test_tracetools:/home/pi/ros2_jazzy/install/test_msgs:/home/pi/ros2_jazzy/install/test_communication:/home/pi/ros2_jazzy/install/stereo_msgs:/home/pi/ros2_jazzy/install/std_srvs:/home/pi/ros2_jazzy/install/shape_msgs:/home/pi/ros2_jazzy/install/quality_of_service_demo_cpp:/home/pi/ros2_jazzy/install/point_cloud_transport_py:/home/pi/ros2_jazzy/install/point_cloud_transport:/home/pi/ros2_jazzy/install/map_msgs:/home/pi/ros2_jazzy/install/intra_process_demo:/home/pi/ros2_jazzy/install/image_transport:/home/pi/ros2_jazzy/install/image_tools:/home/pi/ros2_jazzy/install/dummy_sensors:/home/pi/ros2_jazzy/install/sensor_msgs:/home/pi/ros2_jazzy/install/ros2cli_common_extensions:/home/pi/ros2_jazzy/install/dummy_map_server:/home/pi/ros2_jazzy/install/nav_msgs:/home/pi/ros2_jazzy/install/message_filters:/home/pi/ros2_jazzy/install/logging_demo:/home/pi/ros2_jazzy/install/lifecycle:/home/pi/ros2_jazzy/install/diagnostic_msgs:/home/pi/ros2_jazzy/install/geometry_msgs:/home/pi/ros2_jazzy/install/examples_rclcpp_wait_set:/home/pi/ros2_jazzy/install/examples_rclcpp_multithreaded_executor:/home/pi/ros2_jazzy/install/examples_rclcpp_minimal_subscriber:/home/pi/ros2_jazzy/install/examples_rclcpp_minimal_publisher:/home/pi/ros2_jazzy/install/examples_rclcpp_minimal_composition:/home/pi/ros2_jazzy/install/examples_rclcpp_cbg_executor:/home/pi/ros2_jazzy/install/demo_nodes_cpp_native:/home/pi/ros2_jazzy/install/demo_nodes_cpp:/home/pi/ros2_jazzy/install/composition:/home/pi/ros2_jazzy/install/actionlib_msgs:/home/pi/ros2_jazzy/install/std_msgs:/home/pi/ros2_jazzy/install/rqt_gui_cpp:/home/pi/ros2_jazzy/install/rosbag2_test_common:/home/pi/ros2_jazzy/install/ros2lifecycle_test_fixtures:/home/pi/ros2_jazzy/install/rclcpp_lifecycle:/home/pi/ros2_jazzy/install/action_tutorials_cpp:/home/pi/ros2_jazzy/install/rclcpp_components:/home/pi/ros2_jazzy/install/examples_rclcpp_minimal_action_server:/home/pi/ros2_jazzy/install/examples_rclcpp_minimal_action_client:/home/pi/ros2_jazzy/install/rclcpp_action:/home/pi/ros2_jazzy/install/examples_rclcpp_minimal_timer:/home/pi/ros2_jazzy/install/examples_rclcpp_minimal_service:/home/pi/ros2_jazzy/install/examples_rclcpp_minimal_client:/home/pi/ros2_jazzy/install/examples_rclcpp_async_client:/home/pi/ros2_jazzy/install/rclcpp:/home/pi/ros2_jazzy/install/libstatistics_collector:/home/pi/ros2_jazzy/install/statistics_msgs:/home/pi/ros2_jazzy/install/sros2_cmake:/home/pi/ros2_jazzy/install/rqt_py_common:/home/pi/ros2_jazzy/install/ros_testing:/home/pi/ros2_jazzy/install/rclpy:/home/pi/ros2_jazzy/install/rosgraph_msgs:/home/pi/ros2_jazzy/install/rosbag2_interfaces:/home/pi/ros2_jazzy/install/ros2cli_test_interfaces:/home/pi/ros2_jazzy/install/rcl_lifecycle:/home/pi/ros2_jazzy/install/rcl_action:/home/pi/ros2_jazzy/install/rcl:/home/pi/ros2_jazzy/install/rmw_implementation:/home/pi/ros2_jazzy/install/rmw_fastrtps_dynamic_cpp:/home/pi/ros2_jazzy/install/rmw_fastrtps_cpp:/home/pi/ros2_jazzy/install/rmw_fastrtps_shared_cpp:/home/pi/ros2_jazzy/install/rmw_cyclonedds_cpp:/home/pi/ros2_jazzy/install/rmw_connextddsmicro:/home/pi/ros2_jazzy/install/rmw_connextdds:/home/pi/ros2_jazzy/install/rmw_connextdds_common:/home/pi/ros2_jazzy/install/rmw_dds_common:/home/pi/ros2_jazzy/install/composition_interfaces:/home/pi/ros2_jazzy/install/rcl_interfaces:/home/pi/ros2_jazzy/install/pendulum_msgs:/home/pi/ros2_jazzy/install/lifecycle_msgs:/home/pi/ros2_jazzy/install/example_interfaces:/home/pi/ros2_jazzy/install/action_tutorials_interfaces:/home/pi/ros2_jazzy/install/rosidl_default_runtime:/home/pi/ros2_jazzy/install/rosidl_default_generators:/home/pi/ros2_jazzy/install/action_msgs:/home/pi/ros2_jazzy/install/unique_identifier_msgs:/home/pi/ros2_jazzy/install/type_description_interfaces:/home/pi/ros2_jazzy/install/service_msgs:/home/pi/ros2_jazzy/install/builtin_interfaces:/home/pi/ros2_jazzy/install/rosidl_core_runtime:/home/pi/ros2_jazzy/install/rosidl_core_generators:/home/pi/ros2_jazzy/install/rosidl_generator_py:/home/pi/ros2_jazzy/install/ament_lint_common:/home/pi/ros2_jazzy/install/ament_cmake_uncrustify:/home/pi/ros2_jazzy/install/uncrustify_vendor:/home/pi/ros2_jazzy/install/tracetools:/home/pi/ros2_jazzy/install/tlsf:/home/pi/ros2_jazzy/install/qt_gui_core:/home/pi/ros2_jazzy/install/qt_gui_cpp:/home/pi/ros2_jazzy/install/pluginlib:/home/pi/ros2_jazzy/install/tinyxml2_vendor:/home/pi/ros2_jazzy/install/test_security:/home/pi/ros2_jazzy/install/test_rmw_implementation:/home/pi/ros2_jazzy/install/test_rclcpp:/home/pi/ros2_jazzy/install/test_quality_of_service:/home/pi/ros2_jazzy/install/test_launch_testing:/home/pi/ros2_jazzy/install/test_interface_files:/home/pi/ros2_jazzy/install/test_cli_remapping:/home/pi/ros2_jazzy/install/test_cli:/home/pi/ros2_jazzy/install/qt_gui_app:/home/pi/ros2_jazzy/install/qt_gui:/home/pi/ros2_jazzy/install/tango_icons_vendor:/home/pi/ros2_jazzy/install/sqlite3_vendor:/home/pi/ros2_jazzy/install/rcl_logging_spdlog:/home/pi/ros2_jazzy/install/spdlog_vendor:/home/pi/ros2_jazzy/install/shared_queues_vendor:/home/pi/ros2_jazzy/install/rviz_rendering_tests:/home/pi/ros2_jazzy/install/rviz_rendering:/home/pi/ros2_jazzy/install/rviz_ogre_vendor:/home/pi/ros2_jazzy/install/rviz_assimp_vendor:/home/pi/ros2_jazzy/install/rttest:/home/pi/ros2_jazzy/install/rti_connext_dds_cmake_module:/home/pi/ros2_jazzy/install/lttngpy:/home/pi/ros2_jazzy/install/rosidl_typesupport_tests:/home/pi/ros2_jazzy/install/rosidl_typesupport_introspection_tests:/home/pi/ros2_jazzy/install/rosidl_typesupport_cpp:/home/pi/ros2_jazzy/install/rosidl_typesupport_introspection_cpp:/home/pi/ros2_jazzy/install/rosidl_typesupport_c:/home/pi/ros2_jazzy/install/rosidl_typesupport_introspection_c:/home/pi/ros2_jazzy/install/rosidl_typesupport_fastrtps_c:/home/pi/ros2_jazzy/install/rosidl_typesupport_fastrtps_cpp:/home/pi/ros2_jazzy/install/rosidl_generator_cpp:/home/pi/ros2_jazzy/install/rosidl_runtime_cpp:/home/pi/ros2_jazzy/install/rosidl_dynamic_typesupport_fastrtps:/home/pi/ros2_jazzy/install/rcl_yaml_param_parser:/home/pi/ros2_jazzy/install/rmw:/home/pi/ros2_jazzy/install/rosidl_dynamic_typesupport:/home/pi/ros2_jazzy/install/rosidl_runtime_c:/home/pi/ros2_jazzy/install/rosidl_generator_c:/home/pi/ros2_jazzy/install/rosidl_typesupport_interface:/home/pi/ros2_jazzy/install/rosidl_generator_dds_idl:/home/pi/ros2_jazzy/install/rosidl_cmake:/home/pi/ros2_jazzy/install/rosidl_generator_type_description:/home/pi/ros2_jazzy/install/rosidl_parser:/home/pi/ros2_jazzy/install/rosidl_generator_tests:/home/pi/ros2_jazzy/install/rosidl_adapter:/home/pi/ros2_jazzy/install/rosbag2_tests:/home/pi/ros2_jazzy/install/rosbag2_test_msgdefs:/home/pi/ros2_jazzy/install/ros_environment:/home/pi/ros2_jazzy/install/rmw_implementation_cmake:/home/pi/ros2_jazzy/install/resource_retriever:/home/pi/ros2_jazzy/install/class_loader:/home/pi/ros2_jazzy/install/rcpputils:/home/pi/ros2_jazzy/install/rcl_logging_noop:/home/pi/ros2_jazzy/install/rcl_logging_interface:/home/pi/ros2_jazzy/install/rcutils:/home/pi/ros2_jazzy/install/qt_gui_py_common:/home/pi/ros2_jazzy/install/qt_dotgraph:/home/pi/ros2_jazzy/install/python_qt_binding:/home/pi/ros2_jazzy/install/python_orocos_kdl_vendor:/home/pi/ros2_jazzy/install/launch_testing_ament_cmake:/home/pi/ros2_jazzy/install/python_cmake_module:/home/pi/ros2_jazzy/install/pybind11_vendor:/home/pi/ros2_jazzy/install/performance_test_fixture:/home/pi/ros2_jazzy/install/osrf_testing_tools_cpp:/home/pi/ros2_jazzy/install/orocos_kdl_vendor:/home/pi/ros2_jazzy/install/mimick_vendor:/home/pi/ros2_jazzy/install/libyaml_vendor:/home/pi/ros2_jazzy/install/liblz4_vendor:/home/pi/ros2_jazzy/install/libcurl_vendor:/home/pi/ros2_jazzy/install/keyboard_handler:/home/pi/ros2_jazzy/install/iceoryx_introspection:/home/pi/ros2_jazzy/install/cyclonedds:/home/pi/ros2_jazzy/install/iceoryx_posh:/home/pi/ros2_jazzy/install/iceoryx_hoofs:/home/pi/ros2_jazzy/install/iceoryx_binding_c:/home/pi/ros2_jazzy/install/gz_math_vendor/opt/gz_math_vendor:/home/pi/ros2_jazzy/install/gz_math_vendor:/home/pi/ros2_jazzy/install/gz_utils_vendor/opt/gz_utils_vendor:/home/pi/ros2_jazzy/install/gz_utils_vendor:/home/pi/ros2_jazzy/install/gz_cmake_vendor/opt/gz_cmake_vendor:/home/pi/ros2_jazzy/install/gz_cmake_vendor:/home/pi/ros2_jazzy/install/ament_cmake_ros:/home/pi/ros2_jazzy/install/ament_cmake_auto:/home/pi/ros2_jazzy/install/ament_cmake_gmock:/home/pi/ros2_jazzy/install/gmock_vendor:/home/pi/ros2_jazzy/install/fastrtps:/home/pi/ros2_jazzy/install/fastcdr:/home/pi/ros2_jazzy/install/ament_cmake_gtest:/home/pi/ros2_jazzy/install/gtest_vendor:/home/pi/ros2_jazzy/install/ament_cmake_google_benchmark:/home/pi/ros2_jazzy/install/google_benchmark_vendor:/home/pi/ros2_jazzy/install/foonathan_memory_vendor:/home/pi/ros2_jazzy/install/fastrtps_cmake_module:/home/pi/ros2_jazzy/install/eigen3_cmake_module:/home/pi/ros2_jazzy/install/console_bridge_vendor:/home/pi/ros2_jazzy/install/ament_cmake_xmllint:/home/pi/ros2_jazzy/install/ament_cmake_pyflakes:/home/pi/ros2_jazzy/install/ament_cmake_pycodestyle:/home/pi/ros2_jazzy/install/ament_cmake_pep257:/home/pi/ros2_jazzy/install/ament_cmake_pclint:/home/pi/ros2_jazzy/install/ament_lint_auto:/home/pi/ros2_jazzy/install/ament_cmake:/home/pi/ros2_jazzy/install/ament_cmake_version:/home/pi/ros2_jazzy/install/ament_cmake_vendor_package:/home/pi/ros2_jazzy/install/ament_cmake_pytest:/home/pi/ros2_jazzy/install/ament_cmake_mypy:/home/pi/ros2_jazzy/install/ament_cmake_lint_cmake:/home/pi/ros2_jazzy/install/ament_cmake_flake8:/home/pi/ros2_jazzy/install/ament_cmake_cpplint:/home/pi/ros2_jazzy/install/ament_cmake_cppcheck:/home/pi/ros2_jazzy/install/ament_cmake_copyright:/home/pi/ros2_jazzy/install/ament_cmake_clang_tidy:/home/pi/ros2_jazzy/install/ament_cmake_clang_format:/home/pi/ros2_jazzy/install/ament_cmake_test:/home/pi/ros2_jazzy/install/ament_cmake_target_dependencies:/home/pi/ros2_jazzy/install/ament_cmake_python:/home/pi/ros2_jazzy/install/ament_cmake_export_dependencies:/home/pi/ros2_jazzy/install/ament_cmake_libraries:/home/pi/ros2_jazzy/install/ament_cmake_include_directories:/home/pi/ros2_jazzy/install/ament_cmake_gen_version_h:/home/pi/ros2_jazzy/install/ament_cmake_export_targets:/home/pi/ros2_jazzy/install/ament_cmake_export_link_flags:/home/pi/ros2_jazzy/install/ament_cmake_export_interfaces:/home/pi/ros2_jazzy/install/ament_cmake_export_libraries:/home/pi/ros2_jazzy/install/ament_cmake_export_include_directories:/home/pi/ros2_jazzy/install/ament_cmake_export_definitions:/home/pi/ros2_jazzy/install/ament_cmake_core:/home/pi/ros2_jazzy/install/ament_index_cpp:/home/pi/ros2_jazzy/install/rqt_bag_plugins:/home/pi/ros2_jazzy/install/rqt_bag:/home/pi/ros2_jazzy/install/rosbag2_examples_py:/home/pi/ros2_jazzy/install/launch_testing_examples:/home/pi/ros2_jazzy/install/ros2bag:/home/pi/ros2_jazzy/install/tracetools_test:/home/pi/ros2_jazzy/install/tracetools_launch:/home/pi/ros2_jazzy/install/topic_monitor:/home/pi/ros2_jazzy/install/tf2_tools:/home/pi/ros2_jazzy/install/examples_tf2_py:/home/pi/ros2_jazzy/install/tf2_ros_py:/home/pi/ros2_jazzy/install/examples_rclpy_pointcloud_publisher:/home/pi/ros2_jazzy/install/sensor_msgs_py:/home/pi/ros2_jazzy/install/quality_of_service_demo_py:/home/pi/ros2_jazzy/install/rqt_plot:/home/pi/ros2_jazzy/install/ros2doctor:/home/pi/ros2_jazzy/install/lifecycle_py:/home/pi/ros2_jazzy/install/examples_rclpy_minimal_subscriber:/home/pi/ros2_jazzy/install/examples_rclpy_minimal_service:/home/pi/ros2_jazzy/install/examples_rclpy_minimal_publisher:/home/pi/ros2_jazzy/install/examples_rclpy_minimal_client:/home/pi/ros2_jazzy/install/examples_rclpy_executors:/home/pi/ros2_jazzy/install/demo_nodes_py:/home/pi/ros2_jazzy/install/rqt:/home/pi/ros2_jazzy/install/ros2component:/home/pi/ros2_jazzy/install/sros2:/home/pi/ros2_jazzy/install/rqt_topic:/home/pi/ros2_jazzy/install/rqt_srv:/home/pi/ros2_jazzy/install/rqt_shell:/home/pi/ros2_jazzy/install/rqt_service_caller:/home/pi/ros2_jazzy/install/rqt_reconfigure:/home/pi/ros2_jazzy/install/rqt_py_console:/home/pi/ros2_jazzy/install/rqt_publisher:/home/pi/ros2_jazzy/install/rqt_action:/home/pi/ros2_jazzy/install/rqt_msg:/home/pi/ros2_jazzy/install/rqt_console:/home/pi/ros2_jazzy/install/rqt_graph:/home/pi/ros2_jazzy/install/rqt_gui_py:/home/pi/ros2_jazzy/install/rqt_gui:/home/pi/ros2_jazzy/install/ros2trace:/home/pi/ros2_jazzy/install/ros2topic:/home/pi/ros2_jazzy/install/ros2test:/home/pi/ros2_jazzy/install/ros2param:/home/pi/ros2_jazzy/install/ros2lifecycle:/home/pi/ros2_jazzy/install/ros2service:/home/pi/ros2_jazzy/install/ros2run:/home/pi/ros2_jazzy/install/ros2launch:/home/pi/ros2_jazzy/install/ros2pkg:/home/pi/ros2_jazzy/install/ros2node:/home/pi/ros2_jazzy/install/ros2multicast:/home/pi/ros2_jazzy/install/ros2interface:/home/pi/ros2_jazzy/install/ros2action:/home/pi/ros2_jazzy/install/ros2cli:/home/pi/ros2_jazzy/install/launch_testing_ros:/home/pi/ros2_jazzy/install/launch_ros:/home/pi/ros2_jazzy/install/examples_rclpy_minimal_action_server:/home/pi/ros2_jazzy/install/examples_rclpy_minimal_action_client:/home/pi/ros2_jazzy/install/examples_rclpy_guard_conditions:/home/pi/ros2_jazzy/install/action_tutorials_py:/home/pi/ros2_jazzy/install/ament_uncrustify:/home/pi/ros2_jazzy/install/tracetools_trace:/home/pi/ros2_jazzy/install/tracetools_read:/home/pi/ros2_jazzy/install/test_tracetools_launch:/home/pi/ros2_jazzy/install/test_ros2trace:/home/pi/ros2_jazzy/install/test_launch_ros:/home/pi/ros2_jazzy/install/rpyutils:/home/pi/ros2_jazzy/install/rosidl_runtime_py:/home/pi/ros2_jazzy/install/rosidl_pycommon:/home/pi/ros2_jazzy/install/rosidl_cli:/home/pi/ros2_jazzy/install/launch_pytest:/home/pi/ros2_jazzy/install/launch_testing:/home/pi/ros2_jazzy/install/launch_yaml:/home/pi/ros2_jazzy/install/launch_xml:/home/pi/ros2_jazzy/install/launch:/home/pi/ros2_jazzy/install/osrf_pycommon:/home/pi/ros2_jazzy/install/domain_coordinator:/home/pi/ros2_jazzy/install/ament_xmllint:/home/pi/ros2_jazzy/install/ament_pyflakes:/home/pi/ros2_jazzy/install/ament_pycodestyle:/home/pi/ros2_jazzy/install/ament_pep257:/home/pi/ros2_jazzy/install/ament_pclint:/home/pi/ros2_jazzy/install/ament_package:/home/pi/ros2_jazzy/install/ament_mypy:/home/pi/ros2_jazzy/install/ament_lint_cmake:/home/pi/ros2_jazzy/install/ament_flake8:/home/pi/ros2_jazzy/install/ament_copyright:/home/pi/ros2_jazzy/install/ament_lint:/home/pi/ros2_jazzy/install/ament_index_python:/home/pi/ros2_jazzy/install/ament_cpplint:/home/pi/ros2_jazzy/install/ament_cppcheck:/home/pi/ros2_jazzy/install/ament_clang_tidy:/home/pi/ros2_jazzy/install/ament_clang_format /usr/bin/cmake --build /home/pi/torsobot/Code/Code/ros2_ws/build/torsobot -- -j4 -l4
[0.180s] -- Found ament_cmake: 2.5.2 (/home/pi/ros2_jazzy/install/ament_cmake/share/ament_cmake/cmake)
[0.493s] -- Found rclcpp: 28.1.3 (/home/pi/ros2_jazzy/install/rclcpp/share/rclcpp/cmake)
[0.542s] -- Found rosidl_generator_c: 4.6.3 (/home/pi/ros2_jazzy/install/rosidl_generator_c/share/rosidl_generator_c/cmake)
[0.554s] -- Found rosidl_generator_cpp: 4.6.3 (/home/pi/ros2_jazzy/install/rosidl_generator_cpp/share/rosidl_generator_cpp/cmake)
[0.609s] -- Using all available rosidl_typesupport_c: rosidl_typesupport_introspection_c;rosidl_typesupport_fastrtps_c
[0.667s] -- Using all available rosidl_typesupport_cpp: rosidl_typesupport_introspection_cpp;rosidl_typesupport_fastrtps_cpp
[0.816s] -- Found rmw_implementation_cmake: 7.3.1 (/home/pi/ros2_jazzy/install/rmw_implementation_cmake/share/rmw_implementation_cmake/cmake)
[0.865s] -- Found rmw_fastrtps_cpp: 8.4.1 (/home/pi/ros2_jazzy/install/rmw_fastrtps_cpp/share/rmw_fastrtps_cpp/cmake)
[1.028s] -- Using RMW implementation 'rmw_fastrtps_cpp' as default
[1.147s] -- Found std_msgs: 5.3.5 (/home/pi/ros2_jazzy/install/std_msgs/share/std_msgs/cmake)
[1.171s] -- Found torsobot_interfaces: 0.0.0 (/home/pi/torsobot/Code/Code/ros2_ws/install/torsobot_interfaces/share/torsobot_interfaces/cmake)
[1.243s] -- Found ament_lint_auto: 0.17.1 (/home/pi/ros2_jazzy/install/ament_lint_auto/share/ament_lint_auto/cmake)
[1.507s] -- Added test 'cppcheck' to perform static code analysis on C / C++ code
[1.507s] -- Configured cppcheck include dirs: 
[1.507s] -- Configured cppcheck exclude dirs and/or files: 
[1.507s] -- Added test 'lint_cmake' to check CMake code style
[1.508s] -- Added test 'uncrustify' to check C / C++ code style
[1.508s] -- Configured uncrustify additional arguments: 
[1.509s] -- Added test 'xmllint' to check XML markup files
[1.511s] -- Configuring done
[1.574s] -- Generating done
[1.596s] -- Build files have been written to: /home/pi/torsobot/Code/Code/ros2_ws/build/torsobot
[1.813s] [ 25%] [32mBuilding CXX object CMakeFiles/mcu_node.dir/src/mcu_node.cpp.o[0m
[1.816s] [ 50%] [32mBuilding CXX object CMakeFiles/i2c_manager_node.dir/src/i2c_manager_node.cpp.o[0m
[6.361s] [01m[K/home/pi/torsobot/Code/Code/ros2_ws/src/torsobot/src/mcu_node.cpp:97:47:[m[K [01;31m[Kerror: [m[Kâ€˜[01m[KTorsobotData[m[Kâ€™ is not a member of â€˜[01m[Ktorsobot_interfaces::msg[m[Kâ€™
[6.362s]    97 |   rclcpp::Publisher<torsobot_interfaces::msg::[01;31m[KTorsobotData[m[K>::SharedPtr state_publisher;
[6.362s]       |                                               [01;31m[K^~~~~~~~~~~~[m[K
[6.362s] [01m[K/home/pi/torsobot/Code/Code/ros2_ws/src/torsobot/src/mcu_node.cpp:97:59:[m[K [01;31m[Kerror: [m[Ktemplate argument 1 is invalid
[6.362s]    97 |   rclcpp::Publisher<torsobot_interfaces::msg::TorsobotData[01;31m[K>[m[K::SharedPtr state_publisher;
[6.362s]       |                                                           [01;31m[K^[m[K
[6.366s] [01m[K/home/pi/torsobot/Code/Code/ros2_ws/src/torsobot/src/mcu_node.cpp:97:62:[m[K [01;31m[Kerror: [m[Kexpected â€˜[01m[K;[m[Kâ€™ at end of member declaration
[6.366s]    97 |   rclcpp::Publisher<torsobot_interfaces::msg::TorsobotData>::[01;31m[KSharedPtr[m[K state_publisher;
[6.366s]       |                                                              [01;31m[K^~~~~~~~~[m[K
[6.366s]       |                                                                       [32m[K;[m[K
[6.366s] [01m[K/home/pi/torsobot/Code/Code/ros2_ws/src/torsobot/src/mcu_node.cpp:97:72:[m[K [01;31m[Kerror: [m[Kâ€˜[01m[Kstate_publisher[m[Kâ€™ does not name a type
[6.367s]    97 |   rclcpp::Publisher<torsobot_interfaces::msg::TorsobotData>::SharedPtr [01;31m[Kstate_publisher[m[K;
[6.367s]       |                                                                        [01;31m[K^~~~~~~~~~~~~~~[m[K
[6.377s] [01m[K/home/pi/torsobot/Code/Code/ros2_ws/src/torsobot/src/mcu_node.cpp:[m[K In constructor â€˜[01m[KMCUNode::MCUNode()[m[Kâ€™:
[6.377s] [01m[K/home/pi/torsobot/Code/Code/ros2_ws/src/torsobot/src/mcu_node.cpp:62:5:[m[K [01;31m[Kerror: [m[Kâ€˜[01m[Kstate_publisher[m[Kâ€™ was not declared in this scope; did you mean â€˜[01m[Kcreate_publisher[m[Kâ€™?
[6.377s]    62 |     [01;31m[Kstate_publisher[m[K = this->create_publisher<torsobot_interfaces::msg::TorsobotData>("torsobot_state", 10);
[6.377s]       |     [01;31m[K^~~~~~~~~~~~~~~[m[K
[6.377s]       |     [32m[Kcreate_publisher[m[K
[6.380s] [01m[K/home/pi/torsobot/Code/Code/ros2_ws/src/torsobot/src/mcu_node.cpp:62:72:[m[K [01;31m[Kerror: [m[Kâ€˜[01m[KTorsobotData[m[Kâ€™ is not a member of â€˜[01m[Ktorsobot_interfaces::msg[m[Kâ€™
[6.380s]    62 |     state_publisher = this->create_publisher<torsobot_interfaces::msg::[01;31m[KTorsobotData[m[K>("torsobot_state", 10);
[6.381s]       |                                                                        [01;31m[K^~~~~~~~~~~~[m[K
[6.381s] [01m[K/home/pi/torsobot/Code/Code/ros2_ws/src/torsobot/src/mcu_node.cpp:62:85:[m[K [01;31m[Kerror: [m[Kno matching function for call to â€˜[01m[KMCUNode::create_publisher<<expression error> >(const char [15], int)[m[Kâ€™
[6.381s]    62 |     state_publisher = [01;31m[Kthis->create_publisher<torsobot_interfaces::msg::TorsobotData>("torsobot_state", 10)[m[K;
[6.381s]       |                       [01;31m[K~~~~~~~~~~~~~~~~~~~~~~~~~~~~~~~~~~~~~~~~~~~~~~~~~~~~~~~~~~~~~~^~~~~~~~~~~~~~~~~~~~~~[m[K
[6.381s] In file included from [01m[K/home/pi/ros2_jazzy/install/rclcpp/include/rclcpp/rclcpp/executors/single_threaded_executor.hpp:28[m[K,
[6.381s]                  from [01m[K/home/pi/ros2_jazzy/install/rclcpp/include/rclcpp/rclcpp/executors.hpp:22[m[K,
[6.381s]                  from [01m[K/home/pi/ros2_jazzy/install/rclcpp/include/rclcpp/rclcpp/rclcpp.hpp:172[m[K,
[6.381s]                  from [01m[K/home/pi/torsobot/Code/Code/ros2_ws/src/torsobot/src/mcu_node.cpp:1[m[K:
[6.381s] [01m[K/home/pi/ros2_jazzy/install/rclcpp/include/rclcpp/rclcpp/node.hpp:197:3:[m[K [01;36m[Knote: [m[Kcandidate: â€˜[01m[Ktemplate<class MessageT, class AllocatorT, class PublisherT> std::shared_ptr<PublisherT> rclcpp::Node::create_publisher(const std::string&, const rclcpp::QoS&, const rclcpp::PublisherOptionsWithAllocator<AllocatorT>&)[m[Kâ€™
[6.381s]   197 |   [01;36m[Kcreate_publisher[m[K(
[6.381s]       |   [01;36m[K^~~~~~~~~~~~~~~~[m[K
[6.381s] [01m[K/home/pi/ros2_jazzy/install/rclcpp/include/rclcpp/rclcpp/node.hpp:197:3:[m[K [01;36m[Knote: [m[K  template argument deduction/substitution failed:
[6.381s] [01m[K/home/pi/torsobot/Code/Code/ros2_ws/src/torsobot/src/mcu_node.cpp:62:85:[m[K [01;31m[Kerror: [m[Ktemplate argument 1 is invalid
[6.381s]    62 |     state_publisher = [01;31m[Kthis->create_publisher<torsobot_interfaces::msg::TorsobotData>("torsobot_state", 10)[m[K;
[6.381s]       |                       [01;31m[K~~~~~~~~~~~~~~~~~~~~~~~~~~~~~~~~~~~~~~~~~~~~~~~~~~~~~~~~~~~~~~^~~~~~~~~~~~~~~~~~~~~~[m[K
[6.402s] [01m[K/home/pi/torsobot/Code/Code/ros2_ws/src/torsobot/src/mcu_node.cpp:[m[K In member function â€˜[01m[Kvoid MCUNode::data_callback()[m[Kâ€™:
[6.402s] [01m[K/home/pi/torsobot/Code/Code/ros2_ws/src/torsobot/src/mcu_node.cpp:135:48:[m[K [01;31m[Kerror: [m[Kâ€˜[01m[KTorsobotData[m[Kâ€™ is not a member of â€˜[01m[Ktorsobot_interfaces::msg[m[Kâ€™
[6.402s]   135 |       auto message = torsobot_interfaces::msg::[01;31m[KTorsobotData[m[K();
[6.402s]       |                                                [01;31m[K^~~~~~~~~~~~[m[K
[6.405s] [01m[K/home/pi/torsobot/Code/Code/ros2_ws/src/torsobot/src/mcu_node.cpp:148:13:[m[K [01;31m[Kerror: [m[Kâ€˜[01m[Kclass MCUNode[m[Kâ€™ has no member named â€˜[01m[Kstate_publisher[m[Kâ€™; did you mean â€˜[01m[Kcreate_publisher[m[Kâ€™?
[6.405s]   148 |       this->[01;31m[Kstate_publisher[m[K->publish(message);
[6.405s]       |             [01;31m[K^~~~~~~~~~~~~~~[m[K
[6.405s]       |             [32m[Kcreate_publisher[m[K
[7.580s] gmake[2]: *** [CMakeFiles/mcu_node.dir/build.make:76: CMakeFiles/mcu_node.dir/src/mcu_node.cpp.o] Error 1
[7.580s] gmake[1]: *** [CMakeFiles/Makefile2:139: CMakeFiles/mcu_node.dir/all] Error 2
[7.581s] gmake[1]: *** Waiting for unfinished jobs....
[10.299s] [ 75%] [32m[1mLinking CXX executable i2c_manager_node[0m
[12.102s] /usr/bin/ld: CMakeFiles/i2c_manager_node.dir/src/i2c_manager_node.cpp.o: in function `std::enable_if<rosidl_generator_traits::is_message<torsobot_interfaces::msg::Data_<std::allocator<void> > >::value, rosidl_message_type_support_t const&>::type rclcpp::get_message_type_support_handle<torsobot_interfaces::msg::Data_<std::allocator<void> > >()':
[12.102s] i2c_manager_node.cpp:(.text._ZN6rclcpp31get_message_type_support_handleIN19torsobot_interfaces3msg5Data_ISaIvEEEEENSt9enable_ifIXsrN23rosidl_generator_traits10is_messageIT_EE5valueERK29rosidl_message_type_support_tE4typeEv[_ZN6rclcpp31get_message_type_support_handleIN19torsobot_interfaces3msg5Data_ISaIvEEEEENSt9enable_ifIXsrN23rosidl_generator_traits10is_messageIT_EE5valueERK29rosidl_message_type_support_tE4typeEv]+0xc): undefined reference to `rosidl_message_type_support_t const* rosidl_typesupport_cpp::get_message_type_support_handle<torsobot_interfaces::msg::Data_<std::allocator<void> > >()'
[12.126s] collect2: error: ld returned 1 exit status
[12.127s] gmake[2]: *** [CMakeFiles/i2c_manager_node.dir/build.make:180: i2c_manager_node] Error 1
[12.128s] gmake[1]: *** [CMakeFiles/Makefile2:165: CMakeFiles/i2c_manager_node.dir/all] Error 2
[12.128s] gmake: *** [Makefile:146: all] Error 2
[12.131s] Invoked command in '/home/pi/torsobot/Code/Code/ros2_ws/build/torsobot' returned '2': CMAKE_PREFIX_PATH=/home/pi/torsobot/Code/Code/ros2_ws/install/torsobot_interfaces:/home/pi/torsobot/Code/Code/ros2_ws/install/torsobot:/home/pi/ros2_jazzy/install/rosbag2:/home/pi/ros2_jazzy/install/rosbag2_storage_default_plugins:/home/pi/ros2_jazzy/install/rosbag2_storage_mcap:/home/pi/ros2_jazzy/install/rosbag2_compression_zstd:/home/pi/ros2_jazzy/install/mcap_vendor:/home/pi/ros2_jazzy/install/zstd_vendor:/home/pi/ros2_jazzy/install/rviz_visual_testing_framework:/home/pi/ros2_jazzy/install/rviz2:/home/pi/ros2_jazzy/install/rviz_default_plugins:/home/pi/ros2_jazzy/install/rviz_common:/home/pi/ros2_jazzy/install/rosbag2_py:/home/pi/ros2_jazzy/install/rosbag2_transport:/home/pi/ros2_jazzy/install/rosbag2_storage_sqlite3:/home/pi/ros2_jazzy/install/rosbag2_examples_cpp:/home/pi/ros2_jazzy/install/rosbag2_compression:/home/pi/ros2_jazzy/install/rosbag2_cpp:/home/pi/ros2_jazzy/install/rosbag2_storage:/home/pi/ros2_jazzy/install/image_common:/home/pi/ros2_jazzy/install/camera_info_manager:/home/pi/ros2_jazzy/install/camera_calibration_parsers:/home/pi/ros2_jazzy/install/yaml_cpp_vendor/opt/yaml_cpp_vendor:/home/pi/ros2_jazzy/install/yaml_cpp_vendor:/home/pi/ros2_jazzy/install/interactive_markers:/home/pi/ros2_jazzy/install/common_interfaces:/home/pi/ros2_jazzy/install/visualization_msgs:/home/pi/ros2_jazzy/install/dummy_robot_bringup:/home/pi/ros2_jazzy/install/robot_state_publisher:/home/pi/ros2_jazzy/install/kdl_parser:/home/pi/ros2_jazzy/install/urdf:/home/pi/ros2_jazzy/install/urdfdom:/home/pi/ros2_jazzy/install/urdf_parser_plugin:/home/pi/ros2_jazzy/install/urdfdom_headers:/home/pi/ros2_jazzy/install/turtlesim:/home/pi/ros2_jazzy/install/trajectory_msgs:/home/pi/ros2_jazzy/install/topic_statistics_demo:/home/pi/ros2_jazzy/install/pendulum_control:/home/pi/ros2_jazzy/install/tlsf_cpp:/home/pi/ros2_jazzy/install/geometry2:/home/pi/ros2_jazzy/install/tf2_sensor_msgs:/home/pi/ros2_jazzy/install/test_tf2:/home/pi/ros2_jazzy/install/tf2_kdl:/home/pi/ros2_jazzy/install/tf2_geometry_msgs:/home/pi/ros2_jazzy/install/tf2_eigen:/home/pi/ros2_jazzy/install/tf2_bullet:/home/pi/ros2_jazzy/install/tf2_ros:/home/pi/ros2_jazzy/install/tf2_py:/home/pi/ros2_jazzy/install/tf2_msgs:/home/pi/ros2_jazzy/install/tf2_eigen_kdl:/home/pi/ros2_jazzy/install/laser_geometry:/home/pi/ros2_jazzy/install/tf2:/home/pi/ros2_jazzy/install/test_tracetools:/home/pi/ros2_jazzy/install/test_msgs:/home/pi/ros2_jazzy/install/test_communication:/home/pi/ros2_jazzy/install/stereo_msgs:/home/pi/ros2_jazzy/install/std_srvs:/home/pi/ros2_jazzy/install/shape_msgs:/home/pi/ros2_jazzy/install/quality_of_service_demo_cpp:/home/pi/ros2_jazzy/install/point_cloud_transport_py:/home/pi/ros2_jazzy/install/point_cloud_transport:/home/pi/ros2_jazzy/install/map_msgs:/home/pi/ros2_jazzy/install/intra_process_demo:/home/pi/ros2_jazzy/install/image_transport:/home/pi/ros2_jazzy/install/image_tools:/home/pi/ros2_jazzy/install/dummy_sensors:/home/pi/ros2_jazzy/install/sensor_msgs:/home/pi/ros2_jazzy/install/ros2cli_common_extensions:/home/pi/ros2_jazzy/install/dummy_map_server:/home/pi/ros2_jazzy/install/nav_msgs:/home/pi/ros2_jazzy/install/message_filters:/home/pi/ros2_jazzy/install/logging_demo:/home/pi/ros2_jazzy/install/lifecycle:/home/pi/ros2_jazzy/install/diagnostic_msgs:/home/pi/ros2_jazzy/install/geometry_msgs:/home/pi/ros2_jazzy/install/examples_rclcpp_wait_set:/home/pi/ros2_jazzy/install/examples_rclcpp_multithreaded_executor:/home/pi/ros2_jazzy/install/examples_rclcpp_minimal_subscriber:/home/pi/ros2_jazzy/install/examples_rclcpp_minimal_publisher:/home/pi/ros2_jazzy/install/examples_rclcpp_minimal_composition:/home/pi/ros2_jazzy/install/examples_rclcpp_cbg_executor:/home/pi/ros2_jazzy/install/demo_nodes_cpp_native:/home/pi/ros2_jazzy/install/demo_nodes_cpp:/home/pi/ros2_jazzy/install/composition:/home/pi/ros2_jazzy/install/actionlib_msgs:/home/pi/ros2_jazzy/install/std_msgs:/home/pi/ros2_jazzy/install/rqt_gui_cpp:/home/pi/ros2_jazzy/install/rosbag2_test_common:/home/pi/ros2_jazzy/install/ros2lifecycle_test_fixtures:/home/pi/ros2_jazzy/install/rclcpp_lifecycle:/home/pi/ros2_jazzy/install/action_tutorials_cpp:/home/pi/ros2_jazzy/install/rclcpp_components:/home/pi/ros2_jazzy/install/examples_rclcpp_minimal_action_server:/home/pi/ros2_jazzy/install/examples_rclcpp_minimal_action_client:/home/pi/ros2_jazzy/install/rclcpp_action:/home/pi/ros2_jazzy/install/examples_rclcpp_minimal_timer:/home/pi/ros2_jazzy/install/examples_rclcpp_minimal_service:/home/pi/ros2_jazzy/install/examples_rclcpp_minimal_client:/home/pi/ros2_jazzy/install/examples_rclcpp_async_client:/home/pi/ros2_jazzy/install/rclcpp:/home/pi/ros2_jazzy/install/libstatistics_collector:/home/pi/ros2_jazzy/install/statistics_msgs:/home/pi/ros2_jazzy/install/sros2_cmake:/home/pi/ros2_jazzy/install/rqt_py_common:/home/pi/ros2_jazzy/install/ros_testing:/home/pi/ros2_jazzy/install/rclpy:/home/pi/ros2_jazzy/install/rosgraph_msgs:/home/pi/ros2_jazzy/install/rosbag2_interfaces:/home/pi/ros2_jazzy/install/ros2cli_test_interfaces:/home/pi/ros2_jazzy/install/rcl_lifecycle:/home/pi/ros2_jazzy/install/rcl_action:/home/pi/ros2_jazzy/install/rcl:/home/pi/ros2_jazzy/install/rmw_implementation:/home/pi/ros2_jazzy/install/rmw_fastrtps_dynamic_cpp:/home/pi/ros2_jazzy/install/rmw_fastrtps_cpp:/home/pi/ros2_jazzy/install/rmw_fastrtps_shared_cpp:/home/pi/ros2_jazzy/install/rmw_cyclonedds_cpp:/home/pi/ros2_jazzy/install/rmw_connextddsmicro:/home/pi/ros2_jazzy/install/rmw_connextdds:/home/pi/ros2_jazzy/install/rmw_connextdds_common:/home/pi/ros2_jazzy/install/rmw_dds_common:/home/pi/ros2_jazzy/install/composition_interfaces:/home/pi/ros2_jazzy/install/rcl_interfaces:/home/pi/ros2_jazzy/install/pendulum_msgs:/home/pi/ros2_jazzy/install/lifecycle_msgs:/home/pi/ros2_jazzy/install/example_interfaces:/home/pi/ros2_jazzy/install/action_tutorials_interfaces:/home/pi/ros2_jazzy/install/rosidl_default_runtime:/home/pi/ros2_jazzy/install/rosidl_default_generators:/home/pi/ros2_jazzy/install/action_msgs:/home/pi/ros2_jazzy/install/unique_identifier_msgs:/home/pi/ros2_jazzy/install/type_description_interfaces:/home/pi/ros2_jazzy/install/service_msgs:/home/pi/ros2_jazzy/install/builtin_interfaces:/home/pi/ros2_jazzy/install/rosidl_core_runtime:/home/pi/ros2_jazzy/install/rosidl_core_generators:/home/pi/ros2_jazzy/install/rosidl_generator_py:/home/pi/ros2_jazzy/install/ament_lint_common:/home/pi/ros2_jazzy/install/ament_cmake_uncrustify:/home/pi/ros2_jazzy/install/uncrustify_vendor:/home/pi/ros2_jazzy/install/tracetools:/home/pi/ros2_jazzy/install/tlsf:/home/pi/ros2_jazzy/install/qt_gui_core:/home/pi/ros2_jazzy/install/qt_gui_cpp:/home/pi/ros2_jazzy/install/pluginlib:/home/pi/ros2_jazzy/install/tinyxml2_vendor:/home/pi/ros2_jazzy/install/test_security:/home/pi/ros2_jazzy/install/test_rmw_implementation:/home/pi/ros2_jazzy/install/test_rclcpp:/home/pi/ros2_jazzy/install/test_quality_of_service:/home/pi/ros2_jazzy/install/test_launch_testing:/home/pi/ros2_jazzy/install/test_interface_files:/home/pi/ros2_jazzy/install/test_cli_remapping:/home/pi/ros2_jazzy/install/test_cli:/home/pi/ros2_jazzy/install/qt_gui_app:/home/pi/ros2_jazzy/install/qt_gui:/home/pi/ros2_jazzy/install/tango_icons_vendor:/home/pi/ros2_jazzy/install/sqlite3_vendor:/home/pi/ros2_jazzy/install/rcl_logging_spdlog:/home/pi/ros2_jazzy/install/spdlog_vendor:/home/pi/ros2_jazzy/install/shared_queues_vendor:/home/pi/ros2_jazzy/install/rviz_rendering_tests:/home/pi/ros2_jazzy/install/rviz_rendering:/home/pi/ros2_jazzy/install/rviz_ogre_vendor:/home/pi/ros2_jazzy/install/rviz_assimp_vendor:/home/pi/ros2_jazzy/install/rttest:/home/pi/ros2_jazzy/install/rti_connext_dds_cmake_module:/home/pi/ros2_jazzy/install/lttngpy:/home/pi/ros2_jazzy/install/rosidl_typesupport_tests:/home/pi/ros2_jazzy/install/rosidl_typesupport_introspection_tests:/home/pi/ros2_jazzy/install/rosidl_typesupport_cpp:/home/pi/ros2_jazzy/install/rosidl_typesupport_introspection_cpp:/home/pi/ros2_jazzy/install/rosidl_typesupport_c:/home/pi/ros2_jazzy/install/rosidl_typesupport_introspection_c:/home/pi/ros2_jazzy/install/rosidl_typesupport_fastrtps_c:/home/pi/ros2_jazzy/install/rosidl_typesupport_fastrtps_cpp:/home/pi/ros2_jazzy/install/rosidl_generator_cpp:/home/pi/ros2_jazzy/install/rosidl_runtime_cpp:/home/pi/ros2_jazzy/install/rosidl_dynamic_typesupport_fastrtps:/home/pi/ros2_jazzy/install/rcl_yaml_param_parser:/home/pi/ros2_jazzy/install/rmw:/home/pi/ros2_jazzy/install/rosidl_dynamic_typesupport:/home/pi/ros2_jazzy/install/rosidl_runtime_c:/home/pi/ros2_jazzy/install/rosidl_generator_c:/home/pi/ros2_jazzy/install/rosidl_typesupport_interface:/home/pi/ros2_jazzy/install/rosidl_generator_dds_idl:/home/pi/ros2_jazzy/install/rosidl_cmake:/home/pi/ros2_jazzy/install/rosidl_generator_type_description:/home/pi/ros2_jazzy/install/rosidl_parser:/home/pi/ros2_jazzy/install/rosidl_generator_tests:/home/pi/ros2_jazzy/install/rosidl_adapter:/home/pi/ros2_jazzy/install/rosbag2_tests:/home/pi/ros2_jazzy/install/rosbag2_test_msgdefs:/home/pi/ros2_jazzy/install/ros_environment:/home/pi/ros2_jazzy/install/rmw_implementation_cmake:/home/pi/ros2_jazzy/install/resource_retriever:/home/pi/ros2_jazzy/install/class_loader:/home/pi/ros2_jazzy/install/rcpputils:/home/pi/ros2_jazzy/install/rcl_logging_noop:/home/pi/ros2_jazzy/install/rcl_logging_interface:/home/pi/ros2_jazzy/install/rcutils:/home/pi/ros2_jazzy/install/qt_gui_py_common:/home/pi/ros2_jazzy/install/qt_dotgraph:/home/pi/ros2_jazzy/install/python_qt_binding:/home/pi/ros2_jazzy/install/python_orocos_kdl_vendor:/home/pi/ros2_jazzy/install/launch_testing_ament_cmake:/home/pi/ros2_jazzy/install/python_cmake_module:/home/pi/ros2_jazzy/install/pybind11_vendor:/home/pi/ros2_jazzy/install/performance_test_fixture:/home/pi/ros2_jazzy/install/osrf_testing_tools_cpp:/home/pi/ros2_jazzy/install/orocos_kdl_vendor:/home/pi/ros2_jazzy/install/mimick_vendor:/home/pi/ros2_jazzy/install/libyaml_vendor:/home/pi/ros2_jazzy/install/liblz4_vendor:/home/pi/ros2_jazzy/install/libcurl_vendor:/home/pi/ros2_jazzy/install/keyboard_handler:/home/pi/ros2_jazzy/install/iceoryx_introspection:/home/pi/ros2_jazzy/install/cyclonedds:/home/pi/ros2_jazzy/install/iceoryx_posh:/home/pi/ros2_jazzy/install/iceoryx_hoofs:/home/pi/ros2_jazzy/install/iceoryx_binding_c:/home/pi/ros2_jazzy/install/gz_math_vendor/opt/gz_math_vendor:/home/pi/ros2_jazzy/install/gz_math_vendor:/home/pi/ros2_jazzy/install/gz_utils_vendor/opt/gz_utils_vendor:/home/pi/ros2_jazzy/install/gz_utils_vendor:/home/pi/ros2_jazzy/install/gz_cmake_vendor/opt/gz_cmake_vendor:/home/pi/ros2_jazzy/install/gz_cmake_vendor:/home/pi/ros2_jazzy/install/ament_cmake_ros:/home/pi/ros2_jazzy/install/ament_cmake_auto:/home/pi/ros2_jazzy/install/ament_cmake_gmock:/home/pi/ros2_jazzy/install/gmock_vendor:/home/pi/ros2_jazzy/install/fastrtps:/home/pi/ros2_jazzy/install/fastcdr:/home/pi/ros2_jazzy/install/ament_cmake_gtest:/home/pi/ros2_jazzy/install/gtest_vendor:/home/pi/ros2_jazzy/install/ament_cmake_google_benchmark:/home/pi/ros2_jazzy/install/google_benchmark_vendor:/home/pi/ros2_jazzy/install/foonathan_memory_vendor:/home/pi/ros2_jazzy/install/fastrtps_cmake_module:/home/pi/ros2_jazzy/install/eigen3_cmake_module:/home/pi/ros2_jazzy/install/console_bridge_vendor:/home/pi/ros2_jazzy/install/ament_cmake_xmllint:/home/pi/ros2_jazzy/install/ament_cmake_pyflakes:/home/pi/ros2_jazzy/install/ament_cmake_pycodestyle:/home/pi/ros2_jazzy/install/ament_cmake_pep257:/home/pi/ros2_jazzy/install/ament_cmake_pclint:/home/pi/ros2_jazzy/install/ament_lint_auto:/home/pi/ros2_jazzy/install/ament_cmake:/home/pi/ros2_jazzy/install/ament_cmake_version:/home/pi/ros2_jazzy/install/ament_cmake_vendor_package:/home/pi/ros2_jazzy/install/ament_cmake_pytest:/home/pi/ros2_jazzy/install/ament_cmake_mypy:/home/pi/ros2_jazzy/install/ament_cmake_lint_cmake:/home/pi/ros2_jazzy/install/ament_cmake_flake8:/home/pi/ros2_jazzy/install/ament_cmake_cpplint:/home/pi/ros2_jazzy/install/ament_cmake_cppcheck:/home/pi/ros2_jazzy/install/ament_cmake_copyright:/home/pi/ros2_jazzy/install/ament_cmake_clang_tidy:/home/pi/ros2_jazzy/install/ament_cmake_clang_format:/home/pi/ros2_jazzy/install/ament_cmake_test:/home/pi/ros2_jazzy/install/ament_cmake_target_dependencies:/home/pi/ros2_jazzy/install/ament_cmake_python:/home/pi/ros2_jazzy/install/ament_cmake_export_dependencies:/home/pi/ros2_jazzy/install/ament_cmake_libraries:/home/pi/ros2_jazzy/install/ament_cmake_include_directories:/home/pi/ros2_jazzy/install/ament_cmake_gen_version_h:/home/pi/ros2_jazzy/install/ament_cmake_export_targets:/home/pi/ros2_jazzy/install/ament_cmake_export_link_flags:/home/pi/ros2_jazzy/install/ament_cmake_export_interfaces:/home/pi/ros2_jazzy/install/ament_cmake_export_libraries:/home/pi/ros2_jazzy/install/ament_cmake_export_include_directories:/home/pi/ros2_jazzy/install/ament_cmake_export_definitions:/home/pi/ros2_jazzy/install/ament_cmake_core:/home/pi/ros2_jazzy/install/ament_index_cpp:/home/pi/ros2_jazzy/install/rqt_bag_plugins:/home/pi/ros2_jazzy/install/rqt_bag:/home/pi/ros2_jazzy/install/rosbag2_examples_py:/home/pi/ros2_jazzy/install/launch_testing_examples:/home/pi/ros2_jazzy/install/ros2bag:/home/pi/ros2_jazzy/install/tracetools_test:/home/pi/ros2_jazzy/install/tracetools_launch:/home/pi/ros2_jazzy/install/topic_monitor:/home/pi/ros2_jazzy/install/tf2_tools:/home/pi/ros2_jazzy/install/examples_tf2_py:/home/pi/ros2_jazzy/install/tf2_ros_py:/home/pi/ros2_jazzy/install/examples_rclpy_pointcloud_publisher:/home/pi/ros2_jazzy/install/sensor_msgs_py:/home/pi/ros2_jazzy/install/quality_of_service_demo_py:/home/pi/ros2_jazzy/install/rqt_plot:/home/pi/ros2_jazzy/install/ros2doctor:/home/pi/ros2_jazzy/install/lifecycle_py:/home/pi/ros2_jazzy/install/examples_rclpy_minimal_subscriber:/home/pi/ros2_jazzy/install/examples_rclpy_minimal_service:/home/pi/ros2_jazzy/install/examples_rclpy_minimal_publisher:/home/pi/ros2_jazzy/install/examples_rclpy_minimal_client:/home/pi/ros2_jazzy/install/examples_rclpy_executors:/home/pi/ros2_jazzy/install/demo_nodes_py:/home/pi/ros2_jazzy/install/rqt:/home/pi/ros2_jazzy/install/ros2component:/home/pi/ros2_jazzy/install/sros2:/home/pi/ros2_jazzy/install/rqt_topic:/home/pi/ros2_jazzy/install/rqt_srv:/home/pi/ros2_jazzy/install/rqt_shell:/home/pi/ros2_jazzy/install/rqt_service_caller:/home/pi/ros2_jazzy/install/rqt_reconfigure:/home/pi/ros2_jazzy/install/rqt_py_console:/home/pi/ros2_jazzy/install/rqt_publisher:/home/pi/ros2_jazzy/install/rqt_action:/home/pi/ros2_jazzy/install/rqt_msg:/home/pi/ros2_jazzy/install/rqt_console:/home/pi/ros2_jazzy/install/rqt_graph:/home/pi/ros2_jazzy/install/rqt_gui_py:/home/pi/ros2_jazzy/install/rqt_gui:/home/pi/ros2_jazzy/install/ros2trace:/home/pi/ros2_jazzy/install/ros2topic:/home/pi/ros2_jazzy/install/ros2test:/home/pi/ros2_jazzy/install/ros2param:/home/pi/ros2_jazzy/install/ros2lifecycle:/home/pi/ros2_jazzy/install/ros2service:/home/pi/ros2_jazzy/install/ros2run:/home/pi/ros2_jazzy/install/ros2launch:/home/pi/ros2_jazzy/install/ros2pkg:/home/pi/ros2_jazzy/install/ros2node:/home/pi/ros2_jazzy/install/ros2multicast:/home/pi/ros2_jazzy/install/ros2interface:/home/pi/ros2_jazzy/install/ros2action:/home/pi/ros2_jazzy/install/ros2cli:/home/pi/ros2_jazzy/install/launch_testing_ros:/home/pi/ros2_jazzy/install/launch_ros:/home/pi/ros2_jazzy/install/examples_rclpy_minimal_action_server:/home/pi/ros2_jazzy/install/examples_rclpy_minimal_action_client:/home/pi/ros2_jazzy/install/examples_rclpy_guard_conditions:/home/pi/ros2_jazzy/install/action_tutorials_py:/home/pi/ros2_jazzy/install/ament_uncrustify:/home/pi/ros2_jazzy/install/tracetools_trace:/home/pi/ros2_jazzy/install/tracetools_read:/home/pi/ros2_jazzy/install/test_tracetools_launch:/home/pi/ros2_jazzy/install/test_ros2trace:/home/pi/ros2_jazzy/install/test_launch_ros:/home/pi/ros2_jazzy/install/rpyutils:/home/pi/ros2_jazzy/install/rosidl_runtime_py:/home/pi/ros2_jazzy/install/rosidl_pycommon:/home/pi/ros2_jazzy/install/rosidl_cli:/home/pi/ros2_jazzy/install/launch_pytest:/home/pi/ros2_jazzy/install/launch_testing:/home/pi/ros2_jazzy/install/launch_yaml:/home/pi/ros2_jazzy/install/launch_xml:/home/pi/ros2_jazzy/install/launch:/home/pi/ros2_jazzy/install/osrf_pycommon:/home/pi/ros2_jazzy/install/domain_coordinator:/home/pi/ros2_jazzy/install/ament_xmllint:/home/pi/ros2_jazzy/install/ament_pyflakes:/home/pi/ros2_jazzy/install/ament_pycodestyle:/home/pi/ros2_jazzy/install/ament_pep257:/home/pi/ros2_jazzy/install/ament_pclint:/home/pi/ros2_jazzy/install/ament_package:/home/pi/ros2_jazzy/install/ament_mypy:/home/pi/ros2_jazzy/install/ament_lint_cmake:/home/pi/ros2_jazzy/install/ament_flake8:/home/pi/ros2_jazzy/install/ament_copyright:/home/pi/ros2_jazzy/install/ament_lint:/home/pi/ros2_jazzy/install/ament_index_python:/home/pi/ros2_jazzy/install/ament_cpplint:/home/pi/ros2_jazzy/install/ament_cppcheck:/home/pi/ros2_jazzy/install/ament_clang_tidy:/home/pi/ros2_jazzy/install/ament_clang_format /usr/bin/cmake --build /home/pi/torsobot/Code/Code/ros2_ws/build/torsobot -- -j4 -l4
