[ 50%] [32mBuilding CXX object CMakeFiles/data_logger_node.dir/src/data_logger_node.cpp.o[0m
[ 75%] Built target mcu_node
[01m[K/home/pi/torsobot/Code/Code/ros2_ws/src/torsobot/src/data_logger_node.cpp:[m[K In constructor â€˜[01m[KDataLoggerNode::DataLoggerNode()[m[Kâ€™:
[01m[K/home/pi/torsobot/Code/Code/ros2_ws/src/torsobot/src/data_logger_node.cpp:48:36:[m[K [01;31m[Kerror: [m[Kâ€˜[01m[KdataCallback[m[Kâ€™ is not a member of â€˜[01m[KDataLoggerNode[m[Kâ€™
   48 |         std::bind(&DataLoggerNode::[01;31m[KdataCallback[m[K, this, std::placeholders::_1));
      |                                    [01;31m[K^~~~~~~~~~~~[m[K
gmake[2]: *** [CMakeFiles/data_logger_node.dir/build.make:76: CMakeFiles/data_logger_node.dir/src/data_logger_node.cpp.o] Error 1
gmake[1]: *** [CMakeFiles/Makefile2:165: CMakeFiles/data_logger_node.dir/all] Error 2
gmake: *** [Makefile:146: all] Error 2
